Reading '/home/cxjl03/project/PDK/skywater-pdk/libraries/sky130_fd_sc_lp/v0.0.1/timing/sky130_fd_sc_lp__ss_140C_1v65.lib' ...
Error: Line 532253, Cell 'sky130_fd_sc_lp__srdlrtp_1', pin 'SLEEP_B', The '1.0000000000' value is invalid for the 'power_gating_pin' attribute.
	Its valid values are literal 1 or 0. (LBDB-3)
Error: Line 532791, Cell 'sky130_fd_sc_lp__srdlstp_1', pin 'SLEEP_B', The '1.0000000000' value is invalid for the 'power_gating_pin' attribute.
	Its valid values are literal 1 or 0. (LBDB-3)
Error: Line 533164, Cell 'sky130_fd_sc_lp__srdlxtp_1', pin 'SLEEP_B', The '1.0000000000' value is invalid for the 'power_gating_pin' attribute.
	Its valid values are literal 1 or 0. (LBDB-3)
Error: Line 535246, Cell 'sky130_fd_sc_lp__srsdfrtn_1', pin 'SLEEP_B', The '1.0000000000' value is invalid for the 'power_gating_pin' attribute.
	Its valid values are literal 1 or 0. (LBDB-3)
Error: Line 535846, Cell 'sky130_fd_sc_lp__srsdfrtp_1', pin 'SLEEP_B', The '1.0000000000' value is invalid for the 'power_gating_pin' attribute.
	Its valid values are literal 1 or 0. (LBDB-3)
Error: Line 536446, Cell 'sky130_fd_sc_lp__srsdfstp_1', pin 'SLEEP_B', The '1.0000000000' value is invalid for the 'power_gating_pin' attribute.
	Its valid values are literal 1 or 0. (LBDB-3)
Error: Line 536929, Cell 'sky130_fd_sc_lp__srsdfxtp_1', pin 'SLEEP_B', The '1.0000000000' value is invalid for the 'power_gating_pin' attribute.
	Its valid values are literal 1 or 0. (LBDB-3)
Warning: Line 8, The bus_naming_style contains characters that
	are also used as delimiters in function, three_state, and related_pin
	attributes. Be sure to put spaces around the characters in the [] set
	when supplying values for attributes of the types mentioned.
	Also, surround subscripted pin names with double quotes in pin groups. (LBDB-175)
Warning: Line 1, No default 'normalized_driver_waveform" group defined in 'library'. (LBDB-788)
Information: Line 1, There are more than 1 operating_conditions defined in the library. (LBDB-672)
Warning: Line 142680, Cell 'sky130_fd_sc_lp__a41o_0', pin 'B1', The pin 'B1' does not have a internal_power group. (LBDB-607)
Warning: Line 144382, Cell 'sky130_fd_sc_lp__a41o_1', pin 'B1', The pin 'B1' does not have a internal_power group. (LBDB-607)
Warning: Line 146084, Cell 'sky130_fd_sc_lp__a41o_2', pin 'B1', The pin 'B1' does not have a internal_power group. (LBDB-607)
Warning: Line 147786, Cell 'sky130_fd_sc_lp__a41o_4', pin 'B1', The pin 'B1' does not have a internal_power group. (LBDB-607)
Warning: Line 149488, Cell 'sky130_fd_sc_lp__a41o_lp', pin 'B1', The pin 'B1' does not have a internal_power group. (LBDB-607)
Warning: Line 151192, Cell 'sky130_fd_sc_lp__a41o_m', pin 'B1', The pin 'B1' does not have a internal_power group. (LBDB-607)
Warning: Line 180480, Cell 'sky130_fd_sc_lp__buf_0', pin 'A', The pin 'A' does not have a internal_power group. (LBDB-607)
Warning: Line 180631, Cell 'sky130_fd_sc_lp__buf_1', pin 'A', The pin 'A' does not have a internal_power group. (LBDB-607)
Warning: Line 180782, Cell 'sky130_fd_sc_lp__buf_16', pin 'A', The pin 'A' does not have a internal_power group. (LBDB-607)
Warning: Line 180933, Cell 'sky130_fd_sc_lp__buf_2', pin 'A', The pin 'A' does not have a internal_power group. (LBDB-607)
Warning: Line 181084, Cell 'sky130_fd_sc_lp__buf_4', pin 'A', The pin 'A' does not have a internal_power group. (LBDB-607)
Warning: Line 181235, Cell 'sky130_fd_sc_lp__buf_8', pin 'A', The pin 'A' does not have a internal_power group. (LBDB-607)
Warning: Line 181386, Cell 'sky130_fd_sc_lp__buf_lp', pin 'A', The pin 'A' does not have a internal_power group. (LBDB-607)
Warning: Line 181539, Cell 'sky130_fd_sc_lp__buf_m', pin 'A', The pin 'A' does not have a internal_power group. (LBDB-607)
Warning: Line 181690, Cell 'sky130_fd_sc_lp__bufbuf_16', pin 'A', The pin 'A' does not have a internal_power group. (LBDB-607)
Warning: Line 181841, Cell 'sky130_fd_sc_lp__bufbuf_8', pin 'A', The pin 'A' does not have a internal_power group. (LBDB-607)
Warning: Line 181992, Cell 'sky130_fd_sc_lp__bufinv_16', pin 'A', The pin 'A' does not have a internal_power group. (LBDB-607)
Warning: Line 182143, Cell 'sky130_fd_sc_lp__bufinv_8', pin 'A', The pin 'A' does not have a internal_power group. (LBDB-607)
Warning: Line 182300, Cell 'sky130_fd_sc_lp__bufkapwr_1', pin 'A', The pin 'A' does not have a internal_power group. (LBDB-607)
Warning: Line 182457, Cell 'sky130_fd_sc_lp__bufkapwr_2', pin 'A', The pin 'A' does not have a internal_power group. (LBDB-607)
Warning: Line 182614, Cell 'sky130_fd_sc_lp__bufkapwr_4', pin 'A', The pin 'A' does not have a internal_power group. (LBDB-607)
Warning: Line 182771, Cell 'sky130_fd_sc_lp__bufkapwr_8', pin 'A', The pin 'A' does not have a internal_power group. (LBDB-607)
Warning: Line 182924, Cell 'sky130_fd_sc_lp__buflp_0', pin 'A', The pin 'A' does not have a internal_power group. (LBDB-607)
Warning: Line 183075, Cell 'sky130_fd_sc_lp__buflp_1', pin 'A', The pin 'A' does not have a internal_power group. (LBDB-607)
Warning: Line 183226, Cell 'sky130_fd_sc_lp__buflp_2', pin 'A', The pin 'A' does not have a internal_power group. (LBDB-607)
Warning: Line 183377, Cell 'sky130_fd_sc_lp__buflp_4', pin 'A', The pin 'A' does not have a internal_power group. (LBDB-607)
Warning: Line 183528, Cell 'sky130_fd_sc_lp__buflp_8', pin 'A', The pin 'A' does not have a internal_power group. (LBDB-607)
Warning: Line 183681, Cell 'sky130_fd_sc_lp__buflp_m', pin 'A', The pin 'A' does not have a internal_power group. (LBDB-607)
Warning: Line 183834, Cell 'sky130_fd_sc_lp__clkbuf_0', pin 'A', The pin 'A' does not have a internal_power group. (LBDB-607)
Warning: Line 183985, Cell 'sky130_fd_sc_lp__clkbuf_1', pin 'A', The pin 'A' does not have a internal_power group. (LBDB-607)
Warning: Line 184136, Cell 'sky130_fd_sc_lp__clkbuf_16', pin 'A', The pin 'A' does not have a internal_power group. (LBDB-607)
Warning: Line 184287, Cell 'sky130_fd_sc_lp__clkbuf_2', pin 'A', The pin 'A' does not have a internal_power group. (LBDB-607)
Warning: Line 184438, Cell 'sky130_fd_sc_lp__clkbuf_4', pin 'A', The pin 'A' does not have a internal_power group. (LBDB-607)
Warning: Line 184589, Cell 'sky130_fd_sc_lp__clkbuf_8', pin 'A', The pin 'A' does not have a internal_power group. (LBDB-607)
Warning: Line 184740, Cell 'sky130_fd_sc_lp__clkbuf_lp', pin 'A', The pin 'A' does not have a internal_power group. (LBDB-607)
Warning: Line 184891, Cell 'sky130_fd_sc_lp__clkbuflp_16', pin 'A', The pin 'A' does not have a internal_power group. (LBDB-607)
Warning: Line 185042, Cell 'sky130_fd_sc_lp__clkbuflp_2', pin 'A', The pin 'A' does not have a internal_power group. (LBDB-607)
Warning: Line 185193, Cell 'sky130_fd_sc_lp__clkbuflp_4', pin 'A', The pin 'A' does not have a internal_power group. (LBDB-607)
Warning: Line 185344, Cell 'sky130_fd_sc_lp__clkbuflp_8', pin 'A', The pin 'A' does not have a internal_power group. (LBDB-607)
Warning: Line 185495, Cell 'sky130_fd_sc_lp__clkdlybuf4s15_1', pin 'A', The pin 'A' does not have a internal_power group. (LBDB-607)
Warning: Line 185646, Cell 'sky130_fd_sc_lp__clkdlybuf4s15_2', pin 'A', The pin 'A' does not have a internal_power group. (LBDB-607)
Warning: Line 185797, Cell 'sky130_fd_sc_lp__clkdlybuf4s18_1', pin 'A', The pin 'A' does not have a internal_power group. (LBDB-607)
Warning: Line 185948, Cell 'sky130_fd_sc_lp__clkdlybuf4s18_2', pin 'A', The pin 'A' does not have a internal_power group. (LBDB-607)
Warning: Line 186099, Cell 'sky130_fd_sc_lp__clkdlybuf4s25_1', pin 'A', The pin 'A' does not have a internal_power group. (LBDB-607)
Warning: Line 186250, Cell 'sky130_fd_sc_lp__clkdlybuf4s25_2', pin 'A', The pin 'A' does not have a internal_power group. (LBDB-607)
Warning: Line 186401, Cell 'sky130_fd_sc_lp__clkdlybuf4s50_1', pin 'A', The pin 'A' does not have a internal_power group. (LBDB-607)
Warning: Line 186552, Cell 'sky130_fd_sc_lp__clkdlybuf4s50_2', pin 'A', The pin 'A' does not have a internal_power group. (LBDB-607)
Warning: Line 186705, Cell 'sky130_fd_sc_lp__clkinv_0', pin 'A', The pin 'A' does not have a internal_power group. (LBDB-607)
Warning: Line 186856, Cell 'sky130_fd_sc_lp__clkinv_1', pin 'A', The pin 'A' does not have a internal_power group. (LBDB-607)
Warning: Line 187007, Cell 'sky130_fd_sc_lp__clkinv_16', pin 'A', The pin 'A' does not have a internal_power group. (LBDB-607)
Warning: Line 187158, Cell 'sky130_fd_sc_lp__clkinv_2', pin 'A', The pin 'A' does not have a internal_power group. (LBDB-607)
Warning: Line 187309, Cell 'sky130_fd_sc_lp__clkinv_4', pin 'A', The pin 'A' does not have a internal_power group. (LBDB-607)
Warning: Line 187460, Cell 'sky130_fd_sc_lp__clkinv_8', pin 'A', The pin 'A' does not have a internal_power group. (LBDB-607)
Warning: Line 187611, Cell 'sky130_fd_sc_lp__clkinv_lp', pin 'A', The pin 'A' does not have a internal_power group. (LBDB-607)
Warning: Line 187762, Cell 'sky130_fd_sc_lp__clkinv_lp2', pin 'A', The pin 'A' does not have a internal_power group. (LBDB-607)
Warning: Line 187913, Cell 'sky130_fd_sc_lp__clkinvlp_16', pin 'A', The pin 'A' does not have a internal_power group. (LBDB-607)
Warning: Line 188064, Cell 'sky130_fd_sc_lp__clkinvlp_2', pin 'A', The pin 'A' does not have a internal_power group. (LBDB-607)
Warning: Line 188215, Cell 'sky130_fd_sc_lp__clkinvlp_4', pin 'A', The pin 'A' does not have a internal_power group. (LBDB-607)
Warning: Line 188366, Cell 'sky130_fd_sc_lp__clkinvlp_8', pin 'A', The pin 'A' does not have a internal_power group. (LBDB-607)
Information: Line 188493, Cell 'sky130_fd_sc_lp__conb_0', No internal_power information for the 'sky130_fd_sc_lp__conb_0' cell. (LBDB-301)
Warning: Line 188517, Cell 'sky130_fd_sc_lp__conb_0', pin 'HI', The pin 'HI' does not have a internal_power group. (LBDB-607)
Warning: Line 188524, Cell 'sky130_fd_sc_lp__conb_0', pin 'LO', The pin 'LO' does not have a internal_power group. (LBDB-607)
Information: Line 188533, Cell 'sky130_fd_sc_lp__conb_1', No internal_power information for the 'sky130_fd_sc_lp__conb_1' cell. (LBDB-301)
Warning: Line 188557, Cell 'sky130_fd_sc_lp__conb_1', pin 'HI', The pin 'HI' does not have a internal_power group. (LBDB-607)
Warning: Line 188564, Cell 'sky130_fd_sc_lp__conb_1', pin 'LO', The pin 'LO' does not have a internal_power group. (LBDB-607)
Warning: Line 191086, Cell 'sky130_fd_sc_lp__dfrbp_1', pin 'CLK', The port 'CLK' does not have the attribute 'rise_capacitance_range' specified. The value (0.001869, 0.001869) will be assigned to the attribute. (LBDB-1054)
Warning: Line 191086, Cell 'sky130_fd_sc_lp__dfrbp_1', pin 'CLK', The port 'CLK' does not have the attribute 'fall_capacitance_range' specified. The value (0.001740, 0.001740) will be assigned to the attribute. (LBDB-1054)
Warning: Line 191108, Cell 'sky130_fd_sc_lp__dfrbp_1', pin 'D', The port 'D' does not have the attribute 'rise_capacitance_range' specified. The value (0.001755, 0.001755) will be assigned to the attribute. (LBDB-1054)
Warning: Line 191108, Cell 'sky130_fd_sc_lp__dfrbp_1', pin 'D', The port 'D' does not have the attribute 'fall_capacitance_range' specified. The value (0.001591, 0.001591) will be assigned to the attribute. (LBDB-1054)
Warning: Line 191552, Cell 'sky130_fd_sc_lp__dfrbp_1', pin 'RESET_B', The port 'RESET_B' does not have the attribute 'rise_capacitance_range' specified. The value (0.005384, 0.005384) will be assigned to the attribute. (LBDB-1054)
Warning: Line 191552, Cell 'sky130_fd_sc_lp__dfrbp_1', pin 'RESET_B', The port 'RESET_B' does not have the attribute 'fall_capacitance_range' specified. The value (0.005350, 0.005350) will be assigned to the attribute. (LBDB-1054)
Warning: Line 191645, Cell 'sky130_fd_sc_lp__dfrbp_2', pin 'CLK', The port 'CLK' does not have the attribute 'rise_capacitance_range' specified. The value (0.001875, 0.001875) will be assigned to the attribute. (LBDB-1054)
Warning: Line 191645, Cell 'sky130_fd_sc_lp__dfrbp_2', pin 'CLK', The port 'CLK' does not have the attribute 'fall_capacitance_range' specified. The value (0.001741, 0.001741) will be assigned to the attribute. (LBDB-1054)
Warning: Line 191667, Cell 'sky130_fd_sc_lp__dfrbp_2', pin 'D', The port 'D' does not have the attribute 'rise_capacitance_range' specified. The value (0.001758, 0.001758) will be assigned to the attribute. (LBDB-1054)
Warning: Line 191667, Cell 'sky130_fd_sc_lp__dfrbp_2', pin 'D', The port 'D' does not have the attribute 'fall_capacitance_range' specified. The value (0.001623, 0.001623) will be assigned to the attribute. (LBDB-1054)
Warning: Line 192111, Cell 'sky130_fd_sc_lp__dfrbp_2', pin 'RESET_B', The port 'RESET_B' does not have the attribute 'rise_capacitance_range' specified. The value (0.005431, 0.005431) will be assigned to the attribute. (LBDB-1054)
Warning: Line 192111, Cell 'sky130_fd_sc_lp__dfrbp_2', pin 'RESET_B', The port 'RESET_B' does not have the attribute 'fall_capacitance_range' specified. The value (0.005386, 0.005386) will be assigned to the attribute. (LBDB-1054)
Warning: Line 192204, Cell 'sky130_fd_sc_lp__dfrbp_lp', pin 'CLK', The port 'CLK' does not have the attribute 'rise_capacitance_range' specified. The value (0.002888, 0.002888) will be assigned to the attribute. (LBDB-1054)
Warning: Line 192204, Cell 'sky130_fd_sc_lp__dfrbp_lp', pin 'CLK', The port 'CLK' does not have the attribute 'fall_capacitance_range' specified. The value (0.002699, 0.002699) will be assigned to the attribute. (LBDB-1054)
Warning: Line 192226, Cell 'sky130_fd_sc_lp__dfrbp_lp', pin 'D', The port 'D' does not have the attribute 'rise_capacitance_range' specified. The value (0.002560, 0.002560) will be assigned to the attribute. (LBDB-1054)
Warning: Line 192226, Cell 'sky130_fd_sc_lp__dfrbp_lp', pin 'D', The port 'D' does not have the attribute 'fall_capacitance_range' specified. The value (0.002215, 0.002215) will be assigned to the attribute. (LBDB-1054)
Warning: Line 192670, Cell 'sky130_fd_sc_lp__dfrbp_lp', pin 'RESET_B', The port 'RESET_B' does not have the attribute 'rise_capacitance_range' specified. The value (0.007560, 0.007560) will be assigned to the attribute. (LBDB-1054)
Warning: Line 192670, Cell 'sky130_fd_sc_lp__dfrbp_lp', pin 'RESET_B', The port 'RESET_B' does not have the attribute 'fall_capacitance_range' specified. The value (0.007128, 0.007128) will be assigned to the attribute. (LBDB-1054)
Warning: Line 192763, Cell 'sky130_fd_sc_lp__dfrtn_1', pin 'CLK_N', The port 'CLK_N' does not have the attribute 'rise_capacitance_range' specified. The value (0.001956, 0.001956) will be assigned to the attribute. (LBDB-1054)
Warning: Line 192763, Cell 'sky130_fd_sc_lp__dfrtn_1', pin 'CLK_N', The port 'CLK_N' does not have the attribute 'fall_capacitance_range' specified. The value (0.001831, 0.001831) will be assigned to the attribute. (LBDB-1054)
Warning: Line 192785, Cell 'sky130_fd_sc_lp__dfrtn_1', pin 'D', The port 'D' does not have the attribute 'rise_capacitance_range' specified. The value (0.001694, 0.001694) will be assigned to the attribute. (LBDB-1054)
Warning: Line 192785, Cell 'sky130_fd_sc_lp__dfrtn_1', pin 'D', The port 'D' does not have the attribute 'fall_capacitance_range' specified. The value (0.001686, 0.001686) will be assigned to the attribute. (LBDB-1054)
Warning: Line 193049, Cell 'sky130_fd_sc_lp__dfrtn_1', pin 'RESET_B', The port 'RESET_B' does not have the attribute 'rise_capacitance_range' specified. The value (0.005645, 0.005645) will be assigned to the attribute. (LBDB-1054)
Warning: Line 193049, Cell 'sky130_fd_sc_lp__dfrtn_1', pin 'RESET_B', The port 'RESET_B' does not have the attribute 'fall_capacitance_range' specified. The value (0.005604, 0.005604) will be assigned to the attribute. (LBDB-1054)
Warning: Line 193142, Cell 'sky130_fd_sc_lp__dfrtp_1', pin 'CLK', The port 'CLK' does not have the attribute 'rise_capacitance_range' specified. The value (0.001855, 0.001855) will be assigned to the attribute. (LBDB-1054)
Warning: Line 193142, Cell 'sky130_fd_sc_lp__dfrtp_1', pin 'CLK', The port 'CLK' does not have the attribute 'fall_capacitance_range' specified. The value (0.001713, 0.001713) will be assigned to the attribute. (LBDB-1054)
Warning: Line 193164, Cell 'sky130_fd_sc_lp__dfrtp_1', pin 'D', The port 'D' does not have the attribute 'rise_capacitance_range' specified. The value (0.001627, 0.001627) will be assigned to the attribute. (LBDB-1054)
Warning: Line 193164, Cell 'sky130_fd_sc_lp__dfrtp_1', pin 'D', The port 'D' does not have the attribute 'fall_capacitance_range' specified. The value (0.001554, 0.001554) will be assigned to the attribute. (LBDB-1054)
Warning: Line 193428, Cell 'sky130_fd_sc_lp__dfrtp_1', pin 'RESET_B', The port 'RESET_B' does not have the attribute 'rise_capacitance_range' specified. The value (0.005407, 0.005407) will be assigned to the attribute. (LBDB-1054)
Warning: Line 193428, Cell 'sky130_fd_sc_lp__dfrtp_1', pin 'RESET_B', The port 'RESET_B' does not have the attribute 'fall_capacitance_range' specified. The value (0.005395, 0.005395) will be assigned to the attribute. (LBDB-1054)
Warning: Line 193521, Cell 'sky130_fd_sc_lp__dfrtp_2', pin 'CLK', The port 'CLK' does not have the attribute 'rise_capacitance_range' specified. The value (0.001836, 0.001836) will be assigned to the attribute. (LBDB-1054)
Warning: Line 193521, Cell 'sky130_fd_sc_lp__dfrtp_2', pin 'CLK', The port 'CLK' does not have the attribute 'fall_capacitance_range' specified. The value (0.001697, 0.001697) will be assigned to the attribute. (LBDB-1054)
Warning: Line 193543, Cell 'sky130_fd_sc_lp__dfrtp_2', pin 'D', The port 'D' does not have the attribute 'rise_capacitance_range' specified. The value (0.001659, 0.001659) will be assigned to the attribute. (LBDB-1054)
Warning: Line 193543, Cell 'sky130_fd_sc_lp__dfrtp_2', pin 'D', The port 'D' does not have the attribute 'fall_capacitance_range' specified. The value (0.001699, 0.001699) will be assigned to the attribute. (LBDB-1054)
Warning: Line 193807, Cell 'sky130_fd_sc_lp__dfrtp_2', pin 'RESET_B', The port 'RESET_B' does not have the attribute 'rise_capacitance_range' specified. The value (0.005548, 0.005548) will be assigned to the attribute. (LBDB-1054)
Warning: Line 193807, Cell 'sky130_fd_sc_lp__dfrtp_2', pin 'RESET_B', The port 'RESET_B' does not have the attribute 'fall_capacitance_range' specified. The value (0.005529, 0.005529) will be assigned to the attribute. (LBDB-1054)
Warning: Line 195916, Cell 'sky130_fd_sc_lp__dfstp_1', pin 'CLK', The port 'CLK' does not have the attribute 'rise_capacitance_range' specified. The value (0.001948, 0.001948) will be assigned to the attribute. (LBDB-1054)
Warning: Line 195916, Cell 'sky130_fd_sc_lp__dfstp_1', pin 'CLK', The port 'CLK' does not have the attribute 'fall_capacitance_range' specified. The value (0.001808, 0.001808) will be assigned to the attribute. (LBDB-1054)
Warning: Line 195938, Cell 'sky130_fd_sc_lp__dfstp_1', pin 'D', The port 'D' does not have the attribute 'rise_capacitance_range' specified. The value (0.001528, 0.001528) will be assigned to the attribute. (LBDB-1054)
Warning: Line 195938, Cell 'sky130_fd_sc_lp__dfstp_1', pin 'D', The port 'D' does not have the attribute 'fall_capacitance_range' specified. The value (0.001585, 0.001585) will be assigned to the attribute. (LBDB-1054)
Warning: Line 196202, Cell 'sky130_fd_sc_lp__dfstp_1', pin 'SET_B', The port 'SET_B' does not have the attribute 'rise_capacitance_range' specified. The value (0.003574, 0.003574) will be assigned to the attribute. (LBDB-1054)
Warning: Line 196202, Cell 'sky130_fd_sc_lp__dfstp_1', pin 'SET_B', The port 'SET_B' does not have the attribute 'fall_capacitance_range' specified. The value (0.003501, 0.003501) will be assigned to the attribute. (LBDB-1054)
Warning: Line 199732, Cell 'sky130_fd_sc_lp__dlclkp_1', pin 'M0', The pin 'M0' does not have a internal_power group. (LBDB-607)
Warning: Line 199990, Cell 'sky130_fd_sc_lp__dlclkp_2', pin 'M0', The pin 'M0' does not have a internal_power group. (LBDB-607)
Warning: Line 200248, Cell 'sky130_fd_sc_lp__dlclkp_4', pin 'M0', The pin 'M0' does not have a internal_power group. (LBDB-607)
Warning: Line 200506, Cell 'sky130_fd_sc_lp__dlclkp_lp', pin 'M0', The pin 'M0' does not have a internal_power group. (LBDB-607)
Warning: Line 215513, Cell 'sky130_fd_sc_lp__dlybuf4s15kapwr_1', pin 'A', The pin 'A' does not have a internal_power group. (LBDB-607)
Warning: Line 215670, Cell 'sky130_fd_sc_lp__dlybuf4s15kapwr_2', pin 'A', The pin 'A' does not have a internal_power group. (LBDB-607)
Warning: Line 215827, Cell 'sky130_fd_sc_lp__dlybuf4s18kapwr_1', pin 'A', The pin 'A' does not have a internal_power group. (LBDB-607)
Warning: Line 215984, Cell 'sky130_fd_sc_lp__dlybuf4s18kapwr_2', pin 'A', The pin 'A' does not have a internal_power group. (LBDB-607)
Warning: Line 216141, Cell 'sky130_fd_sc_lp__dlybuf4s25kapwr_1', pin 'A', The pin 'A' does not have a internal_power group. (LBDB-607)
Warning: Line 216298, Cell 'sky130_fd_sc_lp__dlybuf4s25kapwr_2', pin 'A', The pin 'A' does not have a internal_power group. (LBDB-607)
Warning: Line 216455, Cell 'sky130_fd_sc_lp__dlybuf4s50kapwr_1', pin 'A', The pin 'A' does not have a internal_power group. (LBDB-607)
Warning: Line 216612, Cell 'sky130_fd_sc_lp__dlybuf4s50kapwr_2', pin 'A', The pin 'A' does not have a internal_power group. (LBDB-607)
Warning: Line 216763, Cell 'sky130_fd_sc_lp__dlygate4s15_1', pin 'A', The pin 'A' does not have a internal_power group. (LBDB-607)
Warning: Line 216914, Cell 'sky130_fd_sc_lp__dlygate4s18_1', pin 'A', The pin 'A' does not have a internal_power group. (LBDB-607)
Warning: Line 217065, Cell 'sky130_fd_sc_lp__dlygate4s50_1', pin 'A', The pin 'A' does not have a internal_power group. (LBDB-607)
Warning: Line 217216, Cell 'sky130_fd_sc_lp__dlymetal6s2s_1', pin 'A', The pin 'A' does not have a internal_power group. (LBDB-607)
Warning: Line 217367, Cell 'sky130_fd_sc_lp__dlymetal6s4s_1', pin 'A', The pin 'A' does not have a internal_power group. (LBDB-607)
Warning: Line 217518, Cell 'sky130_fd_sc_lp__dlymetal6s6s_1', pin 'A', The pin 'A' does not have a internal_power group. (LBDB-607)
Warning: Line 217687, Cell 'sky130_fd_sc_lp__ebufn_1', pin 'TE_B', The pin 'TE_B' does not have a internal_power group. (LBDB-607)
Warning: Line 218041, Cell 'sky130_fd_sc_lp__ebufn_2', pin 'TE_B', The pin 'TE_B' does not have a internal_power group. (LBDB-607)
Warning: Line 218395, Cell 'sky130_fd_sc_lp__ebufn_4', pin 'TE_B', The pin 'TE_B' does not have a internal_power group. (LBDB-607)
Warning: Line 218749, Cell 'sky130_fd_sc_lp__ebufn_8', pin 'TE_B', The pin 'TE_B' does not have a internal_power group. (LBDB-607)
Warning: Line 219103, Cell 'sky130_fd_sc_lp__ebufn_lp', pin 'TE_B', The pin 'TE_B' does not have a internal_power group. (LBDB-607)
Warning: Line 219457, Cell 'sky130_fd_sc_lp__ebufn_lp2', pin 'TE_B', The pin 'TE_B' does not have a internal_power group. (LBDB-607)
Warning: Line 220263, Cell 'sky130_fd_sc_lp__einvn_0', pin 'TE_B', The pin 'TE_B' does not have a internal_power group. (LBDB-607)
Warning: Line 220617, Cell 'sky130_fd_sc_lp__einvn_1', pin 'TE_B', The pin 'TE_B' does not have a internal_power group. (LBDB-607)
Warning: Line 220971, Cell 'sky130_fd_sc_lp__einvn_2', pin 'TE_B', The pin 'TE_B' does not have a internal_power group. (LBDB-607)
Warning: Line 221325, Cell 'sky130_fd_sc_lp__einvn_4', pin 'TE_B', The pin 'TE_B' does not have a internal_power group. (LBDB-607)
Warning: Line 221679, Cell 'sky130_fd_sc_lp__einvn_8', pin 'TE_B', The pin 'TE_B' does not have a internal_power group. (LBDB-607)
Warning: Line 222033, Cell 'sky130_fd_sc_lp__einvn_lp', pin 'TE_B', The pin 'TE_B' does not have a internal_power group. (LBDB-607)
Warning: Line 222389, Cell 'sky130_fd_sc_lp__einvn_m', pin 'TE_B', The pin 'TE_B' does not have a internal_power group. (LBDB-607)
Warning: Line 222745, Cell 'sky130_fd_sc_lp__einvp_0', pin 'TE', The pin 'TE' does not have a internal_power group. (LBDB-607)
Warning: Line 223099, Cell 'sky130_fd_sc_lp__einvp_1', pin 'TE', The pin 'TE' does not have a internal_power group. (LBDB-607)
Warning: Line 223453, Cell 'sky130_fd_sc_lp__einvp_2', pin 'TE', The pin 'TE' does not have a internal_power group. (LBDB-607)
Warning: Line 223807, Cell 'sky130_fd_sc_lp__einvp_4', pin 'TE', The pin 'TE' does not have a internal_power group. (LBDB-607)
Warning: Line 224161, Cell 'sky130_fd_sc_lp__einvp_8', pin 'TE', The pin 'TE' does not have a internal_power group. (LBDB-607)
Warning: Line 224515, Cell 'sky130_fd_sc_lp__einvp_lp', pin 'TE', The pin 'TE' does not have a internal_power group. (LBDB-607)
Warning: Line 224871, Cell 'sky130_fd_sc_lp__einvp_m', pin 'TE', The pin 'TE' does not have a internal_power group. (LBDB-607)
Warning: Line 225209, Cell 'sky130_fd_sc_lp__fa_0', pin 'A', The pin 'A' does not have a internal_power group. (LBDB-607)
Warning: Line 225217, Cell 'sky130_fd_sc_lp__fa_0', pin 'B', The pin 'B' does not have a internal_power group. (LBDB-607)
Warning: Line 225225, Cell 'sky130_fd_sc_lp__fa_0', pin 'CIN', The pin 'CIN' does not have a internal_power group. (LBDB-607)
Warning: Line 226949, Cell 'sky130_fd_sc_lp__fa_1', pin 'A', The pin 'A' does not have a internal_power group. (LBDB-607)
Warning: Line 226957, Cell 'sky130_fd_sc_lp__fa_1', pin 'B', The pin 'B' does not have a internal_power group. (LBDB-607)
Warning: Line 226965, Cell 'sky130_fd_sc_lp__fa_1', pin 'CIN', The pin 'CIN' does not have a internal_power group. (LBDB-607)
Warning: Line 228689, Cell 'sky130_fd_sc_lp__fa_2', pin 'A', The pin 'A' does not have a internal_power group. (LBDB-607)
Warning: Line 228697, Cell 'sky130_fd_sc_lp__fa_2', pin 'B', The pin 'B' does not have a internal_power group. (LBDB-607)
Warning: Line 228705, Cell 'sky130_fd_sc_lp__fa_2', pin 'CIN', The pin 'CIN' does not have a internal_power group. (LBDB-607)
Warning: Line 230429, Cell 'sky130_fd_sc_lp__fa_4', pin 'A', The pin 'A' does not have a internal_power group. (LBDB-607)
Warning: Line 230437, Cell 'sky130_fd_sc_lp__fa_4', pin 'B', The pin 'B' does not have a internal_power group. (LBDB-607)
Warning: Line 230445, Cell 'sky130_fd_sc_lp__fa_4', pin 'CIN', The pin 'CIN' does not have a internal_power group. (LBDB-607)
Warning: Line 232169, Cell 'sky130_fd_sc_lp__fa_lp', pin 'A', The pin 'A' does not have a internal_power group. (LBDB-607)
Warning: Line 232177, Cell 'sky130_fd_sc_lp__fa_lp', pin 'B', The pin 'B' does not have a internal_power group. (LBDB-607)
Warning: Line 232185, Cell 'sky130_fd_sc_lp__fa_lp', pin 'CIN', The pin 'CIN' does not have a internal_power group. (LBDB-607)
Warning: Line 233911, Cell 'sky130_fd_sc_lp__fa_m', pin 'A', The pin 'A' does not have a internal_power group. (LBDB-607)
Warning: Line 233919, Cell 'sky130_fd_sc_lp__fa_m', pin 'B', The pin 'B' does not have a internal_power group. (LBDB-607)
Warning: Line 233927, Cell 'sky130_fd_sc_lp__fa_m', pin 'CIN', The pin 'CIN' does not have a internal_power group. (LBDB-607)
Warning: Line 235651, Cell 'sky130_fd_sc_lp__fah_1', pin 'A', The pin 'A' does not have a internal_power group. (LBDB-607)
Warning: Line 235659, Cell 'sky130_fd_sc_lp__fah_1', pin 'B', The pin 'B' does not have a internal_power group. (LBDB-607)
Warning: Line 235667, Cell 'sky130_fd_sc_lp__fah_1', pin 'CI', The pin 'CI' does not have a internal_power group. (LBDB-607)
Warning: Line 237391, Cell 'sky130_fd_sc_lp__fahcin_1', pin 'A', The pin 'A' does not have a internal_power group. (LBDB-607)
Warning: Line 237399, Cell 'sky130_fd_sc_lp__fahcin_1', pin 'B', The pin 'B' does not have a internal_power group. (LBDB-607)
Warning: Line 237407, Cell 'sky130_fd_sc_lp__fahcin_1', pin 'CIN', The pin 'CIN' does not have a internal_power group. (LBDB-607)
Warning: Line 240903, Cell 'sky130_fd_sc_lp__ha_0', pin 'A', The pin 'A' does not have a internal_power group. (LBDB-607)
Warning: Line 240911, Cell 'sky130_fd_sc_lp__ha_0', pin 'B', The pin 'B' does not have a internal_power group. (LBDB-607)
Warning: Line 241629, Cell 'sky130_fd_sc_lp__ha_1', pin 'A', The pin 'A' does not have a internal_power group. (LBDB-607)
Warning: Line 241637, Cell 'sky130_fd_sc_lp__ha_1', pin 'B', The pin 'B' does not have a internal_power group. (LBDB-607)
Warning: Line 242355, Cell 'sky130_fd_sc_lp__ha_2', pin 'A', The pin 'A' does not have a internal_power group. (LBDB-607)
Warning: Line 242363, Cell 'sky130_fd_sc_lp__ha_2', pin 'B', The pin 'B' does not have a internal_power group. (LBDB-607)
Warning: Line 243081, Cell 'sky130_fd_sc_lp__ha_4', pin 'A', The pin 'A' does not have a internal_power group. (LBDB-607)
Warning: Line 243089, Cell 'sky130_fd_sc_lp__ha_4', pin 'B', The pin 'B' does not have a internal_power group. (LBDB-607)
Warning: Line 243807, Cell 'sky130_fd_sc_lp__ha_lp', pin 'A', The pin 'A' does not have a internal_power group. (LBDB-607)
Warning: Line 243815, Cell 'sky130_fd_sc_lp__ha_lp', pin 'B', The pin 'B' does not have a internal_power group. (LBDB-607)
Warning: Line 244535, Cell 'sky130_fd_sc_lp__ha_m', pin 'A', The pin 'A' does not have a internal_power group. (LBDB-607)
Warning: Line 244543, Cell 'sky130_fd_sc_lp__ha_m', pin 'B', The pin 'B' does not have a internal_power group. (LBDB-607)
Warning: Line 246802, Cell 'sky130_fd_sc_lp__inv_0', pin 'A', The pin 'A' does not have a internal_power group. (LBDB-607)
Warning: Line 246953, Cell 'sky130_fd_sc_lp__inv_1', pin 'A', The pin 'A' does not have a internal_power group. (LBDB-607)
Warning: Line 247104, Cell 'sky130_fd_sc_lp__inv_16', pin 'A', The pin 'A' does not have a internal_power group. (LBDB-607)
Warning: Line 247255, Cell 'sky130_fd_sc_lp__inv_2', pin 'A', The pin 'A' does not have a internal_power group. (LBDB-607)
Warning: Line 247406, Cell 'sky130_fd_sc_lp__inv_4', pin 'A', The pin 'A' does not have a internal_power group. (LBDB-607)
Warning: Line 247557, Cell 'sky130_fd_sc_lp__inv_8', pin 'A', The pin 'A' does not have a internal_power group. (LBDB-607)
Warning: Line 247708, Cell 'sky130_fd_sc_lp__inv_lp', pin 'A', The pin 'A' does not have a internal_power group. (LBDB-607)
Warning: Line 247861, Cell 'sky130_fd_sc_lp__inv_m', pin 'A', The pin 'A' does not have a internal_power group. (LBDB-607)
Warning: Line 248018, Cell 'sky130_fd_sc_lp__invkapwr_1', pin 'A', The pin 'A' does not have a internal_power group. (LBDB-607)
Warning: Line 248175, Cell 'sky130_fd_sc_lp__invkapwr_2', pin 'A', The pin 'A' does not have a internal_power group. (LBDB-607)
Warning: Line 248332, Cell 'sky130_fd_sc_lp__invkapwr_4', pin 'A', The pin 'A' does not have a internal_power group. (LBDB-607)
Warning: Line 248489, Cell 'sky130_fd_sc_lp__invkapwr_8', pin 'A', The pin 'A' does not have a internal_power group. (LBDB-607)
Warning: Line 248642, Cell 'sky130_fd_sc_lp__invlp_0', pin 'A', The pin 'A' does not have a internal_power group. (LBDB-607)
Warning: Line 248793, Cell 'sky130_fd_sc_lp__invlp_1', pin 'A', The pin 'A' does not have a internal_power group. (LBDB-607)
Warning: Line 248944, Cell 'sky130_fd_sc_lp__invlp_2', pin 'A', The pin 'A' does not have a internal_power group. (LBDB-607)
Warning: Line 249095, Cell 'sky130_fd_sc_lp__invlp_4', pin 'A', The pin 'A' does not have a internal_power group. (LBDB-607)
Warning: Line 249246, Cell 'sky130_fd_sc_lp__invlp_8', pin 'A', The pin 'A' does not have a internal_power group. (LBDB-607)
Warning: Line 249399, Cell 'sky130_fd_sc_lp__invlp_m', pin 'A', The pin 'A' does not have a internal_power group. (LBDB-607)
Warning: Line 249526, Cell 'sky130_fd_sc_lp__iso0n_lp', Cell 'sky130_fd_sc_lp__iso0n_lp' is missing 'backup_ground' pg_pin, so it will become a black-box cell for multivoltage functional optimization flow. It is being marked dont_touch, dont_use.  (LBDB-913)
Warning: Line 249824, Cell 'sky130_fd_sc_lp__iso0n_lp2', Cell 'sky130_fd_sc_lp__iso0n_lp2' is missing 'backup_ground' pg_pin, so it will become a black-box cell for multivoltage functional optimization flow. It is being marked dont_touch, dont_use.  (LBDB-913)
Warning: Line 250122, Cell 'sky130_fd_sc_lp__iso0p_lp', Cell 'sky130_fd_sc_lp__iso0p_lp' is missing 'backup_power' pg_pin, so it will become a black-box cell for multivoltage functional optimization flow. It is being marked dont_touch, dont_use.  (LBDB-913)
Warning: Line 250420, Cell 'sky130_fd_sc_lp__iso0p_lp2', Cell 'sky130_fd_sc_lp__iso0p_lp2' is missing 'backup_power' pg_pin, so it will become a black-box cell for multivoltage functional optimization flow. It is being marked dont_touch, dont_use.  (LBDB-913)
Warning: Line 250718, Cell 'sky130_fd_sc_lp__iso1n_lp', Cell 'sky130_fd_sc_lp__iso1n_lp' is missing 'backup_ground' pg_pin, so it will become a black-box cell for multivoltage functional optimization flow. It is being marked dont_touch, dont_use.  (LBDB-913)
Warning: Line 251016, Cell 'sky130_fd_sc_lp__iso1n_lp2', Cell 'sky130_fd_sc_lp__iso1n_lp2' is missing 'backup_ground' pg_pin, so it will become a black-box cell for multivoltage functional optimization flow. It is being marked dont_touch, dont_use.  (LBDB-913)
Warning: Line 251314, Cell 'sky130_fd_sc_lp__iso1p_lp', Cell 'sky130_fd_sc_lp__iso1p_lp' is missing 'backup_power' pg_pin, so it will become a black-box cell for multivoltage functional optimization flow. It is being marked dont_touch, dont_use.  (LBDB-913)
Warning: Line 251612, Cell 'sky130_fd_sc_lp__iso1p_lp2', Cell 'sky130_fd_sc_lp__iso1p_lp2' is missing 'backup_power' pg_pin, so it will become a black-box cell for multivoltage functional optimization flow. It is being marked dont_touch, dont_use.  (LBDB-913)
Warning: Line 253233, Cell 'sky130_fd_sc_lp__isolatch_lp', Cell 'sky130_fd_sc_lp__isolatch_lp' is missing 'backup_power' pg_pin, so it will become a black-box cell for multivoltage functional optimization flow. It is being marked dont_touch, dont_use.  (LBDB-913)
Warning: Line 253600, Cell 'sky130_fd_sc_lp__lsbuf_lp', Only one (P or N)well bias pin exists. (LBDB-887)
Error: Line 253624, Cell 'sky130_fd_sc_lp__lsbuf_lp', pg_pin 'VPWR', An invalid attribute 'VNB' is found. (LBDB-27)
Warning: Line 253627, Cell 'sky130_fd_sc_lp__lsbuf_lp', pin 'A', The pin 'A' does not have a internal_power group. (LBDB-607)
Warning: Line 253754, Cell 'sky130_fd_sc_lp__lsbufiso0p_lp', Only one (P or N)well bias pin exists. (LBDB-887)
Warning: Line 253754, Cell 'sky130_fd_sc_lp__lsbufiso0p_lp', Cell 'sky130_fd_sc_lp__lsbufiso0p_lp' is missing 'backup_power' pg_pin, so it will become a black-box cell for multivoltage functional optimization flow. It is being marked dont_touch, dont_use.  (LBDB-913)
Error: Line 253781, Cell 'sky130_fd_sc_lp__lsbufiso0p_lp', pg_pin 'VPWR', An invalid attribute 'VNB' is found. (LBDB-27)
Warning: Line 254051, Cell 'sky130_fd_sc_lp__lsbufiso1p_lp', Only one (P or N)well bias pin exists. (LBDB-887)
Warning: Line 254051, Cell 'sky130_fd_sc_lp__lsbufiso1p_lp', Cell 'sky130_fd_sc_lp__lsbufiso1p_lp' is missing 'backup_power' pg_pin, so it will become a black-box cell for multivoltage functional optimization flow. It is being marked dont_touch, dont_use.  (LBDB-913)
Error: Line 254078, Cell 'sky130_fd_sc_lp__lsbufiso1p_lp', pg_pin 'VPWR', An invalid attribute 'VNB' is found. (LBDB-27)
Warning: Line 486232, Cell 'sky130_fd_sc_lp__o41ai_0', pin 'B1', The pin 'B1' does not have a internal_power group. (LBDB-607)
Warning: Line 487934, Cell 'sky130_fd_sc_lp__o41ai_1', pin 'B1', The pin 'B1' does not have a internal_power group. (LBDB-607)
Warning: Line 489636, Cell 'sky130_fd_sc_lp__o41ai_2', pin 'B1', The pin 'B1' does not have a internal_power group. (LBDB-607)
Warning: Line 491338, Cell 'sky130_fd_sc_lp__o41ai_4', pin 'B1', The pin 'B1' does not have a internal_power group. (LBDB-607)
Warning: Line 493040, Cell 'sky130_fd_sc_lp__o41ai_lp', pin 'B1', The pin 'B1' does not have a internal_power group. (LBDB-607)
Warning: Line 494744, Cell 'sky130_fd_sc_lp__o41ai_m', pin 'B1', The pin 'B1' does not have a internal_power group. (LBDB-607)
Warning: Line 514182, Cell 'sky130_fd_sc_lp__sdfbbn_1', test_cell, pin 'CLK_N', The pin 'CLK_N' does not have a internal_power group. (LBDB-607)
Warning: Line 514188, Cell 'sky130_fd_sc_lp__sdfbbn_1', test_cell, pin 'D', The pin 'D' does not have a internal_power group. (LBDB-607)
Warning: Line 514194, Cell 'sky130_fd_sc_lp__sdfbbn_1', test_cell, pin 'Q', The pin 'Q' does not have a internal_power group. (LBDB-607)
Warning: Line 514201, Cell 'sky130_fd_sc_lp__sdfbbn_1', test_cell, pin 'Q_N', The pin 'Q_N' does not have a internal_power group. (LBDB-607)
Warning: Line 514208, Cell 'sky130_fd_sc_lp__sdfbbn_1', test_cell, pin 'RESET_B', The pin 'RESET_B' does not have a internal_power group. (LBDB-607)
Warning: Line 514214, Cell 'sky130_fd_sc_lp__sdfbbn_1', test_cell, pin 'SCD', The pin 'SCD' does not have a internal_power group. (LBDB-607)
Warning: Line 514221, Cell 'sky130_fd_sc_lp__sdfbbn_1', test_cell, pin 'SCE', The pin 'SCE' does not have a internal_power group. (LBDB-607)
Warning: Line 514228, Cell 'sky130_fd_sc_lp__sdfbbn_1', test_cell, pin 'SET_B', The pin 'SET_B' does not have a internal_power group. (LBDB-607)
Warning: Line 515235, Cell 'sky130_fd_sc_lp__sdfbbn_2', test_cell, pin 'CLK_N', The pin 'CLK_N' does not have a internal_power group. (LBDB-607)
Warning: Line 515241, Cell 'sky130_fd_sc_lp__sdfbbn_2', test_cell, pin 'D', The pin 'D' does not have a internal_power group. (LBDB-607)
Warning: Line 515247, Cell 'sky130_fd_sc_lp__sdfbbn_2', test_cell, pin 'Q', The pin 'Q' does not have a internal_power group. (LBDB-607)
Warning: Line 515254, Cell 'sky130_fd_sc_lp__sdfbbn_2', test_cell, pin 'Q_N', The pin 'Q_N' does not have a internal_power group. (LBDB-607)
Warning: Line 515261, Cell 'sky130_fd_sc_lp__sdfbbn_2', test_cell, pin 'RESET_B', The pin 'RESET_B' does not have a internal_power group. (LBDB-607)
Warning: Line 515267, Cell 'sky130_fd_sc_lp__sdfbbn_2', test_cell, pin 'SCD', The pin 'SCD' does not have a internal_power group. (LBDB-607)
Warning: Line 515274, Cell 'sky130_fd_sc_lp__sdfbbn_2', test_cell, pin 'SCE', The pin 'SCE' does not have a internal_power group. (LBDB-607)
Warning: Line 515281, Cell 'sky130_fd_sc_lp__sdfbbn_2', test_cell, pin 'SET_B', The pin 'SET_B' does not have a internal_power group. (LBDB-607)
Warning: Line 516288, Cell 'sky130_fd_sc_lp__sdfbbp_1', test_cell, pin 'CLK', The pin 'CLK' does not have a internal_power group. (LBDB-607)
Warning: Line 516294, Cell 'sky130_fd_sc_lp__sdfbbp_1', test_cell, pin 'D', The pin 'D' does not have a internal_power group. (LBDB-607)
Warning: Line 516300, Cell 'sky130_fd_sc_lp__sdfbbp_1', test_cell, pin 'Q', The pin 'Q' does not have a internal_power group. (LBDB-607)
Warning: Line 516307, Cell 'sky130_fd_sc_lp__sdfbbp_1', test_cell, pin 'Q_N', The pin 'Q_N' does not have a internal_power group. (LBDB-607)
Warning: Line 516314, Cell 'sky130_fd_sc_lp__sdfbbp_1', test_cell, pin 'RESET_B', The pin 'RESET_B' does not have a internal_power group. (LBDB-607)
Warning: Line 516320, Cell 'sky130_fd_sc_lp__sdfbbp_1', test_cell, pin 'SCD', The pin 'SCD' does not have a internal_power group. (LBDB-607)
Warning: Line 516327, Cell 'sky130_fd_sc_lp__sdfbbp_1', test_cell, pin 'SCE', The pin 'SCE' does not have a internal_power group. (LBDB-607)
Warning: Line 516334, Cell 'sky130_fd_sc_lp__sdfbbp_1', test_cell, pin 'SET_B', The pin 'SET_B' does not have a internal_power group. (LBDB-607)
Warning: Line 516378, Cell 'sky130_fd_sc_lp__sdfrbp_1', pin 'CLK', The port 'CLK' does not have the attribute 'rise_capacitance_range' specified. The value (0.003439, 0.003439) will be assigned to the attribute. (LBDB-1054)
Warning: Line 516378, Cell 'sky130_fd_sc_lp__sdfrbp_1', pin 'CLK', The port 'CLK' does not have the attribute 'fall_capacitance_range' specified. The value (0.003136, 0.003136) will be assigned to the attribute. (LBDB-1054)
Warning: Line 516400, Cell 'sky130_fd_sc_lp__sdfrbp_1', pin 'D', The port 'D' does not have the attribute 'rise_capacitance_range' specified. The value (0.001893, 0.001893) will be assigned to the attribute. (LBDB-1054)
Warning: Line 516400, Cell 'sky130_fd_sc_lp__sdfrbp_1', pin 'D', The port 'D' does not have the attribute 'fall_capacitance_range' specified. The value (0.001740, 0.001740) will be assigned to the attribute. (LBDB-1054)
Warning: Line 516845, Cell 'sky130_fd_sc_lp__sdfrbp_1', pin 'RESET_B', The port 'RESET_B' does not have the attribute 'rise_capacitance_range' specified. The value (0.006349, 0.006349) will be assigned to the attribute. (LBDB-1054)
Warning: Line 516845, Cell 'sky130_fd_sc_lp__sdfrbp_1', pin 'RESET_B', The port 'RESET_B' does not have the attribute 'fall_capacitance_range' specified. The value (0.006208, 0.006208) will be assigned to the attribute. (LBDB-1054)
Warning: Line 516901, Cell 'sky130_fd_sc_lp__sdfrbp_1', pin 'SCD', The port 'SCD' does not have the attribute 'rise_capacitance_range' specified. The value (0.002036, 0.002036) will be assigned to the attribute. (LBDB-1054)
Warning: Line 516901, Cell 'sky130_fd_sc_lp__sdfrbp_1', pin 'SCD', The port 'SCD' does not have the attribute 'fall_capacitance_range' specified. The value (0.001910, 0.001910) will be assigned to the attribute. (LBDB-1054)
Warning: Line 516986, Cell 'sky130_fd_sc_lp__sdfrbp_1', pin 'SCE', The port 'SCE' does not have the attribute 'rise_capacitance_range' specified. The value (0.004082, 0.004082) will be assigned to the attribute. (LBDB-1054)
Warning: Line 516986, Cell 'sky130_fd_sc_lp__sdfrbp_1', pin 'SCE', The port 'SCE' does not have the attribute 'fall_capacitance_range' specified. The value (0.003876, 0.003876) will be assigned to the attribute. (LBDB-1054)
Warning: Line 517077, Cell 'sky130_fd_sc_lp__sdfrbp_1', test_cell, pin 'CLK', The pin 'CLK' does not have a internal_power group. (LBDB-607)
Warning: Line 517083, Cell 'sky130_fd_sc_lp__sdfrbp_1', test_cell, pin 'D', The pin 'D' does not have a internal_power group. (LBDB-607)
Warning: Line 517089, Cell 'sky130_fd_sc_lp__sdfrbp_1', test_cell, pin 'Q', The pin 'Q' does not have a internal_power group. (LBDB-607)
Warning: Line 517096, Cell 'sky130_fd_sc_lp__sdfrbp_1', test_cell, pin 'Q_N', The pin 'Q_N' does not have a internal_power group. (LBDB-607)
Warning: Line 517103, Cell 'sky130_fd_sc_lp__sdfrbp_1', test_cell, pin 'RESET_B', The pin 'RESET_B' does not have a internal_power group. (LBDB-607)
Warning: Line 517109, Cell 'sky130_fd_sc_lp__sdfrbp_1', test_cell, pin 'SCD', The pin 'SCD' does not have a internal_power group. (LBDB-607)
Warning: Line 517116, Cell 'sky130_fd_sc_lp__sdfrbp_1', test_cell, pin 'SCE', The pin 'SCE' does not have a internal_power group. (LBDB-607)
Warning: Line 517161, Cell 'sky130_fd_sc_lp__sdfrbp_2', pin 'CLK', The port 'CLK' does not have the attribute 'rise_capacitance_range' specified. The value (0.003399, 0.003399) will be assigned to the attribute. (LBDB-1054)
Warning: Line 517161, Cell 'sky130_fd_sc_lp__sdfrbp_2', pin 'CLK', The port 'CLK' does not have the attribute 'fall_capacitance_range' specified. The value (0.003102, 0.003102) will be assigned to the attribute. (LBDB-1054)
Warning: Line 517183, Cell 'sky130_fd_sc_lp__sdfrbp_2', pin 'D', The port 'D' does not have the attribute 'rise_capacitance_range' specified. The value (0.001854, 0.001854) will be assigned to the attribute. (LBDB-1054)
Warning: Line 517183, Cell 'sky130_fd_sc_lp__sdfrbp_2', pin 'D', The port 'D' does not have the attribute 'fall_capacitance_range' specified. The value (0.001705, 0.001705) will be assigned to the attribute. (LBDB-1054)
Warning: Line 517628, Cell 'sky130_fd_sc_lp__sdfrbp_2', pin 'RESET_B', The port 'RESET_B' does not have the attribute 'rise_capacitance_range' specified. The value (0.006259, 0.006259) will be assigned to the attribute. (LBDB-1054)
Warning: Line 517628, Cell 'sky130_fd_sc_lp__sdfrbp_2', pin 'RESET_B', The port 'RESET_B' does not have the attribute 'fall_capacitance_range' specified. The value (0.006120, 0.006120) will be assigned to the attribute. (LBDB-1054)
Warning: Line 517684, Cell 'sky130_fd_sc_lp__sdfrbp_2', pin 'SCD', The port 'SCD' does not have the attribute 'rise_capacitance_range' specified. The value (0.001931, 0.001931) will be assigned to the attribute. (LBDB-1054)
Warning: Line 517684, Cell 'sky130_fd_sc_lp__sdfrbp_2', pin 'SCD', The port 'SCD' does not have the attribute 'fall_capacitance_range' specified. The value (0.001815, 0.001815) will be assigned to the attribute. (LBDB-1054)
Warning: Line 517769, Cell 'sky130_fd_sc_lp__sdfrbp_2', pin 'SCE', The port 'SCE' does not have the attribute 'rise_capacitance_range' specified. The value (0.004093, 0.004093) will be assigned to the attribute. (LBDB-1054)
Warning: Line 517769, Cell 'sky130_fd_sc_lp__sdfrbp_2', pin 'SCE', The port 'SCE' does not have the attribute 'fall_capacitance_range' specified. The value (0.003879, 0.003879) will be assigned to the attribute. (LBDB-1054)
Warning: Line 517860, Cell 'sky130_fd_sc_lp__sdfrbp_2', test_cell, pin 'CLK', The pin 'CLK' does not have a internal_power group. (LBDB-607)
Warning: Line 517866, Cell 'sky130_fd_sc_lp__sdfrbp_2', test_cell, pin 'D', The pin 'D' does not have a internal_power group. (LBDB-607)
Warning: Line 517872, Cell 'sky130_fd_sc_lp__sdfrbp_2', test_cell, pin 'Q', The pin 'Q' does not have a internal_power group. (LBDB-607)
Warning: Line 517879, Cell 'sky130_fd_sc_lp__sdfrbp_2', test_cell, pin 'Q_N', The pin 'Q_N' does not have a internal_power group. (LBDB-607)
Warning: Line 517886, Cell 'sky130_fd_sc_lp__sdfrbp_2', test_cell, pin 'RESET_B', The pin 'RESET_B' does not have a internal_power group. (LBDB-607)
Warning: Line 517892, Cell 'sky130_fd_sc_lp__sdfrbp_2', test_cell, pin 'SCD', The pin 'SCD' does not have a internal_power group. (LBDB-607)
Warning: Line 517899, Cell 'sky130_fd_sc_lp__sdfrbp_2', test_cell, pin 'SCE', The pin 'SCE' does not have a internal_power group. (LBDB-607)
Warning: Line 518627, Cell 'sky130_fd_sc_lp__sdfrbp_lp', test_cell, pin 'CLK', The pin 'CLK' does not have a internal_power group. (LBDB-607)
Warning: Line 518633, Cell 'sky130_fd_sc_lp__sdfrbp_lp', test_cell, pin 'D', The pin 'D' does not have a internal_power group. (LBDB-607)
Warning: Line 518639, Cell 'sky130_fd_sc_lp__sdfrbp_lp', test_cell, pin 'Q', The pin 'Q' does not have a internal_power group. (LBDB-607)
Warning: Line 518646, Cell 'sky130_fd_sc_lp__sdfrbp_lp', test_cell, pin 'Q_N', The pin 'Q_N' does not have a internal_power group. (LBDB-607)
Warning: Line 518653, Cell 'sky130_fd_sc_lp__sdfrbp_lp', test_cell, pin 'RESET_B', The pin 'RESET_B' does not have a internal_power group. (LBDB-607)
Warning: Line 518659, Cell 'sky130_fd_sc_lp__sdfrbp_lp', test_cell, pin 'SCD', The pin 'SCD' does not have a internal_power group. (LBDB-607)
Warning: Line 518666, Cell 'sky130_fd_sc_lp__sdfrbp_lp', test_cell, pin 'SCE', The pin 'SCE' does not have a internal_power group. (LBDB-607)
Warning: Line 519214, Cell 'sky130_fd_sc_lp__sdfrtn_1', test_cell, pin 'CLK_N', The pin 'CLK_N' does not have a internal_power group. (LBDB-607)
Warning: Line 519220, Cell 'sky130_fd_sc_lp__sdfrtn_1', test_cell, pin 'D', The pin 'D' does not have a internal_power group. (LBDB-607)
Warning: Line 519226, Cell 'sky130_fd_sc_lp__sdfrtn_1', test_cell, pin 'Q', The pin 'Q' does not have a internal_power group. (LBDB-607)
Warning: Line 519233, Cell 'sky130_fd_sc_lp__sdfrtn_1', test_cell, pin 'RESET_B', The pin 'RESET_B' does not have a internal_power group. (LBDB-607)
Warning: Line 519239, Cell 'sky130_fd_sc_lp__sdfrtn_1', test_cell, pin 'SCD', The pin 'SCD' does not have a internal_power group. (LBDB-607)
Warning: Line 519246, Cell 'sky130_fd_sc_lp__sdfrtn_1', test_cell, pin 'SCE', The pin 'SCE' does not have a internal_power group. (LBDB-607)
Warning: Line 519794, Cell 'sky130_fd_sc_lp__sdfrtp_1', test_cell, pin 'CLK', The pin 'CLK' does not have a internal_power group. (LBDB-607)
Warning: Line 519800, Cell 'sky130_fd_sc_lp__sdfrtp_1', test_cell, pin 'D', The pin 'D' does not have a internal_power group. (LBDB-607)
Warning: Line 519806, Cell 'sky130_fd_sc_lp__sdfrtp_1', test_cell, pin 'Q', The pin 'Q' does not have a internal_power group. (LBDB-607)
Warning: Line 519813, Cell 'sky130_fd_sc_lp__sdfrtp_1', test_cell, pin 'RESET_B', The pin 'RESET_B' does not have a internal_power group. (LBDB-607)
Warning: Line 519819, Cell 'sky130_fd_sc_lp__sdfrtp_1', test_cell, pin 'SCD', The pin 'SCD' does not have a internal_power group. (LBDB-607)
Warning: Line 519826, Cell 'sky130_fd_sc_lp__sdfrtp_1', test_cell, pin 'SCE', The pin 'SCE' does not have a internal_power group. (LBDB-607)
Warning: Line 519871, Cell 'sky130_fd_sc_lp__sdfrtp_2', pin 'CLK', The port 'CLK' does not have the attribute 'rise_capacitance_range' specified. The value (0.003422, 0.003422) will be assigned to the attribute. (LBDB-1054)
Warning: Line 519871, Cell 'sky130_fd_sc_lp__sdfrtp_2', pin 'CLK', The port 'CLK' does not have the attribute 'fall_capacitance_range' specified. The value (0.003132, 0.003132) will be assigned to the attribute. (LBDB-1054)
Warning: Line 519893, Cell 'sky130_fd_sc_lp__sdfrtp_2', pin 'D', The port 'D' does not have the attribute 'rise_capacitance_range' specified. The value (0.002208, 0.002208) will be assigned to the attribute. (LBDB-1054)
Warning: Line 519893, Cell 'sky130_fd_sc_lp__sdfrtp_2', pin 'D', The port 'D' does not have the attribute 'fall_capacitance_range' specified. The value (0.002066, 0.002066) will be assigned to the attribute. (LBDB-1054)
Warning: Line 520158, Cell 'sky130_fd_sc_lp__sdfrtp_2', pin 'RESET_B', The port 'RESET_B' does not have the attribute 'rise_capacitance_range' specified. The value (0.005497, 0.005497) will be assigned to the attribute. (LBDB-1054)
Warning: Line 520158, Cell 'sky130_fd_sc_lp__sdfrtp_2', pin 'RESET_B', The port 'RESET_B' does not have the attribute 'fall_capacitance_range' specified. The value (0.005413, 0.005413) will be assigned to the attribute. (LBDB-1054)
Warning: Line 520214, Cell 'sky130_fd_sc_lp__sdfrtp_2', pin 'SCD', The port 'SCD' does not have the attribute 'rise_capacitance_range' specified. The value (0.002013, 0.002013) will be assigned to the attribute. (LBDB-1054)
Warning: Line 520214, Cell 'sky130_fd_sc_lp__sdfrtp_2', pin 'SCD', The port 'SCD' does not have the attribute 'fall_capacitance_range' specified. The value (0.001894, 0.001894) will be assigned to the attribute. (LBDB-1054)
Warning: Line 520299, Cell 'sky130_fd_sc_lp__sdfrtp_2', pin 'SCE', The port 'SCE' does not have the attribute 'rise_capacitance_range' specified. The value (0.004067, 0.004067) will be assigned to the attribute. (LBDB-1054)
Warning: Line 520299, Cell 'sky130_fd_sc_lp__sdfrtp_2', pin 'SCE', The port 'SCE' does not have the attribute 'fall_capacitance_range' specified. The value (0.003864, 0.003864) will be assigned to the attribute. (LBDB-1054)
Warning: Line 520390, Cell 'sky130_fd_sc_lp__sdfrtp_2', test_cell, pin 'CLK', The pin 'CLK' does not have a internal_power group. (LBDB-607)
Warning: Line 520396, Cell 'sky130_fd_sc_lp__sdfrtp_2', test_cell, pin 'D', The pin 'D' does not have a internal_power group. (LBDB-607)
Warning: Line 520402, Cell 'sky130_fd_sc_lp__sdfrtp_2', test_cell, pin 'Q', The pin 'Q' does not have a internal_power group. (LBDB-607)
Warning: Line 520409, Cell 'sky130_fd_sc_lp__sdfrtp_2', test_cell, pin 'RESET_B', The pin 'RESET_B' does not have a internal_power group. (LBDB-607)
Warning: Line 520415, Cell 'sky130_fd_sc_lp__sdfrtp_2', test_cell, pin 'SCD', The pin 'SCD' does not have a internal_power group. (LBDB-607)
Warning: Line 520422, Cell 'sky130_fd_sc_lp__sdfrtp_2', test_cell, pin 'SCE', The pin 'SCE' does not have a internal_power group. (LBDB-607)
Warning: Line 520970, Cell 'sky130_fd_sc_lp__sdfrtp_4', test_cell, pin 'CLK', The pin 'CLK' does not have a internal_power group. (LBDB-607)
Warning: Line 520976, Cell 'sky130_fd_sc_lp__sdfrtp_4', test_cell, pin 'D', The pin 'D' does not have a internal_power group. (LBDB-607)
Warning: Line 520982, Cell 'sky130_fd_sc_lp__sdfrtp_4', test_cell, pin 'Q', The pin 'Q' does not have a internal_power group. (LBDB-607)
Warning: Line 520989, Cell 'sky130_fd_sc_lp__sdfrtp_4', test_cell, pin 'RESET_B', The pin 'RESET_B' does not have a internal_power group. (LBDB-607)
Warning: Line 520995, Cell 'sky130_fd_sc_lp__sdfrtp_4', test_cell, pin 'SCD', The pin 'SCD' does not have a internal_power group. (LBDB-607)
Warning: Line 521002, Cell 'sky130_fd_sc_lp__sdfrtp_4', test_cell, pin 'SCE', The pin 'SCE' does not have a internal_power group. (LBDB-607)
Warning: Line 521550, Cell 'sky130_fd_sc_lp__sdfrtp_lp2', test_cell, pin 'CLK', The pin 'CLK' does not have a internal_power group. (LBDB-607)
Warning: Line 521556, Cell 'sky130_fd_sc_lp__sdfrtp_lp2', test_cell, pin 'D', The pin 'D' does not have a internal_power group. (LBDB-607)
Warning: Line 521562, Cell 'sky130_fd_sc_lp__sdfrtp_lp2', test_cell, pin 'Q', The pin 'Q' does not have a internal_power group. (LBDB-607)
Warning: Line 521569, Cell 'sky130_fd_sc_lp__sdfrtp_lp2', test_cell, pin 'RESET_B', The pin 'RESET_B' does not have a internal_power group. (LBDB-607)
Warning: Line 521575, Cell 'sky130_fd_sc_lp__sdfrtp_lp2', test_cell, pin 'SCD', The pin 'SCD' does not have a internal_power group. (LBDB-607)
Warning: Line 521582, Cell 'sky130_fd_sc_lp__sdfrtp_lp2', test_cell, pin 'SCE', The pin 'SCE' does not have a internal_power group. (LBDB-607)
Warning: Line 522130, Cell 'sky130_fd_sc_lp__sdfrtp_ov2', test_cell, pin 'CLK', The pin 'CLK' does not have a internal_power group. (LBDB-607)
Warning: Line 522136, Cell 'sky130_fd_sc_lp__sdfrtp_ov2', test_cell, pin 'D', The pin 'D' does not have a internal_power group. (LBDB-607)
Warning: Line 522142, Cell 'sky130_fd_sc_lp__sdfrtp_ov2', test_cell, pin 'Q', The pin 'Q' does not have a internal_power group. (LBDB-607)
Warning: Line 522149, Cell 'sky130_fd_sc_lp__sdfrtp_ov2', test_cell, pin 'RESET_B', The pin 'RESET_B' does not have a internal_power group. (LBDB-607)
Warning: Line 522155, Cell 'sky130_fd_sc_lp__sdfrtp_ov2', test_cell, pin 'SCD', The pin 'SCD' does not have a internal_power group. (LBDB-607)
Warning: Line 522162, Cell 'sky130_fd_sc_lp__sdfrtp_ov2', test_cell, pin 'SCE', The pin 'SCE' does not have a internal_power group. (LBDB-607)
Warning: Line 522890, Cell 'sky130_fd_sc_lp__sdfsbp_1', test_cell, pin 'CLK', The pin 'CLK' does not have a internal_power group. (LBDB-607)
Warning: Line 522896, Cell 'sky130_fd_sc_lp__sdfsbp_1', test_cell, pin 'D', The pin 'D' does not have a internal_power group. (LBDB-607)
Warning: Line 522902, Cell 'sky130_fd_sc_lp__sdfsbp_1', test_cell, pin 'Q', The pin 'Q' does not have a internal_power group. (LBDB-607)
Warning: Line 522909, Cell 'sky130_fd_sc_lp__sdfsbp_1', test_cell, pin 'Q_N', The pin 'Q_N' does not have a internal_power group. (LBDB-607)
Warning: Line 522916, Cell 'sky130_fd_sc_lp__sdfsbp_1', test_cell, pin 'SCD', The pin 'SCD' does not have a internal_power group. (LBDB-607)
Warning: Line 522923, Cell 'sky130_fd_sc_lp__sdfsbp_1', test_cell, pin 'SCE', The pin 'SCE' does not have a internal_power group. (LBDB-607)
Warning: Line 522930, Cell 'sky130_fd_sc_lp__sdfsbp_1', test_cell, pin 'SET_B', The pin 'SET_B' does not have a internal_power group. (LBDB-607)
Warning: Line 523657, Cell 'sky130_fd_sc_lp__sdfsbp_2', test_cell, pin 'CLK', The pin 'CLK' does not have a internal_power group. (LBDB-607)
Warning: Line 523663, Cell 'sky130_fd_sc_lp__sdfsbp_2', test_cell, pin 'D', The pin 'D' does not have a internal_power group. (LBDB-607)
Warning: Line 523669, Cell 'sky130_fd_sc_lp__sdfsbp_2', test_cell, pin 'Q', The pin 'Q' does not have a internal_power group. (LBDB-607)
Warning: Line 523676, Cell 'sky130_fd_sc_lp__sdfsbp_2', test_cell, pin 'Q_N', The pin 'Q_N' does not have a internal_power group. (LBDB-607)
Warning: Line 523683, Cell 'sky130_fd_sc_lp__sdfsbp_2', test_cell, pin 'SCD', The pin 'SCD' does not have a internal_power group. (LBDB-607)
Warning: Line 523690, Cell 'sky130_fd_sc_lp__sdfsbp_2', test_cell, pin 'SCE', The pin 'SCE' does not have a internal_power group. (LBDB-607)
Warning: Line 523697, Cell 'sky130_fd_sc_lp__sdfsbp_2', test_cell, pin 'SET_B', The pin 'SET_B' does not have a internal_power group. (LBDB-607)
Warning: Line 524424, Cell 'sky130_fd_sc_lp__sdfsbp_lp', test_cell, pin 'CLK', The pin 'CLK' does not have a internal_power group. (LBDB-607)
Warning: Line 524430, Cell 'sky130_fd_sc_lp__sdfsbp_lp', test_cell, pin 'D', The pin 'D' does not have a internal_power group. (LBDB-607)
Warning: Line 524436, Cell 'sky130_fd_sc_lp__sdfsbp_lp', test_cell, pin 'Q', The pin 'Q' does not have a internal_power group. (LBDB-607)
Warning: Line 524443, Cell 'sky130_fd_sc_lp__sdfsbp_lp', test_cell, pin 'Q_N', The pin 'Q_N' does not have a internal_power group. (LBDB-607)
Warning: Line 524450, Cell 'sky130_fd_sc_lp__sdfsbp_lp', test_cell, pin 'SCD', The pin 'SCD' does not have a internal_power group. (LBDB-607)
Warning: Line 524457, Cell 'sky130_fd_sc_lp__sdfsbp_lp', test_cell, pin 'SCE', The pin 'SCE' does not have a internal_power group. (LBDB-607)
Warning: Line 524464, Cell 'sky130_fd_sc_lp__sdfsbp_lp', test_cell, pin 'SET_B', The pin 'SET_B' does not have a internal_power group. (LBDB-607)
Warning: Line 525011, Cell 'sky130_fd_sc_lp__sdfstp_1', test_cell, pin 'CLK', The pin 'CLK' does not have a internal_power group. (LBDB-607)
Warning: Line 525017, Cell 'sky130_fd_sc_lp__sdfstp_1', test_cell, pin 'D', The pin 'D' does not have a internal_power group. (LBDB-607)
Warning: Line 525023, Cell 'sky130_fd_sc_lp__sdfstp_1', test_cell, pin 'Q', The pin 'Q' does not have a internal_power group. (LBDB-607)
Warning: Line 525030, Cell 'sky130_fd_sc_lp__sdfstp_1', test_cell, pin 'SCD', The pin 'SCD' does not have a internal_power group. (LBDB-607)
Warning: Line 525037, Cell 'sky130_fd_sc_lp__sdfstp_1', test_cell, pin 'SCE', The pin 'SCE' does not have a internal_power group. (LBDB-607)
Warning: Line 525044, Cell 'sky130_fd_sc_lp__sdfstp_1', test_cell, pin 'SET_B', The pin 'SET_B' does not have a internal_power group. (LBDB-607)
Warning: Line 525591, Cell 'sky130_fd_sc_lp__sdfstp_2', test_cell, pin 'CLK', The pin 'CLK' does not have a internal_power group. (LBDB-607)
Warning: Line 525597, Cell 'sky130_fd_sc_lp__sdfstp_2', test_cell, pin 'D', The pin 'D' does not have a internal_power group. (LBDB-607)
Warning: Line 525603, Cell 'sky130_fd_sc_lp__sdfstp_2', test_cell, pin 'Q', The pin 'Q' does not have a internal_power group. (LBDB-607)
Warning: Line 525610, Cell 'sky130_fd_sc_lp__sdfstp_2', test_cell, pin 'SCD', The pin 'SCD' does not have a internal_power group. (LBDB-607)
Warning: Line 525617, Cell 'sky130_fd_sc_lp__sdfstp_2', test_cell, pin 'SCE', The pin 'SCE' does not have a internal_power group. (LBDB-607)
Warning: Line 525624, Cell 'sky130_fd_sc_lp__sdfstp_2', test_cell, pin 'SET_B', The pin 'SET_B' does not have a internal_power group. (LBDB-607)
Warning: Line 526171, Cell 'sky130_fd_sc_lp__sdfstp_4', test_cell, pin 'CLK', The pin 'CLK' does not have a internal_power group. (LBDB-607)
Warning: Line 526177, Cell 'sky130_fd_sc_lp__sdfstp_4', test_cell, pin 'D', The pin 'D' does not have a internal_power group. (LBDB-607)
Warning: Line 526183, Cell 'sky130_fd_sc_lp__sdfstp_4', test_cell, pin 'Q', The pin 'Q' does not have a internal_power group. (LBDB-607)
Warning: Line 526190, Cell 'sky130_fd_sc_lp__sdfstp_4', test_cell, pin 'SCD', The pin 'SCD' does not have a internal_power group. (LBDB-607)
Warning: Line 526197, Cell 'sky130_fd_sc_lp__sdfstp_4', test_cell, pin 'SCE', The pin 'SCE' does not have a internal_power group. (LBDB-607)
Warning: Line 526204, Cell 'sky130_fd_sc_lp__sdfstp_4', test_cell, pin 'SET_B', The pin 'SET_B' does not have a internal_power group. (LBDB-607)
Warning: Line 526751, Cell 'sky130_fd_sc_lp__sdfstp_lp', test_cell, pin 'CLK', The pin 'CLK' does not have a internal_power group. (LBDB-607)
Warning: Line 526757, Cell 'sky130_fd_sc_lp__sdfstp_lp', test_cell, pin 'D', The pin 'D' does not have a internal_power group. (LBDB-607)
Warning: Line 526763, Cell 'sky130_fd_sc_lp__sdfstp_lp', test_cell, pin 'Q', The pin 'Q' does not have a internal_power group. (LBDB-607)
Warning: Line 526770, Cell 'sky130_fd_sc_lp__sdfstp_lp', test_cell, pin 'SCD', The pin 'SCD' does not have a internal_power group. (LBDB-607)
Warning: Line 526777, Cell 'sky130_fd_sc_lp__sdfstp_lp', test_cell, pin 'SCE', The pin 'SCE' does not have a internal_power group. (LBDB-607)
Warning: Line 526784, Cell 'sky130_fd_sc_lp__sdfstp_lp', test_cell, pin 'SET_B', The pin 'SET_B' does not have a internal_power group. (LBDB-607)
Warning: Line 527331, Cell 'sky130_fd_sc_lp__sdfxbp_1', test_cell, pin 'CLK', The pin 'CLK' does not have a internal_power group. (LBDB-607)
Warning: Line 527337, Cell 'sky130_fd_sc_lp__sdfxbp_1', test_cell, pin 'D', The pin 'D' does not have a internal_power group. (LBDB-607)
Warning: Line 527343, Cell 'sky130_fd_sc_lp__sdfxbp_1', test_cell, pin 'Q', The pin 'Q' does not have a internal_power group. (LBDB-607)
Warning: Line 527350, Cell 'sky130_fd_sc_lp__sdfxbp_1', test_cell, pin 'Q_N', The pin 'Q_N' does not have a internal_power group. (LBDB-607)
Warning: Line 527357, Cell 'sky130_fd_sc_lp__sdfxbp_1', test_cell, pin 'SCD', The pin 'SCD' does not have a internal_power group. (LBDB-607)
Warning: Line 527364, Cell 'sky130_fd_sc_lp__sdfxbp_1', test_cell, pin 'SCE', The pin 'SCE' does not have a internal_power group. (LBDB-607)
Warning: Line 527912, Cell 'sky130_fd_sc_lp__sdfxbp_2', test_cell, pin 'CLK', The pin 'CLK' does not have a internal_power group. (LBDB-607)
Warning: Line 527918, Cell 'sky130_fd_sc_lp__sdfxbp_2', test_cell, pin 'D', The pin 'D' does not have a internal_power group. (LBDB-607)
Warning: Line 527924, Cell 'sky130_fd_sc_lp__sdfxbp_2', test_cell, pin 'Q', The pin 'Q' does not have a internal_power group. (LBDB-607)
Warning: Line 527931, Cell 'sky130_fd_sc_lp__sdfxbp_2', test_cell, pin 'Q_N', The pin 'Q_N' does not have a internal_power group. (LBDB-607)
Warning: Line 527938, Cell 'sky130_fd_sc_lp__sdfxbp_2', test_cell, pin 'SCD', The pin 'SCD' does not have a internal_power group. (LBDB-607)
Warning: Line 527945, Cell 'sky130_fd_sc_lp__sdfxbp_2', test_cell, pin 'SCE', The pin 'SCE' does not have a internal_power group. (LBDB-607)
Warning: Line 528493, Cell 'sky130_fd_sc_lp__sdfxbp_lp', test_cell, pin 'CLK', The pin 'CLK' does not have a internal_power group. (LBDB-607)
Warning: Line 528499, Cell 'sky130_fd_sc_lp__sdfxbp_lp', test_cell, pin 'D', The pin 'D' does not have a internal_power group. (LBDB-607)
Warning: Line 528505, Cell 'sky130_fd_sc_lp__sdfxbp_lp', test_cell, pin 'Q', The pin 'Q' does not have a internal_power group. (LBDB-607)
Warning: Line 528512, Cell 'sky130_fd_sc_lp__sdfxbp_lp', test_cell, pin 'Q_N', The pin 'Q_N' does not have a internal_power group. (LBDB-607)
Warning: Line 528519, Cell 'sky130_fd_sc_lp__sdfxbp_lp', test_cell, pin 'SCD', The pin 'SCD' does not have a internal_power group. (LBDB-607)
Warning: Line 528526, Cell 'sky130_fd_sc_lp__sdfxbp_lp', test_cell, pin 'SCE', The pin 'SCE' does not have a internal_power group. (LBDB-607)
Warning: Line 528956, Cell 'sky130_fd_sc_lp__sdfxtp_1', test_cell, pin 'CLK', The pin 'CLK' does not have a internal_power group. (LBDB-607)
Warning: Line 528962, Cell 'sky130_fd_sc_lp__sdfxtp_1', test_cell, pin 'D', The pin 'D' does not have a internal_power group. (LBDB-607)
Warning: Line 528968, Cell 'sky130_fd_sc_lp__sdfxtp_1', test_cell, pin 'Q', The pin 'Q' does not have a internal_power group. (LBDB-607)
Warning: Line 528975, Cell 'sky130_fd_sc_lp__sdfxtp_1', test_cell, pin 'SCD', The pin 'SCD' does not have a internal_power group. (LBDB-607)
Warning: Line 528982, Cell 'sky130_fd_sc_lp__sdfxtp_1', test_cell, pin 'SCE', The pin 'SCE' does not have a internal_power group. (LBDB-607)
Warning: Line 529412, Cell 'sky130_fd_sc_lp__sdfxtp_2', test_cell, pin 'CLK', The pin 'CLK' does not have a internal_power group. (LBDB-607)
Warning: Line 529418, Cell 'sky130_fd_sc_lp__sdfxtp_2', test_cell, pin 'D', The pin 'D' does not have a internal_power group. (LBDB-607)
Warning: Line 529424, Cell 'sky130_fd_sc_lp__sdfxtp_2', test_cell, pin 'Q', The pin 'Q' does not have a internal_power group. (LBDB-607)
Warning: Line 529431, Cell 'sky130_fd_sc_lp__sdfxtp_2', test_cell, pin 'SCD', The pin 'SCD' does not have a internal_power group. (LBDB-607)
Warning: Line 529438, Cell 'sky130_fd_sc_lp__sdfxtp_2', test_cell, pin 'SCE', The pin 'SCE' does not have a internal_power group. (LBDB-607)
Warning: Line 529868, Cell 'sky130_fd_sc_lp__sdfxtp_4', test_cell, pin 'CLK', The pin 'CLK' does not have a internal_power group. (LBDB-607)
Warning: Line 529874, Cell 'sky130_fd_sc_lp__sdfxtp_4', test_cell, pin 'D', The pin 'D' does not have a internal_power group. (LBDB-607)
Warning: Line 529880, Cell 'sky130_fd_sc_lp__sdfxtp_4', test_cell, pin 'Q', The pin 'Q' does not have a internal_power group. (LBDB-607)
Warning: Line 529887, Cell 'sky130_fd_sc_lp__sdfxtp_4', test_cell, pin 'SCD', The pin 'SCD' does not have a internal_power group. (LBDB-607)
Warning: Line 529894, Cell 'sky130_fd_sc_lp__sdfxtp_4', test_cell, pin 'SCE', The pin 'SCE' does not have a internal_power group. (LBDB-607)
Warning: Line 530324, Cell 'sky130_fd_sc_lp__sdfxtp_lp', test_cell, pin 'CLK', The pin 'CLK' does not have a internal_power group. (LBDB-607)
Warning: Line 530330, Cell 'sky130_fd_sc_lp__sdfxtp_lp', test_cell, pin 'D', The pin 'D' does not have a internal_power group. (LBDB-607)
Warning: Line 530336, Cell 'sky130_fd_sc_lp__sdfxtp_lp', test_cell, pin 'Q', The pin 'Q' does not have a internal_power group. (LBDB-607)
Warning: Line 530343, Cell 'sky130_fd_sc_lp__sdfxtp_lp', test_cell, pin 'SCD', The pin 'SCD' does not have a internal_power group. (LBDB-607)
Warning: Line 530350, Cell 'sky130_fd_sc_lp__sdfxtp_lp', test_cell, pin 'SCE', The pin 'SCE' does not have a internal_power group. (LBDB-607)
Warning: Line 530607, Cell 'sky130_fd_sc_lp__sdlclkp_1', pin 'M0', The pin 'M0' does not have a internal_power group. (LBDB-607)
Warning: Line 530948, Cell 'sky130_fd_sc_lp__sdlclkp_2', pin 'M0', The pin 'M0' does not have a internal_power group. (LBDB-607)
Warning: Line 531289, Cell 'sky130_fd_sc_lp__sdlclkp_4', pin 'M0', The pin 'M0' does not have a internal_power group. (LBDB-607)
Warning: Line 531630, Cell 'sky130_fd_sc_lp__sdlclkp_lp', pin 'M0', The pin 'M0' does not have a internal_power group. (LBDB-607)
Warning: Line 532250, Cell 'sky130_fd_sc_lp__srdlrtp_1', pin 'SLEEP_B', The pin 'SLEEP_B' does not have a internal_power group. (LBDB-607)
Warning: Line 532788, Cell 'sky130_fd_sc_lp__srdlstp_1', pin 'SLEEP_B', The pin 'SLEEP_B' does not have a internal_power group. (LBDB-607)
Warning: Line 533161, Cell 'sky130_fd_sc_lp__srdlxtp_1', pin 'SLEEP_B', The pin 'SLEEP_B' does not have a internal_power group. (LBDB-607)
Warning: Line 533891, Cell 'sky130_fd_sc_lp__sregrbp_1', test_cell, pin 'ASYNC', The pin 'ASYNC' does not have a internal_power group. (LBDB-607)
Warning: Line 533897, Cell 'sky130_fd_sc_lp__sregrbp_1', test_cell, pin 'CLK', The pin 'CLK' does not have a internal_power group. (LBDB-607)
Warning: Line 533903, Cell 'sky130_fd_sc_lp__sregrbp_1', test_cell, pin 'D', The pin 'D' does not have a internal_power group. (LBDB-607)
Warning: Line 533909, Cell 'sky130_fd_sc_lp__sregrbp_1', test_cell, pin 'Q', The pin 'Q' does not have a internal_power group. (LBDB-607)
Warning: Line 533916, Cell 'sky130_fd_sc_lp__sregrbp_1', test_cell, pin 'Q_N', The pin 'Q_N' does not have a internal_power group. (LBDB-607)
Warning: Line 533923, Cell 'sky130_fd_sc_lp__sregrbp_1', test_cell, pin 'SCD', The pin 'SCD' does not have a internal_power group. (LBDB-607)
Warning: Line 533930, Cell 'sky130_fd_sc_lp__sregrbp_1', test_cell, pin 'SCE', The pin 'SCE' does not have a internal_power group. (LBDB-607)
Warning: Line 534658, Cell 'sky130_fd_sc_lp__sregsbp_1', test_cell, pin 'ASYNC', The pin 'ASYNC' does not have a internal_power group. (LBDB-607)
Warning: Line 534664, Cell 'sky130_fd_sc_lp__sregsbp_1', test_cell, pin 'CLK', The pin 'CLK' does not have a internal_power group. (LBDB-607)
Warning: Line 534670, Cell 'sky130_fd_sc_lp__sregsbp_1', test_cell, pin 'D', The pin 'D' does not have a internal_power group. (LBDB-607)
Warning: Line 534676, Cell 'sky130_fd_sc_lp__sregsbp_1', test_cell, pin 'Q', The pin 'Q' does not have a internal_power group. (LBDB-607)
Warning: Line 534683, Cell 'sky130_fd_sc_lp__sregsbp_1', test_cell, pin 'Q_N', The pin 'Q_N' does not have a internal_power group. (LBDB-607)
Warning: Line 534690, Cell 'sky130_fd_sc_lp__sregsbp_1', test_cell, pin 'SCD', The pin 'SCD' does not have a internal_power group. (LBDB-607)
Warning: Line 534697, Cell 'sky130_fd_sc_lp__sregsbp_1', test_cell, pin 'SCE', The pin 'SCE' does not have a internal_power group. (LBDB-607)
Warning: Line 535243, Cell 'sky130_fd_sc_lp__srsdfrtn_1', pin 'SLEEP_B', The pin 'SLEEP_B' does not have a internal_power group. (LBDB-607)
Warning: Line 535259, Cell 'sky130_fd_sc_lp__srsdfrtn_1', test_cell, pin 'CLK_N', The pin 'CLK_N' does not have a internal_power group. (LBDB-607)
Warning: Line 535265, Cell 'sky130_fd_sc_lp__srsdfrtn_1', test_cell, pin 'D', The pin 'D' does not have a internal_power group. (LBDB-607)
Warning: Line 535271, Cell 'sky130_fd_sc_lp__srsdfrtn_1', test_cell, pin 'Q', The pin 'Q' does not have a internal_power group. (LBDB-607)
Warning: Line 535278, Cell 'sky130_fd_sc_lp__srsdfrtn_1', test_cell, pin 'RESET_B', The pin 'RESET_B' does not have a internal_power group. (LBDB-607)
Warning: Line 535284, Cell 'sky130_fd_sc_lp__srsdfrtn_1', test_cell, pin 'SCD', The pin 'SCD' does not have a internal_power group. (LBDB-607)
Warning: Line 535291, Cell 'sky130_fd_sc_lp__srsdfrtn_1', test_cell, pin 'SCE', The pin 'SCE' does not have a internal_power group. (LBDB-607)
Warning: Line 535298, Cell 'sky130_fd_sc_lp__srsdfrtn_1', test_cell, pin 'SLEEP_B', The pin 'SLEEP_B' does not have a internal_power group. (LBDB-607)
Warning: Line 535843, Cell 'sky130_fd_sc_lp__srsdfrtp_1', pin 'SLEEP_B', The pin 'SLEEP_B' does not have a internal_power group. (LBDB-607)
Warning: Line 535859, Cell 'sky130_fd_sc_lp__srsdfrtp_1', test_cell, pin 'CLK', The pin 'CLK' does not have a internal_power group. (LBDB-607)
Warning: Line 535865, Cell 'sky130_fd_sc_lp__srsdfrtp_1', test_cell, pin 'D', The pin 'D' does not have a internal_power group. (LBDB-607)
Warning: Line 535871, Cell 'sky130_fd_sc_lp__srsdfrtp_1', test_cell, pin 'Q', The pin 'Q' does not have a internal_power group. (LBDB-607)
Warning: Line 535878, Cell 'sky130_fd_sc_lp__srsdfrtp_1', test_cell, pin 'RESET_B', The pin 'RESET_B' does not have a internal_power group. (LBDB-607)
Warning: Line 535884, Cell 'sky130_fd_sc_lp__srsdfrtp_1', test_cell, pin 'SCD', The pin 'SCD' does not have a internal_power group. (LBDB-607)
Warning: Line 535891, Cell 'sky130_fd_sc_lp__srsdfrtp_1', test_cell, pin 'SCE', The pin 'SCE' does not have a internal_power group. (LBDB-607)
Warning: Line 535898, Cell 'sky130_fd_sc_lp__srsdfrtp_1', test_cell, pin 'SLEEP_B', The pin 'SLEEP_B' does not have a internal_power group. (LBDB-607)
Warning: Line 536443, Cell 'sky130_fd_sc_lp__srsdfstp_1', pin 'SLEEP_B', The pin 'SLEEP_B' does not have a internal_power group. (LBDB-607)
Warning: Line 536459, Cell 'sky130_fd_sc_lp__srsdfstp_1', test_cell, pin 'CLK', The pin 'CLK' does not have a internal_power group. (LBDB-607)
Warning: Line 536465, Cell 'sky130_fd_sc_lp__srsdfstp_1', test_cell, pin 'D', The pin 'D' does not have a internal_power group. (LBDB-607)
Warning: Line 536471, Cell 'sky130_fd_sc_lp__srsdfstp_1', test_cell, pin 'Q', The pin 'Q' does not have a internal_power group. (LBDB-607)
Warning: Line 536478, Cell 'sky130_fd_sc_lp__srsdfstp_1', test_cell, pin 'SCD', The pin 'SCD' does not have a internal_power group. (LBDB-607)
Warning: Line 536485, Cell 'sky130_fd_sc_lp__srsdfstp_1', test_cell, pin 'SCE', The pin 'SCE' does not have a internal_power group. (LBDB-607)
Warning: Line 536492, Cell 'sky130_fd_sc_lp__srsdfstp_1', test_cell, pin 'SET_B', The pin 'SET_B' does not have a internal_power group. (LBDB-607)
Warning: Line 536498, Cell 'sky130_fd_sc_lp__srsdfstp_1', test_cell, pin 'SLEEP_B', The pin 'SLEEP_B' does not have a internal_power group. (LBDB-607)
Warning: Line 536926, Cell 'sky130_fd_sc_lp__srsdfxtp_1', pin 'SLEEP_B', The pin 'SLEEP_B' does not have a internal_power group. (LBDB-607)
Warning: Line 536941, Cell 'sky130_fd_sc_lp__srsdfxtp_1', test_cell, pin 'CLK', The pin 'CLK' does not have a internal_power group. (LBDB-607)
Warning: Line 536947, Cell 'sky130_fd_sc_lp__srsdfxtp_1', test_cell, pin 'D', The pin 'D' does not have a internal_power group. (LBDB-607)
Warning: Line 536953, Cell 'sky130_fd_sc_lp__srsdfxtp_1', test_cell, pin 'Q', The pin 'Q' does not have a internal_power group. (LBDB-607)
Warning: Line 536960, Cell 'sky130_fd_sc_lp__srsdfxtp_1', test_cell, pin 'SCD', The pin 'SCD' does not have a internal_power group. (LBDB-607)
Warning: Line 536967, Cell 'sky130_fd_sc_lp__srsdfxtp_1', test_cell, pin 'SCE', The pin 'SCE' does not have a internal_power group. (LBDB-607)
Warning: Line 536974, Cell 'sky130_fd_sc_lp__srsdfxtp_1', test_cell, pin 'SLEEP_B', The pin 'SLEEP_B' does not have a internal_power group. (LBDB-607)
Warning: Line 199485, Cell 'sky130_fd_sc_lp__dlclkp_1', Cell(sky130_fd_sc_lp__dlclkp_1): The function cannot be recognized 
	during functional optimization by Design Compiler. (LIBG-205)
Information: Line 199485, Cell 'sky130_fd_sc_lp__dlclkp_1', Complex function sequential cell will skip
 sequential cell timing consistency check. (LIBG-275)
Information: Line 199485, Cell 'sky130_fd_sc_lp__dlclkp_1', Derived ICG type for cell 'sky130_fd_sc_lp__dlclkp_1' is 'latch_posedge'. (LIBG-265)
Warning: Line 199743, Cell 'sky130_fd_sc_lp__dlclkp_2', Cell(sky130_fd_sc_lp__dlclkp_2): The function cannot be recognized 
	during functional optimization by Design Compiler. (LIBG-205)
Information: Line 199743, Cell 'sky130_fd_sc_lp__dlclkp_2', Complex function sequential cell will skip
 sequential cell timing consistency check. (LIBG-275)
Information: Line 199743, Cell 'sky130_fd_sc_lp__dlclkp_2', Derived ICG type for cell 'sky130_fd_sc_lp__dlclkp_2' is 'latch_posedge'. (LIBG-265)
Warning: Line 200001, Cell 'sky130_fd_sc_lp__dlclkp_4', Cell(sky130_fd_sc_lp__dlclkp_4): The function cannot be recognized 
	during functional optimization by Design Compiler. (LIBG-205)
Information: Line 200001, Cell 'sky130_fd_sc_lp__dlclkp_4', Complex function sequential cell will skip
 sequential cell timing consistency check. (LIBG-275)
Information: Line 200001, Cell 'sky130_fd_sc_lp__dlclkp_4', Derived ICG type for cell 'sky130_fd_sc_lp__dlclkp_4' is 'latch_posedge'. (LIBG-265)
Warning: Line 200259, Cell 'sky130_fd_sc_lp__dlclkp_lp', Cell(sky130_fd_sc_lp__dlclkp_lp): The function cannot be recognized 
	during functional optimization by Design Compiler. (LIBG-205)
Information: Line 200259, Cell 'sky130_fd_sc_lp__dlclkp_lp', Complex function sequential cell will skip
 sequential cell timing consistency check. (LIBG-275)
Information: Line 200259, Cell 'sky130_fd_sc_lp__dlclkp_lp', Derived ICG type for cell 'sky130_fd_sc_lp__dlclkp_lp' is 'latch_posedge'. (LIBG-265)
Warning: Line 219769, Cell 'sky130_fd_sc_lp__edfxbp_1', The 'sky130_fd_sc_lp__edfxbp_1' cell is missing the 'nextstate_type' attribute
	for some input pin(s) specified in 'next_state' of its ff/ff_bank group. (LIBG-243)
Warning: Line 530360, Cell 'sky130_fd_sc_lp__sdlclkp_1', Cell(sky130_fd_sc_lp__sdlclkp_1): The function cannot be recognized 
	during functional optimization by Design Compiler. (LIBG-205)
Information: Line 530360, Cell 'sky130_fd_sc_lp__sdlclkp_1', Complex function sequential cell will skip
 sequential cell timing consistency check. (LIBG-275)
Information: Line 530360, Cell 'sky130_fd_sc_lp__sdlclkp_1', Derived ICG type for cell 'sky130_fd_sc_lp__sdlclkp_1' is 'latch_posedge_precontrol'. (LIBG-265)
Warning: Line 530701, Cell 'sky130_fd_sc_lp__sdlclkp_2', Cell(sky130_fd_sc_lp__sdlclkp_2): The function cannot be recognized 
	during functional optimization by Design Compiler. (LIBG-205)
Information: Line 530701, Cell 'sky130_fd_sc_lp__sdlclkp_2', Complex function sequential cell will skip
 sequential cell timing consistency check. (LIBG-275)
Information: Line 530701, Cell 'sky130_fd_sc_lp__sdlclkp_2', Derived ICG type for cell 'sky130_fd_sc_lp__sdlclkp_2' is 'latch_posedge_precontrol'. (LIBG-265)
Warning: Line 531042, Cell 'sky130_fd_sc_lp__sdlclkp_4', Cell(sky130_fd_sc_lp__sdlclkp_4): The function cannot be recognized 
	during functional optimization by Design Compiler. (LIBG-205)
Information: Line 531042, Cell 'sky130_fd_sc_lp__sdlclkp_4', Complex function sequential cell will skip
 sequential cell timing consistency check. (LIBG-275)
Information: Line 531042, Cell 'sky130_fd_sc_lp__sdlclkp_4', Derived ICG type for cell 'sky130_fd_sc_lp__sdlclkp_4' is 'latch_posedge_precontrol'. (LIBG-265)
Warning: Line 531383, Cell 'sky130_fd_sc_lp__sdlclkp_lp', Cell(sky130_fd_sc_lp__sdlclkp_lp): The function cannot be recognized 
	during functional optimization by Design Compiler. (LIBG-205)
Information: Line 531383, Cell 'sky130_fd_sc_lp__sdlclkp_lp', Complex function sequential cell will skip
 sequential cell timing consistency check. (LIBG-275)
Information: Line 531383, Cell 'sky130_fd_sc_lp__sdlclkp_lp', Derived ICG type for cell 'sky130_fd_sc_lp__sdlclkp_lp' is 'latch_posedge_precontrol'. (LIBG-265)
Information: Line 534707, Cell 'sky130_fd_sc_lp__srsdfrtn_1', Complex function sequential cell will skip
 sequential cell timing consistency check. (LIBG-275)
Information: Line 535307, Cell 'sky130_fd_sc_lp__srsdfrtp_1', Complex function sequential cell will skip
 sequential cell timing consistency check. (LIBG-275)
Information: Line 535907, Cell 'sky130_fd_sc_lp__srsdfstp_1', Complex function sequential cell will skip
 sequential cell timing consistency check. (LIBG-275)
Information: Line 536507, Cell 'sky130_fd_sc_lp__srsdfxtp_1', Complex function sequential cell will skip
 sequential cell timing consistency check. (LIBG-275)
