/eda/synopsys/syn/N-2017.09-SP5/auxx/gui/dv/dv_setup.tcl
/eda/synopsys/syn/N-2017.09-SP5/auxx/gui/syn/snpsSynProcs.tcl
/eda/synopsys/syn/N-2017.09-SP5/auxx/gui/syn/layout/pkgIndex.tcl
/eda/synopsys/syn/N-2017.09-SP5/auxx/gui/common/table/pkgIndex.tcl
/eda/synopsys/syn/N-2017.09-SP5/auxx/gui/common/menus/pkgIndex.tcl
/eda/synopsys/syn/N-2017.09-SP5/auxx/gui/common/strokes/pkgIndex.tcl
/eda/synopsys/syn/N-2017.09-SP5/auxx/gui/common/layout/pkgIndex.tcl
/eda/synopsys/syn/N-2017.09-SP5/auxx/gui/common/setup/pkgIndex.tcl
/eda/synopsys/syn/N-2017.09-SP5/auxx/gui/common/qtcl/pkgIndex.tcl
/eda/synopsys/syn/N-2017.09-SP5/auxx/gui/common/palettegroup/pkgIndex.tcl
/eda/synopsys/syn/N-2017.09-SP5/auxx/gui/common/tiledview/pkgIndex.tcl
/eda/synopsys/syn/N-2017.09-SP5/auxx/gui/common/tq/pkgIndex.tcl
/eda/synopsys/syn/N-2017.09-SP5/auxx/gui/common/commandform/pkgIndex.tcl
/eda/synopsys/syn/N-2017.09-SP5/auxx/gui/common/select/pkgIndex.tcl
/eda/synopsys/syn/N-2017.09-SP5/auxx/gui/common/pathinspector/pkgIndex.tcl
/eda/synopsys/syn/N-2017.09-SP5/auxx/gui/common/acg/pkgIndex.tcl
/eda/synopsys/syn/N-2017.09-SP5/auxx/gui/common/WindowFrameWork/pkgIndex.tcl
/eda/synopsys/syn/N-2017.09-SP5/auxx/gui/common/tcl-dp/pkgIndex.tcl
/eda/synopsys/syn/N-2017.09-SP5/auxx/gui/common/histogram/pkgIndex.tcl
/eda/synopsys/syn/N-2017.09-SP5/auxx/gui/common/libviewer/pkgIndex.tcl
/eda/synopsys/syn/N-2017.09-SP5/auxx/gui/common/regressionToolkit/pkgIndex.tcl
/eda/synopsys/syn/N-2017.09-SP5/auxx/gui/common/schematic/pkgIndex.tcl
/eda/synopsys/syn/N-2017.09-SP5/auxx/gui/common/fanoutviewer/pkgIndex.tcl
/eda/synopsys/syn/N-2017.09-SP5/auxx/gui/common/profiler/pkgIndex.tcl
/eda/synopsys/syn/N-2017.09-SP5/auxx/gui/common/timing/pkgIndex.tcl
/eda/synopsys/syn/N-2017.09-SP5/auxx/gui/common/mrupalette/pkgIndex.tcl
/eda/synopsys/syn/N-2017.09-SP5/auxx/gui/common/dialogs/pkgIndex.tcl
/eda/synopsys/syn/N-2017.09-SP5/auxx/gui/common/highlight/pkgIndex.tcl
/eda/synopsys/syn/N-2017.09-SP5/auxx/gui/common/opdlg/pkgIndex.tcl
/eda/synopsys/syn/N-2017.09-SP5/auxx/gui/common/misc/pkgIndex.tcl
/eda/synopsys/syn/N-2017.09-SP5/auxx/gui/common/docBrowser/pkgIndex.tcl
/eda/synopsys/syn/N-2017.09-SP5/auxx/gui/common/hierarchy/pkgIndex.tcl
/eda/synopsys/syn/N-2017.09-SP5/auxx/gui/common/view/pkgIndex.tcl
/eda/synopsys/syn/N-2017.09-SP5/auxx/gui/dv/pkgIndex.tcl
/eda/synopsys/syn/N-2017.09-SP5/auxx/syn/lib/pkgIndex.tcl
/eda/synopsys/syn/N-2017.09-SP5/auxx/tcllib/lib/iwidgets4.1/pkgIndex.tcl
/eda/synopsys/syn/N-2017.09-SP5/auxx/tcllib/snps_tcl/snpsTclPro/pkgIndex.tcl
/eda/synopsys/syn/N-2017.09-SP5/auxx/tcllib/snps_tcl/snpsTest/pkgIndex.tcl
/eda/synopsys/syn/N-2017.09-SP5/auxx/tcllib/snps_tcl/snpsUtils/pkgIndex.tcl
/eda/synopsys/syn/N-2017.09-SP5/auxx/tcllib/snps_tcl/pkgIndex.tcl
/eda/synopsys/syn/N-2017.09-SP5/auxx/tcllib/lib/tcl8.6/http/pkgIndex.tcl
/eda/synopsys/syn/N-2017.09-SP5/auxx/tcllib/lib/tcl8.6/http1.0/pkgIndex.tcl
/eda/synopsys/syn/N-2017.09-SP5/auxx/tcllib/lib/tcl8.6/opt/pkgIndex.tcl
/eda/synopsys/syn/N-2017.09-SP5/auxx/tcllib/lib/tcl8.6/reg/pkgIndex.tcl
/eda/synopsys/syn/N-2017.09-SP5/auxx/tcllib/lib/tcl8.6/dde/pkgIndex.tcl
/eda/synopsys/syn/N-2017.09-SP5/auxx/tcllib/lib/tcl8.6/tcltest/pkgIndex.tcl
/eda/synopsys/syn/N-2017.09-SP5/auxx/tcllib/lib/tcl8.6/platform/pkgIndex.tcl
/eda/synopsys/syn/N-2017.09-SP5/auxx/tcllib/lib/tcl8.6/msgcat/pkgIndex.tcl
/eda/synopsys/syn/N-2017.09-SP5/auxx/gui/common/setup/snpsCommonSetup.tcl
/eda/synopsys/syn/N-2017.09-SP5/auxx/gui/common/setup/snpsCustomize.tcl
/eda/synopsys/syn/N-2017.09-SP5/auxx/gui/common/setup/snpsProcheck.tcl
/eda/synopsys/syn/N-2017.09-SP5/auxx/gui/common/qtcl/.synopsys_qtcl.tcl
/eda/synopsys/syn/N-2017.09-SP5/auxx/gui/common/highlight/highlight.tcl
/eda/synopsys/syn/N-2017.09-SP5/auxx/gui/common/misc/base.tcl
/eda/synopsys/syn/N-2017.09-SP5/auxx/gui/common/misc/timing.tcl
/eda/synopsys/syn/N-2017.09-SP5/auxx/gui/common/misc/setting.tcl
/eda/synopsys/syn/N-2017.09-SP5/auxx/gui/common/misc/preset.tcl
/eda/synopsys/syn/N-2017.09-SP5/auxx/gui/common/WindowFrameWork/windowFrameWork.tcl
/eda/synopsys/syn/N-2017.09-SP5/auxx/gui/common/WindowFrameWork/skipBusyCursorCmdList.tcl
/eda/synopsys/syn/N-2017.09-SP5/auxx/gui/common/docBrowser/docBrowser.tcl
/eda/synopsys/syn/N-2017.09-SP5/auxx/tcllib/snps_tcl/snpsUtils/snpsUtils.tcl
/eda/synopsys/syn/N-2017.09-SP5/auxx/gui/common/dialogs/ObjectChooser.tcl
/eda/synopsys/syn/N-2017.09-SP5/auxx/gui/common/misc/DialogObjectChooser.tcl
/eda/synopsys/syn/N-2017.09-SP5/auxx/gui/common/dialogs/HistBinInformation.tcl
/eda/synopsys/syn/N-2017.09-SP5/auxx/gui/common/dialogs/HistBin1Information.tcl
/eda/synopsys/syn/N-2017.09-SP5/auxx/gui/common/dialogs/BinsOnlyInformation.tcl
/eda/synopsys/syn/N-2017.09-SP5/auxx/gui/common/dialogs/FileChooser.tcl
/eda/synopsys/syn/N-2017.09-SP5/auxx/gui/common/dialogs/PathPinSimpleInfo.tcl
/eda/synopsys/syn/N-2017.09-SP5/auxx/gui/common/dialogs/PathsBasicInfo.tcl
/eda/synopsys/syn/N-2017.09-SP5/auxx/gui/common/dialogs/PathsBasicSimpleInfo.tcl
/eda/synopsys/syn/N-2017.09-SP5/auxx/gui/common/dialogs/SlctOperationInfo.tcl
/eda/synopsys/syn/N-2017.09-SP5/auxx/gui/common/dialogs/ObjectListInfo.tcl
/eda/synopsys/syn/N-2017.09-SP5/auxx/gui/common/dialogs/FanInOutInfo.tcl
/eda/synopsys/syn/N-2017.09-SP5/auxx/gui/common/dialogs/NumberOfLevelsChooser.tcl
/eda/synopsys/syn/N-2017.09-SP5/auxx/gui/common/dialogs/WindowReuseInfo.tcl
/eda/synopsys/syn/N-2017.09-SP5/auxx/gui/common/dialogs/ReportOutputOptionInfo.tcl
/eda/synopsys/syn/N-2017.09-SP5/auxx/gui/common/setup/snpsCollections.tcl
/eda/synopsys/syn/N-2017.09-SP5/auxx/gui/common/dialogs/CompileLinkDesign.tcl
/eda/synopsys/syn/N-2017.09-SP5/auxx/gui/common/histogram/DialogEndpointSlack.tcl
/eda/synopsys/syn/N-2017.09-SP5/auxx/gui/common/histogram/DialogPathsSlack.tcl
/eda/synopsys/syn/N-2017.09-SP5/auxx/gui/common/histogram/DialogNetCapacitance.tcl
/eda/synopsys/syn/N-2017.09-SP5/auxx/gui/common/schematic/DialogPathSchematicFanInOut.tcl
/eda/synopsys/syn/N-2017.09-SP5/auxx/gui/common/schematic/DialogPathSchematicAddPaths.tcl
/root/pwd/work/github/SOC_V3.0_final4/To_Customer/flow/dc/scr/syn.tcl
/root/pwd/work/github/SOC_V3.0_final4/To_Customer/flow/filelist/gen_filelist.tcl
/root/pwd/work/github/SOC_V3.0_final4/To_Customer/flow/filelist/rtl_list.tcl
/root/pwd/work/github/SOC_V3.0_final4/To_Customer/soc/ibex/vendor/lowrisc_ip/ip/prim/rtl/prim_assert.sv
/root/pwd/work/github/SOC_V3.0_final4/To_Customer/soc/ibex/vendor/lowrisc_ip/ip/prim/rtl/prim_assert_dummy_macros.svh
/root/pwd/work/github/SOC_V3.0_final4/To_Customer/soc/ibex/vendor/lowrisc_ip/ip/prim/rtl/prim_assert_sec_cm.svh
/root/pwd/work/github/SOC_V3.0_final4/To_Customer/soc/ibex/vendor/lowrisc_ip/ip/prim/rtl/prim_flop_macros.sv
/root/pwd/work/github/SOC_V3.0_final4/To_Customer/soc/ibex/vendor/lowrisc_ip/ip/prim/rtl/prim_assert.sv
/root/pwd/work/github/SOC_V3.0_final4/To_Customer/soc/ibex/vendor/lowrisc_ip/ip/prim/rtl/prim_assert_dummy_macros.svh
/root/pwd/work/github/SOC_V3.0_final4/To_Customer/soc/ibex/vendor/lowrisc_ip/ip/prim/rtl/prim_assert_sec_cm.svh
/root/pwd/work/github/SOC_V3.0_final4/To_Customer/soc/ibex/vendor/lowrisc_ip/ip/prim/rtl/prim_flop_macros.sv
/root/pwd/work/github/SOC_V3.0_final4/To_Customer/soc/ibex/vendor/lowrisc_ip/ip/prim/rtl/prim_assert.sv
/root/pwd/work/github/SOC_V3.0_final4/To_Customer/soc/ibex/vendor/lowrisc_ip/ip/prim/rtl/prim_assert_dummy_macros.svh
/root/pwd/work/github/SOC_V3.0_final4/To_Customer/soc/ibex/vendor/lowrisc_ip/ip/prim/rtl/prim_assert_sec_cm.svh
/root/pwd/work/github/SOC_V3.0_final4/To_Customer/soc/ibex/vendor/lowrisc_ip/ip/prim/rtl/prim_flop_macros.sv
/root/pwd/work/github/SOC_V3.0_final4/To_Customer/soc/ibex/rtl/ibex_pmp_reset_default.svh
/root/pwd/work/github/SOC_V3.0_final4/To_Customer/soc/ibex/vendor/lowrisc_ip/ip/prim/rtl/prim_assert.sv
/root/pwd/work/github/SOC_V3.0_final4/To_Customer/soc/ibex/vendor/lowrisc_ip/ip/prim/rtl/prim_assert_dummy_macros.svh
/root/pwd/work/github/SOC_V3.0_final4/To_Customer/soc/ibex/vendor/lowrisc_ip/ip/prim/rtl/prim_assert_sec_cm.svh
/root/pwd/work/github/SOC_V3.0_final4/To_Customer/soc/ibex/vendor/lowrisc_ip/ip/prim/rtl/prim_flop_macros.sv
/root/pwd/work/github/SOC_V3.0_final4/To_Customer/soc/ibex/vendor/lowrisc_ip/ip/prim/rtl/prim_assert.sv
/root/pwd/work/github/SOC_V3.0_final4/To_Customer/soc/ibex/vendor/lowrisc_ip/ip/prim/rtl/prim_assert_dummy_macros.svh
/root/pwd/work/github/SOC_V3.0_final4/To_Customer/soc/ibex/vendor/lowrisc_ip/ip/prim/rtl/prim_assert_sec_cm.svh
/root/pwd/work/github/SOC_V3.0_final4/To_Customer/soc/ibex/vendor/lowrisc_ip/ip/prim/rtl/prim_flop_macros.sv
/root/pwd/work/github/SOC_V3.0_final4/To_Customer/soc/ibex/vendor/lowrisc_ip/ip/prim/rtl/prim_assert.sv
/root/pwd/work/github/SOC_V3.0_final4/To_Customer/soc/ibex/vendor/lowrisc_ip/ip/prim/rtl/prim_assert_dummy_macros.svh
/root/pwd/work/github/SOC_V3.0_final4/To_Customer/soc/ibex/vendor/lowrisc_ip/ip/prim/rtl/prim_assert_sec_cm.svh
/root/pwd/work/github/SOC_V3.0_final4/To_Customer/soc/ibex/vendor/lowrisc_ip/ip/prim/rtl/prim_flop_macros.sv
/root/pwd/work/github/SOC_V3.0_final4/To_Customer/soc/ibex/vendor/lowrisc_ip/ip/prim/rtl/prim_assert.sv
/root/pwd/work/github/SOC_V3.0_final4/To_Customer/soc/ibex/vendor/lowrisc_ip/ip/prim/rtl/prim_assert_dummy_macros.svh
/root/pwd/work/github/SOC_V3.0_final4/To_Customer/soc/ibex/vendor/lowrisc_ip/ip/prim/rtl/prim_assert_sec_cm.svh
/root/pwd/work/github/SOC_V3.0_final4/To_Customer/soc/ibex/vendor/lowrisc_ip/ip/prim/rtl/prim_flop_macros.sv
/root/pwd/work/github/SOC_V3.0_final4/To_Customer/soc/ibex/vendor/lowrisc_ip/ip/prim/rtl/prim_assert.sv
/root/pwd/work/github/SOC_V3.0_final4/To_Customer/soc/ibex/vendor/lowrisc_ip/ip/prim/rtl/prim_assert_dummy_macros.svh
/root/pwd/work/github/SOC_V3.0_final4/To_Customer/soc/ibex/vendor/lowrisc_ip/ip/prim/rtl/prim_assert_sec_cm.svh
/root/pwd/work/github/SOC_V3.0_final4/To_Customer/soc/ibex/vendor/lowrisc_ip/ip/prim/rtl/prim_flop_macros.sv
/root/pwd/work/github/SOC_V3.0_final4/To_Customer/soc/ibex/vendor/lowrisc_ip/ip/prim/rtl/prim_assert.sv
/root/pwd/work/github/SOC_V3.0_final4/To_Customer/soc/ibex/vendor/lowrisc_ip/ip/prim/rtl/prim_assert_dummy_macros.svh
/root/pwd/work/github/SOC_V3.0_final4/To_Customer/soc/ibex/vendor/lowrisc_ip/ip/prim/rtl/prim_assert_sec_cm.svh
/root/pwd/work/github/SOC_V3.0_final4/To_Customer/soc/ibex/vendor/lowrisc_ip/ip/prim/rtl/prim_flop_macros.sv
/root/pwd/work/github/SOC_V3.0_final4/To_Customer/soc/ibex/vendor/lowrisc_ip/ip/prim/rtl/prim_assert.sv
/root/pwd/work/github/SOC_V3.0_final4/To_Customer/soc/ibex/vendor/lowrisc_ip/ip/prim/rtl/prim_assert_dummy_macros.svh
/root/pwd/work/github/SOC_V3.0_final4/To_Customer/soc/ibex/vendor/lowrisc_ip/ip/prim/rtl/prim_assert_sec_cm.svh
/root/pwd/work/github/SOC_V3.0_final4/To_Customer/soc/ibex/vendor/lowrisc_ip/ip/prim/rtl/prim_flop_macros.sv
/root/pwd/work/github/SOC_V3.0_final4/To_Customer/soc/ibex/vendor/lowrisc_ip/ip/prim/rtl/prim_assert.sv
/root/pwd/work/github/SOC_V3.0_final4/To_Customer/soc/ibex/vendor/lowrisc_ip/ip/prim/rtl/prim_assert_dummy_macros.svh
/root/pwd/work/github/SOC_V3.0_final4/To_Customer/soc/ibex/vendor/lowrisc_ip/ip/prim/rtl/prim_assert_sec_cm.svh
/root/pwd/work/github/SOC_V3.0_final4/To_Customer/soc/ibex/vendor/lowrisc_ip/ip/prim/rtl/prim_flop_macros.sv
/root/pwd/work/github/SOC_V3.0_final4/To_Customer/soc/ibex/vendor/lowrisc_ip/ip/prim/rtl/prim_assert.sv
/root/pwd/work/github/SOC_V3.0_final4/To_Customer/soc/ibex/vendor/lowrisc_ip/ip/prim/rtl/prim_assert_dummy_macros.svh
/root/pwd/work/github/SOC_V3.0_final4/To_Customer/soc/ibex/vendor/lowrisc_ip/ip/prim/rtl/prim_assert_sec_cm.svh
/root/pwd/work/github/SOC_V3.0_final4/To_Customer/soc/ibex/vendor/lowrisc_ip/ip/prim/rtl/prim_flop_macros.sv
/root/pwd/work/github/SOC_V3.0_final4/To_Customer/soc/ibex/vendor/lowrisc_ip/ip/prim/rtl/prim_assert_dummy_macros.svh
/root/pwd/work/github/SOC_V3.0_final4/To_Customer/soc/ibex/vendor/lowrisc_ip/ip/prim/rtl/prim_assert_sec_cm.svh
/root/pwd/work/github/SOC_V3.0_final4/To_Customer/soc/ibex/vendor/lowrisc_ip/ip/prim/rtl/prim_flop_macros.sv
/root/pwd/work/github/SOC_V3.0_final4/To_Customer/soc/ibex/vendor/lowrisc_ip/ip/prim/rtl/prim_assert.sv
/root/pwd/work/github/SOC_V3.0_final4/To_Customer/soc/ibex/vendor/lowrisc_ip/ip/prim/rtl/prim_assert_dummy_macros.svh
/root/pwd/work/github/SOC_V3.0_final4/To_Customer/soc/ibex/vendor/lowrisc_ip/ip/prim/rtl/prim_assert_sec_cm.svh
/root/pwd/work/github/SOC_V3.0_final4/To_Customer/soc/ibex/vendor/lowrisc_ip/ip/prim/rtl/prim_flop_macros.sv
/root/pwd/work/github/SOC_V3.0_final4/To_Customer/soc/ibex/vendor/lowrisc_ip/ip/prim/rtl/prim_assert.sv
/root/pwd/work/github/SOC_V3.0_final4/To_Customer/soc/ibex/vendor/lowrisc_ip/ip/prim/rtl/prim_assert_dummy_macros.svh
/root/pwd/work/github/SOC_V3.0_final4/To_Customer/soc/ibex/vendor/lowrisc_ip/ip/prim/rtl/prim_assert_sec_cm.svh
/root/pwd/work/github/SOC_V3.0_final4/To_Customer/soc/ibex/vendor/lowrisc_ip/ip/prim/rtl/prim_flop_macros.sv
/root/pwd/work/github/SOC_V3.0_final4/To_Customer/soc/ibex/vendor/lowrisc_ip/ip/prim/rtl/prim_assert.sv
/root/pwd/work/github/SOC_V3.0_final4/To_Customer/soc/ibex/vendor/lowrisc_ip/ip/prim/rtl/prim_assert_dummy_macros.svh
/root/pwd/work/github/SOC_V3.0_final4/To_Customer/soc/ibex/vendor/lowrisc_ip/ip/prim/rtl/prim_assert_sec_cm.svh
/root/pwd/work/github/SOC_V3.0_final4/To_Customer/soc/ibex/vendor/lowrisc_ip/ip/prim/rtl/prim_flop_macros.sv
/root/pwd/work/github/SOC_V3.0_final4/To_Customer/soc/ibex/vendor/lowrisc_ip/ip/prim/rtl/prim_assert.sv
/root/pwd/work/github/SOC_V3.0_final4/To_Customer/soc/ibex/vendor/lowrisc_ip/ip/prim/rtl/prim_assert_dummy_macros.svh
/root/pwd/work/github/SOC_V3.0_final4/To_Customer/soc/ibex/vendor/lowrisc_ip/ip/prim/rtl/prim_assert_sec_cm.svh
/root/pwd/work/github/SOC_V3.0_final4/To_Customer/soc/ibex/vendor/lowrisc_ip/ip/prim/rtl/prim_flop_macros.sv
/root/pwd/work/github/SOC_V3.0_final4/To_Customer/soc/ibex/vendor/lowrisc_ip/ip/prim/rtl/prim_assert.sv
/root/pwd/work/github/SOC_V3.0_final4/To_Customer/soc/ibex/vendor/lowrisc_ip/ip/prim/rtl/prim_assert_dummy_macros.svh
/root/pwd/work/github/SOC_V3.0_final4/To_Customer/soc/ibex/vendor/lowrisc_ip/ip/prim/rtl/prim_assert_sec_cm.svh
/root/pwd/work/github/SOC_V3.0_final4/To_Customer/soc/ibex/vendor/lowrisc_ip/ip/prim/rtl/prim_flop_macros.sv
/root/pwd/work/github/SOC_V3.0_final4/To_Customer/soc/ibex/vendor/lowrisc_ip/ip/prim/rtl/prim_assert.sv
/root/pwd/work/github/SOC_V3.0_final4/To_Customer/soc/ibex/vendor/lowrisc_ip/ip/prim/rtl/prim_assert_dummy_macros.svh
/root/pwd/work/github/SOC_V3.0_final4/To_Customer/soc/ibex/vendor/lowrisc_ip/ip/prim/rtl/prim_assert_sec_cm.svh
/root/pwd/work/github/SOC_V3.0_final4/To_Customer/soc/ibex/vendor/lowrisc_ip/ip/prim/rtl/prim_flop_macros.sv
/root/pwd/work/github/SOC_V3.0_final4/To_Customer/soc/sim/output/ip/include/SoC_amba-defines.v
/root/pwd/work/github/SOC_V3.0_final4/To_Customer/soc/sim/output/ip/apb_subsystem/rtl/i2c/i2c_master_defines.v
/root/pwd/work/github/SOC_V3.0_final4/To_Customer/soc/sim/output/ip/apb_subsystem/rtl/i2c/i2c_master_defines.v
/root/pwd/work/github/SOC_V3.0_final4/To_Customer/soc/sim/output/ip/apb_subsystem/rtl/i2c/i2c_master_defines.v
/root/pwd/work/github/SOC_V3.0_final4/To_Customer/soc/sim/output/ip/apb_subsystem/rtl/i2c/timescale.v
/root/pwd/work/github/SOC_V3.0_final4/To_Customer/soc/sim/output/ip/apb_subsystem/rtl/uart/uart_defines.v
/root/pwd/work/github/SOC_V3.0_final4/To_Customer/soc/sim/output/ip/apb_subsystem/rtl/i2c/timescale.v
/root/pwd/work/github/SOC_V3.0_final4/To_Customer/soc/sim/output/ip/apb_subsystem/rtl/uart/uart_defines.v
/root/pwd/work/github/SOC_V3.0_final4/To_Customer/soc/sim/output/ip/apb_subsystem/rtl/i2c/timescale.v
/root/pwd/work/github/SOC_V3.0_final4/To_Customer/soc/sim/output/ip/apb_subsystem/rtl/uart/uart_defines.v
/root/pwd/work/github/SOC_V3.0_final4/To_Customer/soc/sim/output/ip/apb_subsystem/rtl/i2c/timescale.v
/root/pwd/work/github/SOC_V3.0_final4/To_Customer/soc/sim/output/ip/apb_subsystem/rtl/i2c/timescale.v
/root/pwd/work/github/SOC_V3.0_final4/To_Customer/soc/sim/output/ip/apb_subsystem/rtl/uart/uart_defines.v
/root/pwd/work/github/SOC_V3.0_final4/To_Customer/soc/sim/output/ip/apb_subsystem/rtl/i2c/timescale.v
/root/pwd/work/github/SOC_V3.0_final4/To_Customer/soc/sim/output/ip/apb_subsystem/rtl/uart/uart_defines.v
/root/pwd/work/github/SOC_V3.0_final4/To_Customer/soc/ibex/vendor/lowrisc_ip/ip/prim/rtl/prim_assert.sv
/root/pwd/work/github/SOC_V3.0_final4/To_Customer/soc/ibex/vendor/lowrisc_ip/ip/prim/rtl/prim_assert_dummy_macros.svh
/root/pwd/work/github/SOC_V3.0_final4/To_Customer/soc/ibex/vendor/lowrisc_ip/ip/prim/rtl/prim_assert_sec_cm.svh
/root/pwd/work/github/SOC_V3.0_final4/To_Customer/soc/ibex/vendor/lowrisc_ip/ip/prim/rtl/prim_flop_macros.sv
/root/pwd/work/github/SOC_V3.0_final4/To_Customer/soc/sim/output/ip/dma/dma_defs.v
/root/pwd/work/github/SOC_V3.0_final4/To_Customer/soc/sim/output/ip/dma/dma_defs.v
/root/pwd/work/github/SOC_V3.0_final4/To_Customer/soc/sim/output/ip/dma/dma_defs.v
/root/pwd/work/github/SOC_V3.0_final4/To_Customer/soc/sim/output/ip/dma/dma_defs.v
/root/pwd/work/github/SOC_V3.0_final4/To_Customer/soc/sim/output/ip/dma/dma_defs.v
/root/pwd/work/github/SOC_V3.0_final4/To_Customer/soc/sim/output/ip/dma/dma_defs.v
/root/pwd/work/github/SOC_V3.0_final4/To_Customer/soc/sim/output/ip/dma/dma_defs.v
/root/pwd/work/github/SOC_V3.0_final4/To_Customer/soc/sim/output/ip/dma/dma_defs.v
/root/pwd/work/github/SOC_V3.0_final4/To_Customer/soc/sim/output/ip/isp/isp_dma_defs.v
/root/pwd/work/github/SOC_V3.0_final4/To_Customer/soc/sim/output/ip/isp/isp_dma_defs.v
/root/pwd/work/github/SOC_V3.0_final4/To_Customer/soc/sim/output/ip/include/SoC_amba-defines.v
/root/pwd/work/github/SOC_V3.0_final4/To_Customer/soc/sim/output/ip/apb_subsystem/rtl/i2c/timescale.v
/root/pwd/work/github/SOC_V3.0_final4/To_Customer/soc/sim/output/ip/apb_subsystem/rtl/uart/uart_defines.v
/root/pwd/work/github/SOC_V3.0_final4/To_Customer/soc/sim/output/ip/apb_subsystem/rtl/i2c/timescale.v
/root/pwd/work/github/SOC_V3.0_final4/To_Customer/soc/sim/output/ip/apb_subsystem/rtl/uart/uart_defines.v
/root/pwd/work/github/SOC_V3.0_final4/To_Customer/soc/sim/output/ip/apb_subsystem/rtl/i2c/timescale.v
/root/pwd/work/github/SOC_V3.0_final4/To_Customer/soc/sim/output/ip/apb_subsystem/rtl/uart/uart_defines.v
/root/pwd/work/github/SOC_V3.0_final4/To_Customer/soc/sim/output/ip/apb_subsystem/rtl/i2c/timescale.v
/root/pwd/work/github/SOC_V3.0_final4/To_Customer/soc/sim/output/ip/apb_subsystem/rtl/i2c/timescale.v
/root/pwd/work/github/SOC_V3.0_final4/To_Customer/soc/sim/output/ip/apb_subsystem/rtl/uart/uart_defines.v
/root/pwd/work/github/SOC_V3.0_final4/To_Customer/soc/sim/output/ip/apb_subsystem/rtl/i2c/timescale.v
/root/pwd/work/github/SOC_V3.0_final4/To_Customer/soc/sim/output/ip/apb_subsystem/rtl/uart/uart_defines.v
/root/pwd/work/github/SOC_V3.0_final4/To_Customer/soc/ibex/vendor/lowrisc_ip/ip/prim/rtl/prim_assert.sv
/root/pwd/work/github/SOC_V3.0_final4/To_Customer/soc/ibex/vendor/lowrisc_ip/ip/prim/rtl/prim_assert_dummy_macros.svh
/root/pwd/work/github/SOC_V3.0_final4/To_Customer/soc/ibex/vendor/lowrisc_ip/ip/prim/rtl/prim_assert_sec_cm.svh
/root/pwd/work/github/SOC_V3.0_final4/To_Customer/soc/ibex/vendor/lowrisc_ip/ip/prim/rtl/prim_flop_macros.sv
/root/pwd/work/github/SOC_V3.0_final4/To_Customer/soc/ibex/vendor/lowrisc_ip/ip/prim/rtl/prim_assert.sv
/root/pwd/work/github/SOC_V3.0_final4/To_Customer/soc/ibex/vendor/lowrisc_ip/ip/prim/rtl/prim_assert_dummy_macros.svh
/root/pwd/work/github/SOC_V3.0_final4/To_Customer/soc/ibex/vendor/lowrisc_ip/ip/prim/rtl/prim_assert_sec_cm.svh
/root/pwd/work/github/SOC_V3.0_final4/To_Customer/soc/ibex/vendor/lowrisc_ip/ip/prim/rtl/prim_flop_macros.sv
/root/pwd/work/github/SOC_V3.0_final4/To_Customer/soc/ibex/vendor/lowrisc_ip/ip/prim/rtl/prim_assert.sv
/root/pwd/work/github/SOC_V3.0_final4/To_Customer/soc/ibex/vendor/lowrisc_ip/ip/prim/rtl/prim_assert_dummy_macros.svh
/root/pwd/work/github/SOC_V3.0_final4/To_Customer/soc/ibex/vendor/lowrisc_ip/ip/prim/rtl/prim_assert_sec_cm.svh
/root/pwd/work/github/SOC_V3.0_final4/To_Customer/soc/ibex/vendor/lowrisc_ip/ip/prim/rtl/prim_flop_macros.sv
/root/pwd/work/github/SOC_V3.0_final4/To_Customer/soc/ibex/vendor/lowrisc_ip/ip/prim/rtl/prim_assert.sv
/root/pwd/work/github/SOC_V3.0_final4/To_Customer/soc/ibex/vendor/lowrisc_ip/ip/prim/rtl/prim_assert_dummy_macros.svh
/root/pwd/work/github/SOC_V3.0_final4/To_Customer/soc/ibex/vendor/lowrisc_ip/ip/prim/rtl/prim_assert_sec_cm.svh
/root/pwd/work/github/SOC_V3.0_final4/To_Customer/soc/ibex/vendor/lowrisc_ip/ip/prim/rtl/prim_flop_macros.sv
/root/pwd/work/github/SOC_V3.0_final4/To_Customer/soc/ibex/vendor/lowrisc_ip/ip/prim/rtl/prim_assert.sv
/root/pwd/work/github/SOC_V3.0_final4/To_Customer/soc/ibex/vendor/lowrisc_ip/ip/prim/rtl/prim_assert_dummy_macros.svh
/root/pwd/work/github/SOC_V3.0_final4/To_Customer/soc/ibex/vendor/lowrisc_ip/ip/prim/rtl/prim_assert_sec_cm.svh
/root/pwd/work/github/SOC_V3.0_final4/To_Customer/soc/ibex/vendor/lowrisc_ip/ip/prim/rtl/prim_flop_macros.sv
/root/pwd/work/github/SOC_V3.0_final4/To_Customer/soc/ibex/vendor/lowrisc_ip/ip/prim/rtl/prim_assert.sv
/root/pwd/work/github/SOC_V3.0_final4/To_Customer/soc/ibex/vendor/lowrisc_ip/ip/prim/rtl/prim_assert_dummy_macros.svh
/root/pwd/work/github/SOC_V3.0_final4/To_Customer/soc/ibex/vendor/lowrisc_ip/ip/prim/rtl/prim_assert_sec_cm.svh
/root/pwd/work/github/SOC_V3.0_final4/To_Customer/soc/ibex/vendor/lowrisc_ip/ip/prim/rtl/prim_flop_macros.sv
/root/pwd/work/github/SOC_V3.0_final4/To_Customer/soc/ibex/vendor/lowrisc_ip/ip/prim/rtl/prim_assert.sv
/root/pwd/work/github/SOC_V3.0_final4/To_Customer/soc/ibex/vendor/lowrisc_ip/ip/prim/rtl/prim_assert_dummy_macros.svh
/root/pwd/work/github/SOC_V3.0_final4/To_Customer/soc/ibex/vendor/lowrisc_ip/ip/prim/rtl/prim_assert_sec_cm.svh
/root/pwd/work/github/SOC_V3.0_final4/To_Customer/soc/ibex/vendor/lowrisc_ip/ip/prim/rtl/prim_flop_macros.sv
/root/pwd/work/github/SOC_V3.0_final4/To_Customer/soc/ibex/vendor/lowrisc_ip/ip/prim/rtl/prim_assert.sv
/root/pwd/work/github/SOC_V3.0_final4/To_Customer/soc/ibex/vendor/lowrisc_ip/ip/prim/rtl/prim_assert_dummy_macros.svh
/root/pwd/work/github/SOC_V3.0_final4/To_Customer/soc/ibex/vendor/lowrisc_ip/ip/prim/rtl/prim_assert_sec_cm.svh
/root/pwd/work/github/SOC_V3.0_final4/To_Customer/soc/ibex/vendor/lowrisc_ip/ip/prim/rtl/prim_flop_macros.sv
/root/pwd/work/github/SOC_V3.0_final4/To_Customer/soc/ibex/vendor/lowrisc_ip/ip/prim/rtl/prim_assert.sv
/root/pwd/work/github/SOC_V3.0_final4/To_Customer/soc/ibex/vendor/lowrisc_ip/ip/prim/rtl/prim_assert_dummy_macros.svh
/root/pwd/work/github/SOC_V3.0_final4/To_Customer/soc/ibex/vendor/lowrisc_ip/ip/prim/rtl/prim_assert_sec_cm.svh
/root/pwd/work/github/SOC_V3.0_final4/To_Customer/soc/ibex/vendor/lowrisc_ip/ip/prim/rtl/prim_flop_macros.sv
/root/pwd/work/github/SOC_V3.0_final4/To_Customer/soc/ibex/vendor/lowrisc_ip/ip/prim/rtl/prim_assert.sv
/root/pwd/work/github/SOC_V3.0_final4/To_Customer/soc/ibex/vendor/lowrisc_ip/ip/prim/rtl/prim_assert_dummy_macros.svh
/root/pwd/work/github/SOC_V3.0_final4/To_Customer/soc/ibex/vendor/lowrisc_ip/ip/prim/rtl/prim_assert_sec_cm.svh
/root/pwd/work/github/SOC_V3.0_final4/To_Customer/soc/ibex/vendor/lowrisc_ip/ip/prim/rtl/prim_flop_macros.sv
/root/pwd/work/github/SOC_V3.0_final4/To_Customer/soc/ibex/rtl/ibex_pmp_reset_default.svh
/root/pwd/work/github/SOC_V3.0_final4/To_Customer/soc/ibex/vendor/lowrisc_ip/ip/prim/rtl/prim_assert.sv
/root/pwd/work/github/SOC_V3.0_final4/To_Customer/soc/ibex/vendor/lowrisc_ip/ip/prim/rtl/prim_assert_dummy_macros.svh
/root/pwd/work/github/SOC_V3.0_final4/To_Customer/soc/ibex/vendor/lowrisc_ip/ip/prim/rtl/prim_assert_sec_cm.svh
/root/pwd/work/github/SOC_V3.0_final4/To_Customer/soc/ibex/vendor/lowrisc_ip/ip/prim/rtl/prim_flop_macros.sv
/root/pwd/work/github/SOC_V3.0_final4/To_Customer/soc/ibex/vendor/lowrisc_ip/ip/prim/rtl/prim_assert.sv
/root/pwd/work/github/SOC_V3.0_final4/To_Customer/soc/ibex/vendor/lowrisc_ip/ip/prim/rtl/prim_assert_dummy_macros.svh
/root/pwd/work/github/SOC_V3.0_final4/To_Customer/soc/ibex/vendor/lowrisc_ip/ip/prim/rtl/prim_assert_sec_cm.svh
/root/pwd/work/github/SOC_V3.0_final4/To_Customer/soc/ibex/vendor/lowrisc_ip/ip/prim/rtl/prim_flop_macros.sv
/root/pwd/work/github/SOC_V3.0_final4/To_Customer/soc/ibex/vendor/lowrisc_ip/ip/prim/rtl/prim_assert.sv
/root/pwd/work/github/SOC_V3.0_final4/To_Customer/soc/ibex/vendor/lowrisc_ip/ip/prim/rtl/prim_assert_dummy_macros.svh
/root/pwd/work/github/SOC_V3.0_final4/To_Customer/soc/ibex/vendor/lowrisc_ip/ip/prim/rtl/prim_assert_sec_cm.svh
/root/pwd/work/github/SOC_V3.0_final4/To_Customer/soc/ibex/vendor/lowrisc_ip/ip/prim/rtl/prim_flop_macros.sv
/root/pwd/work/github/SOC_V3.0_final4/To_Customer/soc/ibex/vendor/lowrisc_ip/ip/prim/rtl/prim_assert.sv
/root/pwd/work/github/SOC_V3.0_final4/To_Customer/soc/ibex/vendor/lowrisc_ip/ip/prim/rtl/prim_assert_dummy_macros.svh
/root/pwd/work/github/SOC_V3.0_final4/To_Customer/soc/ibex/vendor/lowrisc_ip/ip/prim/rtl/prim_assert_sec_cm.svh
/root/pwd/work/github/SOC_V3.0_final4/To_Customer/soc/ibex/vendor/lowrisc_ip/ip/prim/rtl/prim_flop_macros.sv
/root/pwd/work/github/SOC_V3.0_final4/To_Customer/soc/ibex/vendor/lowrisc_ip/ip/prim/rtl/prim_assert.sv
/root/pwd/work/github/SOC_V3.0_final4/To_Customer/soc/ibex/vendor/lowrisc_ip/ip/prim/rtl/prim_assert_dummy_macros.svh
/root/pwd/work/github/SOC_V3.0_final4/To_Customer/soc/ibex/vendor/lowrisc_ip/ip/prim/rtl/prim_assert_sec_cm.svh
/root/pwd/work/github/SOC_V3.0_final4/To_Customer/soc/ibex/vendor/lowrisc_ip/ip/prim/rtl/prim_flop_macros.sv
/root/pwd/work/github/SOC_V3.0_final4/To_Customer/soc/ibex/vendor/lowrisc_ip/ip/prim/rtl/prim_assert.sv
/root/pwd/work/github/SOC_V3.0_final4/To_Customer/soc/ibex/vendor/lowrisc_ip/ip/prim/rtl/prim_assert_dummy_macros.svh
/root/pwd/work/github/SOC_V3.0_final4/To_Customer/soc/ibex/vendor/lowrisc_ip/ip/prim/rtl/prim_assert_sec_cm.svh
/root/pwd/work/github/SOC_V3.0_final4/To_Customer/soc/ibex/vendor/lowrisc_ip/ip/prim/rtl/prim_flop_macros.sv
/root/pwd/work/github/SOC_V3.0_final4/To_Customer/soc/ibex/vendor/lowrisc_ip/ip/prim/rtl/prim_assert.sv
/root/pwd/work/github/SOC_V3.0_final4/To_Customer/soc/ibex/vendor/lowrisc_ip/ip/prim/rtl/prim_assert_dummy_macros.svh
/root/pwd/work/github/SOC_V3.0_final4/To_Customer/soc/ibex/vendor/lowrisc_ip/ip/prim/rtl/prim_assert_sec_cm.svh
/root/pwd/work/github/SOC_V3.0_final4/To_Customer/soc/ibex/vendor/lowrisc_ip/ip/prim/rtl/prim_flop_macros.sv
/root/pwd/work/github/SOC_V3.0_final4/To_Customer/soc/ibex/vendor/lowrisc_ip/ip/prim/rtl/prim_assert.sv
/root/pwd/work/github/SOC_V3.0_final4/To_Customer/soc/ibex/vendor/lowrisc_ip/ip/prim/rtl/prim_assert_dummy_macros.svh
/root/pwd/work/github/SOC_V3.0_final4/To_Customer/soc/ibex/vendor/lowrisc_ip/ip/prim/rtl/prim_assert_sec_cm.svh
/root/pwd/work/github/SOC_V3.0_final4/To_Customer/soc/ibex/vendor/lowrisc_ip/ip/prim/rtl/prim_flop_macros.sv
/root/pwd/work/github/SOC_V3.0_final4/To_Customer/soc/ibex/vendor/lowrisc_ip/ip/prim/rtl/prim_assert.sv
/root/pwd/work/github/SOC_V3.0_final4/To_Customer/soc/ibex/vendor/lowrisc_ip/ip/prim/rtl/prim_assert_dummy_macros.svh
/root/pwd/work/github/SOC_V3.0_final4/To_Customer/soc/ibex/vendor/lowrisc_ip/ip/prim/rtl/prim_assert_sec_cm.svh
/root/pwd/work/github/SOC_V3.0_final4/To_Customer/soc/ibex/vendor/lowrisc_ip/ip/prim/rtl/prim_flop_macros.sv
/root/pwd/work/github/SOC_V3.0_final4/To_Customer/soc/sim/output/ip/dma/dma_defs.v
/root/pwd/work/github/SOC_V3.0_final4/To_Customer/soc/sim/output/ip/dma/dma_defs.v
/root/pwd/work/github/SOC_V3.0_final4/To_Customer/soc/sim/output/ip/dma/dma_defs.v
/root/pwd/work/github/SOC_V3.0_final4/To_Customer/soc/sim/output/ip/dma/dma_defs.v
/root/pwd/work/github/SOC_V3.0_final4/To_Customer/soc/sim/output/ip/dma/dma_defs.v
/root/pwd/work/github/SOC_V3.0_final4/To_Customer/soc/sim/output/ip/dma/dma_defs.v
/root/pwd/work/github/SOC_V3.0_final4/To_Customer/soc/sim/output/ip/dma/dma_defs.v
/root/pwd/work/github/SOC_V3.0_final4/To_Customer/soc/sim/output/ip/dma/dma_defs.v
/root/pwd/work/github/SOC_V3.0_final4/To_Customer/soc/sim/output/ip/isp/isp_dma_defs.v
/root/pwd/work/github/SOC_V3.0_final4/To_Customer/soc/sim/output/ip/isp/isp_dma_defs.v
/root/pwd/work/github/SOC_V3.0_final4/To_Customer/soc/sim/output/ip/apb_subsystem/rtl/i2c/i2c_master_defines.v
/root/pwd/work/github/SOC_V3.0_final4/To_Customer/soc/sim/output/ip/apb_subsystem/rtl/i2c/i2c_master_defines.v
/root/pwd/work/github/SOC_V3.0_final4/To_Customer/soc/sim/output/ip/apb_subsystem/rtl/i2c/i2c_master_defines.v
/root/pwd/work/github/SOC_V3.0_final4/To_Customer/soc/sim/output/ip/isp/isp_dgain.v
/root/pwd/work/github/SOC_V3.0_final4/To_Customer/soc/sim/output/ip/dm/dm_pkg.sv
/root/pwd/work/github/SOC_V3.0_final4/To_Customer/soc/ibex/vendor/lowrisc_ip/ip/prim/rtl/prim_fifo_sync_cnt.sv
/root/pwd/work/github/SOC_V3.0_final4/To_Customer/soc/ibex/vendor/lowrisc_ip/ip/prim/rtl/prim_assert.sv
/root/pwd/work/github/SOC_V3.0_final4/To_Customer/soc/ibex/vendor/lowrisc_ip/ip/prim/rtl/prim_assert_dummy_macros.svh
/root/pwd/work/github/SOC_V3.0_final4/To_Customer/soc/ibex/vendor/lowrisc_ip/ip/prim/rtl/prim_assert_sec_cm.svh
/root/pwd/work/github/SOC_V3.0_final4/To_Customer/soc/ibex/vendor/lowrisc_ip/ip/prim/rtl/prim_flop_macros.sv
/root/pwd/work/github/SOC_V3.0_final4/To_Customer/soc/ibex/vendor/lowrisc_ip/ip/prim/rtl/prim_util_pkg.sv
/root/pwd/work/github/SOC_V3.0_final4/To_Customer/soc/ibex/vendor/lowrisc_ip/ip/prim/rtl/prim_fifo_sync.sv
/root/pwd/work/github/SOC_V3.0_final4/To_Customer/soc/ibex/vendor/lowrisc_ip/ip/prim/rtl/prim_assert.sv
/root/pwd/work/github/SOC_V3.0_final4/To_Customer/soc/ibex/vendor/lowrisc_ip/ip/prim/rtl/prim_assert_dummy_macros.svh
/root/pwd/work/github/SOC_V3.0_final4/To_Customer/soc/ibex/vendor/lowrisc_ip/ip/prim/rtl/prim_assert_sec_cm.svh
/root/pwd/work/github/SOC_V3.0_final4/To_Customer/soc/ibex/vendor/lowrisc_ip/ip/prim/rtl/prim_flop_macros.sv
/root/pwd/work/github/SOC_V3.0_final4/To_Customer/soc/sim/output/ip/dm/dm_csrs.sv
/root/pwd/work/github/SOC_V3.0_final4/To_Customer/soc/sim/output/ip/dm/dm_sba.sv
/root/pwd/work/github/SOC_V3.0_final4/To_Customer/soc/sim/output/ip/dm/debug_rom/debug_rom.sv
/root/pwd/work/github/SOC_V3.0_final4/To_Customer/soc/sim/output/ip/dm/dm_mem.sv
/root/pwd/work/github/SOC_V3.0_final4/To_Customer/soc/sim/output/ip/dm/dmi_jtag_tap.sv
/root/pwd/work/github/SOC_V3.0_final4/To_Customer/soc/ibex/vendor/lowrisc_ip/ip/prim/rtl/prim_cdc_rand_delay.sv
/root/pwd/work/github/SOC_V3.0_final4/To_Customer/soc/ibex/vendor/lowrisc_ip/ip/prim_generic/rtl/prim_generic_flop.sv
/root/pwd/work/github/SOC_V3.0_final4/To_Customer/soc/ibex/vendor/lowrisc_ip/ip/prim/rtl/prim_assert.sv
/root/pwd/work/github/SOC_V3.0_final4/To_Customer/soc/ibex/vendor/lowrisc_ip/ip/prim/rtl/prim_assert_dummy_macros.svh
/root/pwd/work/github/SOC_V3.0_final4/To_Customer/soc/ibex/vendor/lowrisc_ip/ip/prim/rtl/prim_assert_sec_cm.svh
/root/pwd/work/github/SOC_V3.0_final4/To_Customer/soc/ibex/vendor/lowrisc_ip/ip/prim/rtl/prim_flop_macros.sv
/root/pwd/work/github/SOC_V3.0_final4/To_Customer/soc/ibex/dv/uvm/core_ibex/common/prim/prim_flop.sv
/root/pwd/work/github/SOC_V3.0_final4/To_Customer/soc/ibex/vendor/lowrisc_ip/ip/prim/rtl/prim_flop_2sync.sv
/root/pwd/work/github/SOC_V3.0_final4/To_Customer/soc/ibex/vendor/lowrisc_ip/ip/prim/rtl/prim_fifo_async.sv
/root/pwd/work/github/SOC_V3.0_final4/To_Customer/soc/ibex/vendor/lowrisc_ip/ip/prim/rtl/prim_assert.sv
/root/pwd/work/github/SOC_V3.0_final4/To_Customer/soc/ibex/vendor/lowrisc_ip/ip/prim/rtl/prim_assert_dummy_macros.svh
/root/pwd/work/github/SOC_V3.0_final4/To_Customer/soc/ibex/vendor/lowrisc_ip/ip/prim/rtl/prim_assert_sec_cm.svh
/root/pwd/work/github/SOC_V3.0_final4/To_Customer/soc/ibex/vendor/lowrisc_ip/ip/prim/rtl/prim_flop_macros.sv
/root/pwd/work/github/SOC_V3.0_final4/To_Customer/soc/sim/output/ip/dm/dmi_cdc.sv
/root/pwd/work/github/SOC_V3.0_final4/To_Customer/soc/sim/output/ip/dm/dmi_jtag.sv
/root/pwd/work/github/SOC_V3.0_final4/To_Customer/soc/sim/output/ip/dm/dm_top.sv
/root/pwd/work/github/SOC_V3.0_final4/To_Customer/soc/ibex/vendor/lowrisc_ip/ip/prim/rtl/prim_assert.sv
/root/pwd/work/github/SOC_V3.0_final4/To_Customer/soc/ibex/vendor/lowrisc_ip/ip/prim/rtl/prim_assert_dummy_macros.svh
/root/pwd/work/github/SOC_V3.0_final4/To_Customer/soc/ibex/vendor/lowrisc_ip/ip/prim/rtl/prim_assert_sec_cm.svh
/root/pwd/work/github/SOC_V3.0_final4/To_Customer/soc/ibex/vendor/lowrisc_ip/ip/prim/rtl/prim_flop_macros.sv
/root/pwd/work/github/SOC_V3.0_final4/To_Customer/soc/top/core2ahb.v
/root/pwd/work/github/SOC_V3.0_final4/To_Customer/soc/sim/output/ip/dm/dm_wrapper.sv
/root/pwd/work/github/SOC_V3.0_final4/To_Customer/soc/ibex/rtl/ibex_pkg.sv
/root/pwd/work/github/SOC_V3.0_final4/To_Customer/soc/ibex/vendor/lowrisc_ip/ip/prim/rtl/prim_ram_1p_pkg.sv
/root/pwd/work/github/SOC_V3.0_final4/To_Customer/soc/ibex/vendor/lowrisc_ip/ip/prim_generic/rtl/prim_generic_clock_gating.sv
/root/pwd/work/github/SOC_V3.0_final4/To_Customer/soc/ibex/dv/uvm/core_ibex/common/prim/prim_pkg.sv
/root/pwd/work/github/SOC_V3.0_final4/To_Customer/soc/ibex/dv/uvm/core_ibex/common/prim/prim_clock_gating.sv
/root/pwd/work/github/SOC_V3.0_final4/To_Customer/soc/ibex/vendor/lowrisc_ip/ip/prim_generic/rtl/prim_generic_buf.sv
/root/pwd/work/github/SOC_V3.0_final4/To_Customer/soc/ibex/vendor/lowrisc_ip/ip/prim/rtl/prim_assert.sv
/root/pwd/work/github/SOC_V3.0_final4/To_Customer/soc/ibex/vendor/lowrisc_ip/ip/prim/rtl/prim_assert_dummy_macros.svh
/root/pwd/work/github/SOC_V3.0_final4/To_Customer/soc/ibex/vendor/lowrisc_ip/ip/prim/rtl/prim_assert_sec_cm.svh
/root/pwd/work/github/SOC_V3.0_final4/To_Customer/soc/ibex/vendor/lowrisc_ip/ip/prim/rtl/prim_flop_macros.sv
/root/pwd/work/github/SOC_V3.0_final4/To_Customer/soc/ibex/dv/uvm/core_ibex/common/prim/prim_buf.sv
/root/pwd/work/github/SOC_V3.0_final4/To_Customer/soc/ibex/rtl/ibex_fetch_fifo.sv
/root/pwd/work/github/SOC_V3.0_final4/To_Customer/soc/ibex/vendor/lowrisc_ip/ip/prim/rtl/prim_assert.sv
/root/pwd/work/github/SOC_V3.0_final4/To_Customer/soc/ibex/vendor/lowrisc_ip/ip/prim/rtl/prim_assert_dummy_macros.svh
/root/pwd/work/github/SOC_V3.0_final4/To_Customer/soc/ibex/vendor/lowrisc_ip/ip/prim/rtl/prim_assert_sec_cm.svh
/root/pwd/work/github/SOC_V3.0_final4/To_Customer/soc/ibex/vendor/lowrisc_ip/ip/prim/rtl/prim_flop_macros.sv
/root/pwd/work/github/SOC_V3.0_final4/To_Customer/soc/ibex/rtl/ibex_prefetch_buffer.sv
/root/pwd/work/github/SOC_V3.0_final4/To_Customer/soc/ibex/rtl/ibex_compressed_decoder.sv
/root/pwd/work/github/SOC_V3.0_final4/To_Customer/soc/ibex/vendor/lowrisc_ip/ip/prim/rtl/prim_assert.sv
/root/pwd/work/github/SOC_V3.0_final4/To_Customer/soc/ibex/vendor/lowrisc_ip/ip/prim/rtl/prim_assert_dummy_macros.svh
/root/pwd/work/github/SOC_V3.0_final4/To_Customer/soc/ibex/vendor/lowrisc_ip/ip/prim/rtl/prim_assert_sec_cm.svh
/root/pwd/work/github/SOC_V3.0_final4/To_Customer/soc/ibex/vendor/lowrisc_ip/ip/prim/rtl/prim_flop_macros.sv
/root/pwd/work/github/SOC_V3.0_final4/To_Customer/soc/ibex/rtl/ibex_icache.sv
/root/pwd/work/github/SOC_V3.0_final4/To_Customer/soc/ibex/vendor/lowrisc_ip/ip/prim/rtl/prim_assert.sv
/root/pwd/work/github/SOC_V3.0_final4/To_Customer/soc/ibex/vendor/lowrisc_ip/ip/prim/rtl/prim_assert_dummy_macros.svh
/root/pwd/work/github/SOC_V3.0_final4/To_Customer/soc/ibex/vendor/lowrisc_ip/ip/prim/rtl/prim_assert_sec_cm.svh
/root/pwd/work/github/SOC_V3.0_final4/To_Customer/soc/ibex/vendor/lowrisc_ip/ip/prim/rtl/prim_flop_macros.sv
/root/pwd/work/github/SOC_V3.0_final4/To_Customer/soc/ibex/rtl/ibex_if_stage.sv
/root/pwd/work/github/SOC_V3.0_final4/To_Customer/soc/ibex/vendor/lowrisc_ip/ip/prim/rtl/prim_assert.sv
/root/pwd/work/github/SOC_V3.0_final4/To_Customer/soc/ibex/vendor/lowrisc_ip/ip/prim/rtl/prim_assert_dummy_macros.svh
/root/pwd/work/github/SOC_V3.0_final4/To_Customer/soc/ibex/vendor/lowrisc_ip/ip/prim/rtl/prim_assert_sec_cm.svh
/root/pwd/work/github/SOC_V3.0_final4/To_Customer/soc/ibex/vendor/lowrisc_ip/ip/prim/rtl/prim_flop_macros.sv
/root/pwd/work/github/SOC_V3.0_final4/To_Customer/soc/ibex/rtl/ibex_controller.sv
/root/pwd/work/github/SOC_V3.0_final4/To_Customer/soc/ibex/rtl/ibex_decoder.sv
/root/pwd/work/github/SOC_V3.0_final4/To_Customer/soc/ibex/vendor/lowrisc_ip/ip/prim/rtl/prim_assert.sv
/root/pwd/work/github/SOC_V3.0_final4/To_Customer/soc/ibex/vendor/lowrisc_ip/ip/prim/rtl/prim_assert_dummy_macros.svh
/root/pwd/work/github/SOC_V3.0_final4/To_Customer/soc/ibex/vendor/lowrisc_ip/ip/prim/rtl/prim_assert_sec_cm.svh
/root/pwd/work/github/SOC_V3.0_final4/To_Customer/soc/ibex/vendor/lowrisc_ip/ip/prim/rtl/prim_flop_macros.sv
/root/pwd/work/github/SOC_V3.0_final4/To_Customer/soc/ibex/rtl/ibex_id_stage.sv
/root/pwd/work/github/SOC_V3.0_final4/To_Customer/soc/ibex/rtl/ibex_multdiv_fast.sv
/root/pwd/work/github/SOC_V3.0_final4/To_Customer/soc/ibex/vendor/lowrisc_ip/ip/prim/rtl/prim_assert.sv
/root/pwd/work/github/SOC_V3.0_final4/To_Customer/soc/ibex/vendor/lowrisc_ip/ip/prim/rtl/prim_assert_dummy_macros.svh
/root/pwd/work/github/SOC_V3.0_final4/To_Customer/soc/ibex/vendor/lowrisc_ip/ip/prim/rtl/prim_assert_sec_cm.svh
/root/pwd/work/github/SOC_V3.0_final4/To_Customer/soc/ibex/vendor/lowrisc_ip/ip/prim/rtl/prim_flop_macros.sv
/root/pwd/work/github/SOC_V3.0_final4/To_Customer/soc/ibex/rtl/ibex_multdiv_slow.sv
/root/pwd/work/github/SOC_V3.0_final4/To_Customer/soc/ibex/vendor/lowrisc_ip/ip/prim/rtl/prim_assert.sv
/root/pwd/work/github/SOC_V3.0_final4/To_Customer/soc/ibex/vendor/lowrisc_ip/ip/prim/rtl/prim_assert_dummy_macros.svh
/root/pwd/work/github/SOC_V3.0_final4/To_Customer/soc/ibex/vendor/lowrisc_ip/ip/prim/rtl/prim_assert_sec_cm.svh
/root/pwd/work/github/SOC_V3.0_final4/To_Customer/soc/ibex/vendor/lowrisc_ip/ip/prim/rtl/prim_flop_macros.sv
/root/pwd/work/github/SOC_V3.0_final4/To_Customer/soc/ibex/rtl/ibex_alu.sv
/root/pwd/work/github/SOC_V3.0_final4/To_Customer/soc/ibex/rtl/ibex_ex_block.sv
/root/pwd/work/github/SOC_V3.0_final4/To_Customer/soc/ibex/rtl/ibex_load_store_unit.sv
/root/pwd/work/github/SOC_V3.0_final4/To_Customer/soc/ibex/rtl/ibex_wb_stage.sv
/root/pwd/work/github/SOC_V3.0_final4/To_Customer/soc/ibex/vendor/lowrisc_ip/ip/prim/rtl/prim_assert.sv
/root/pwd/work/github/SOC_V3.0_final4/To_Customer/soc/ibex/vendor/lowrisc_ip/ip/prim/rtl/prim_assert_dummy_macros.svh
/root/pwd/work/github/SOC_V3.0_final4/To_Customer/soc/ibex/vendor/lowrisc_ip/ip/prim/rtl/prim_assert_sec_cm.svh
/root/pwd/work/github/SOC_V3.0_final4/To_Customer/soc/ibex/vendor/lowrisc_ip/ip/prim/rtl/prim_flop_macros.sv
/root/pwd/work/github/SOC_V3.0_final4/To_Customer/soc/ibex/rtl/ibex_counter.sv
/root/pwd/work/github/SOC_V3.0_final4/To_Customer/soc/ibex/rtl/ibex_csr.sv
/root/pwd/work/github/SOC_V3.0_final4/To_Customer/soc/ibex/vendor/lowrisc_ip/ip/prim/rtl/prim_assert.sv
/root/pwd/work/github/SOC_V3.0_final4/To_Customer/soc/ibex/vendor/lowrisc_ip/ip/prim/rtl/prim_assert_dummy_macros.svh
/root/pwd/work/github/SOC_V3.0_final4/To_Customer/soc/ibex/vendor/lowrisc_ip/ip/prim/rtl/prim_assert_sec_cm.svh
/root/pwd/work/github/SOC_V3.0_final4/To_Customer/soc/ibex/vendor/lowrisc_ip/ip/prim/rtl/prim_flop_macros.sv
/root/pwd/work/github/SOC_V3.0_final4/To_Customer/soc/ibex/rtl/ibex_cs_registers.sv
/root/pwd/work/github/SOC_V3.0_final4/To_Customer/soc/ibex/vendor/lowrisc_ip/ip/prim/rtl/prim_assert.sv
/root/pwd/work/github/SOC_V3.0_final4/To_Customer/soc/ibex/vendor/lowrisc_ip/ip/prim/rtl/prim_assert_dummy_macros.svh
/root/pwd/work/github/SOC_V3.0_final4/To_Customer/soc/ibex/vendor/lowrisc_ip/ip/prim/rtl/prim_assert_sec_cm.svh
/root/pwd/work/github/SOC_V3.0_final4/To_Customer/soc/ibex/vendor/lowrisc_ip/ip/prim/rtl/prim_flop_macros.sv
/root/pwd/work/github/SOC_V3.0_final4/To_Customer/soc/ibex/rtl/ibex_pmp_reset_default.svh
/root/pwd/work/github/SOC_V3.0_final4/To_Customer/soc/ibex/rtl/ibex_core.sv
/root/pwd/work/github/SOC_V3.0_final4/To_Customer/soc/ibex/vendor/lowrisc_ip/ip/prim/rtl/prim_assert.sv
/root/pwd/work/github/SOC_V3.0_final4/To_Customer/soc/ibex/vendor/lowrisc_ip/ip/prim/rtl/prim_assert_dummy_macros.svh
/root/pwd/work/github/SOC_V3.0_final4/To_Customer/soc/ibex/vendor/lowrisc_ip/ip/prim/rtl/prim_assert_sec_cm.svh
/root/pwd/work/github/SOC_V3.0_final4/To_Customer/soc/ibex/vendor/lowrisc_ip/ip/prim/rtl/prim_flop_macros.sv
/root/pwd/work/github/SOC_V3.0_final4/To_Customer/soc/ibex/rtl/ibex_register_file_ff.sv
/root/pwd/work/github/SOC_V3.0_final4/To_Customer/soc/ibex/vendor/lowrisc_ip/ip/prim/rtl/prim_secded_pkg.sv
/root/pwd/work/github/SOC_V3.0_final4/To_Customer/soc/ibex/vendor/lowrisc_ip/ip/prim_generic/rtl/prim_generic_ram_1p.sv
/root/pwd/work/github/SOC_V3.0_final4/To_Customer/soc/ibex/vendor/lowrisc_ip/ip/prim/rtl/prim_assert.sv
/root/pwd/work/github/SOC_V3.0_final4/To_Customer/soc/ibex/vendor/lowrisc_ip/ip/prim/rtl/prim_assert_dummy_macros.svh
/root/pwd/work/github/SOC_V3.0_final4/To_Customer/soc/ibex/vendor/lowrisc_ip/ip/prim/rtl/prim_assert_sec_cm.svh
/root/pwd/work/github/SOC_V3.0_final4/To_Customer/soc/ibex/vendor/lowrisc_ip/ip/prim/rtl/prim_flop_macros.sv
/root/pwd/work/github/SOC_V3.0_final4/To_Customer/soc/ibex/dv/uvm/core_ibex/common/prim/prim_ram_1p.sv
/root/pwd/work/github/SOC_V3.0_final4/To_Customer/soc/ibex/rtl/ibex_top.sv
/root/pwd/work/github/SOC_V3.0_final4/To_Customer/soc/ibex/vendor/lowrisc_ip/ip/prim/rtl/prim_assert.sv
/root/pwd/work/github/SOC_V3.0_final4/To_Customer/soc/ibex/vendor/lowrisc_ip/ip/prim/rtl/prim_assert_dummy_macros.svh
/root/pwd/work/github/SOC_V3.0_final4/To_Customer/soc/ibex/vendor/lowrisc_ip/ip/prim/rtl/prim_assert_sec_cm.svh
/root/pwd/work/github/SOC_V3.0_final4/To_Customer/soc/ibex/vendor/lowrisc_ip/ip/prim/rtl/prim_flop_macros.sv
/root/pwd/work/github/SOC_V3.0_final4/To_Customer/soc/sim/output/ip/busmatrix/req_register.v
/root/pwd/work/github/SOC_V3.0_final4/To_Customer/soc/sim/output/ip/busmatrix/multiplexer.v
/root/pwd/work/github/SOC_V3.0_final4/To_Customer/soc/sim/output/ip/busmatrix/slave_if.v
/root/pwd/work/github/SOC_V3.0_final4/To_Customer/soc/sim/output/ip/busmatrix/arbiter.v
/root/pwd/work/github/SOC_V3.0_final4/To_Customer/soc/sim/output/ip/busmatrix/master_if.v
/root/pwd/work/github/SOC_V3.0_final4/To_Customer/soc/sim/output/ip/busmatrix/busmatrix.v
/root/pwd/work/github/SOC_V3.0_final4/To_Customer/soc/top/cmsdk_ahb_to_sram.v
/root/pwd/work/github/SOC_V3.0_final4/To_Customer/soc/sim/output/ip/apb_subsystem/rtl/ahb2apb/ahb2apb.v
/root/pwd/work/github/SOC_V3.0_final4/To_Customer/soc/sim/output/ip/apb_subsystem/rtl/qspi/spi_master_apb_if.v
/root/pwd/work/github/SOC_V3.0_final4/To_Customer/soc/sim/output/ip/apb_subsystem/rtl/qspi/spi_master_fifo.v
/root/pwd/work/github/SOC_V3.0_final4/To_Customer/soc/sim/output/ip/apb_subsystem/rtl/qspi/spi_master_clkgen.v
/root/pwd/work/github/SOC_V3.0_final4/To_Customer/soc/sim/output/ip/apb_subsystem/rtl/qspi/spi_master_tx.v
/root/pwd/work/github/SOC_V3.0_final4/To_Customer/soc/sim/output/ip/apb_subsystem/rtl/qspi/spi_master_rx.v
/root/pwd/work/github/SOC_V3.0_final4/To_Customer/soc/sim/output/ip/apb_subsystem/rtl/qspi/spi_master_controller.v
/root/pwd/work/github/SOC_V3.0_final4/To_Customer/soc/sim/output/ip/apb_subsystem/rtl/qspi/apb_spi_master.v
/root/pwd/work/github/SOC_V3.0_final4/To_Customer/soc/sim/output/ip/apb_subsystem/rtl/uart/raminfr_hubing.v
/root/pwd/work/github/SOC_V3.0_final4/To_Customer/soc/sim/output/ip/apb_subsystem/rtl/uart/uart_tfifo_hubing.v
/root/pwd/work/github/SOC_V3.0_final4/To_Customer/soc/sim/output/ip/apb_subsystem/rtl/i2c/timescale.v
/root/pwd/work/github/SOC_V3.0_final4/To_Customer/soc/sim/output/ip/apb_subsystem/rtl/uart/uart_defines.v
/root/pwd/work/github/SOC_V3.0_final4/To_Customer/soc/sim/output/ip/apb_subsystem/rtl/uart/uart_transmitter.v
/root/pwd/work/github/SOC_V3.0_final4/To_Customer/soc/sim/output/ip/apb_subsystem/rtl/i2c/timescale.v
/root/pwd/work/github/SOC_V3.0_final4/To_Customer/soc/sim/output/ip/apb_subsystem/rtl/uart/uart_defines.v
/root/pwd/work/github/SOC_V3.0_final4/To_Customer/soc/sim/output/ip/apb_subsystem/rtl/uart/uart_sync_flops.v
/root/pwd/work/github/SOC_V3.0_final4/To_Customer/soc/sim/output/ip/apb_subsystem/rtl/i2c/timescale.v
/root/pwd/work/github/SOC_V3.0_final4/To_Customer/soc/sim/output/ip/apb_subsystem/rtl/uart/uart_rfifo_hubing.v
/root/pwd/work/github/SOC_V3.0_final4/To_Customer/soc/sim/output/ip/apb_subsystem/rtl/i2c/timescale.v
/root/pwd/work/github/SOC_V3.0_final4/To_Customer/soc/sim/output/ip/apb_subsystem/rtl/uart/uart_defines.v
/root/pwd/work/github/SOC_V3.0_final4/To_Customer/soc/sim/output/ip/apb_subsystem/rtl/uart/uart_receiver.v
/root/pwd/work/github/SOC_V3.0_final4/To_Customer/soc/sim/output/ip/apb_subsystem/rtl/i2c/timescale.v
/root/pwd/work/github/SOC_V3.0_final4/To_Customer/soc/sim/output/ip/apb_subsystem/rtl/uart/uart_defines.v
/root/pwd/work/github/SOC_V3.0_final4/To_Customer/soc/sim/output/ip/apb_subsystem/rtl/uart/uart_apb.v
/root/pwd/work/github/SOC_V3.0_final4/To_Customer/soc/sim/output/ip/apb_subsystem/rtl/i2c/timescale.v
/root/pwd/work/github/SOC_V3.0_final4/To_Customer/soc/sim/output/ip/apb_subsystem/rtl/uart/uart_defines.v
/root/pwd/work/github/SOC_V3.0_final4/To_Customer/soc/sim/output/ip/apb_subsystem/rtl/pwm/pwm.sv
/root/pwd/work/github/SOC_V3.0_final4/To_Customer/soc/sim/output/ip/apb_subsystem/rtl/pwm/pwm_apb.sv
/root/pwd/work/github/SOC_V3.0_final4/To_Customer/soc/sim/output/ip/apb_subsystem/rtl/i2c/i2c_master_bit_ctrl.v
/root/pwd/work/github/SOC_V3.0_final4/To_Customer/soc/sim/output/ip/apb_subsystem/rtl/i2c/i2c_master_defines.v
/root/pwd/work/github/SOC_V3.0_final4/To_Customer/soc/sim/output/ip/apb_subsystem/rtl/i2c/i2c_master_byte_ctrl.v
/root/pwd/work/github/SOC_V3.0_final4/To_Customer/soc/sim/output/ip/apb_subsystem/rtl/i2c/i2c_master_defines.v
/root/pwd/work/github/SOC_V3.0_final4/To_Customer/soc/sim/output/ip/apb_subsystem/rtl/i2c/i2c_master_top.v
/root/pwd/work/github/SOC_V3.0_final4/To_Customer/soc/sim/output/ip/apb_subsystem/rtl/i2c/i2c_master_defines.v
/root/pwd/work/github/SOC_V3.0_final4/To_Customer/soc/sim/output/ip/pad/pin_mux_rf.v
/root/pwd/work/github/SOC_V3.0_final4/To_Customer/soc/sim/output/ip/apb_subsystem/rtl/apb_subsystem.v
/root/pwd/work/github/SOC_V3.0_final4/To_Customer/soc/sim/output/ip/include/SoC_amba-defines.v
/root/pwd/work/github/SOC_V3.0_final4/To_Customer/soc/sim/output/ip/pad/gnrl_io_pad.v
/root/pwd/work/github/SOC_V3.0_final4/To_Customer/soc/sim/output/ip/pad/pin_mux.v
/root/pwd/work/github/SOC_V3.0_final4/To_Customer/soc/sim/output/ip/isp/isp_utils.v
/root/pwd/work/github/SOC_V3.0_final4/To_Customer/soc/sim/output/ip/isp/isp_demosaic_lite.v
/root/pwd/work/github/SOC_V3.0_final4/To_Customer/soc/sim/output/ip/isp/isp_top.v
/root/pwd/work/github/SOC_V3.0_final4/To_Customer/soc/sim/output/ip/isp/rdma2isp.v
/root/pwd/work/github/SOC_V3.0_final4/To_Customer/soc/sim/output/ip/isp/isp_dma_defs.v
/root/pwd/work/github/SOC_V3.0_final4/To_Customer/soc/sim/output/ip/isp/isp2wdma.v
/root/pwd/work/github/SOC_V3.0_final4/To_Customer/soc/sim/output/ip/isp/isp_dma_defs.v
/root/pwd/work/github/SOC_V3.0_final4/To_Customer/soc/sim/output/ip/dma/dma_defs.v
/root/pwd/work/github/SOC_V3.0_final4/To_Customer/soc/sim/output/ip/isp/isp_dma.v
/root/pwd/work/github/SOC_V3.0_final4/To_Customer/soc/sim/output/ip/dma/dma_ahb_config.v
/root/pwd/work/github/SOC_V3.0_final4/To_Customer/soc/sim/output/ip/dma/dma_defs.v
/root/pwd/work/github/SOC_V3.0_final4/To_Customer/soc/sim/output/ip/dma/dma_int_control.v
/root/pwd/work/github/SOC_V3.0_final4/To_Customer/soc/sim/output/ip/dma/dma_defs.v
/root/pwd/work/github/SOC_V3.0_final4/To_Customer/soc/sim/output/ip/dma/dma_arbiter.v
/root/pwd/work/github/SOC_V3.0_final4/To_Customer/soc/sim/output/ip/dma/dma_defs.v
/root/pwd/work/github/SOC_V3.0_final4/To_Customer/soc/sim/output/ip/dma/dma_ahb_mux.v
/root/pwd/work/github/SOC_V3.0_final4/To_Customer/soc/sim/output/ip/dma/dma_defs.v
/root/pwd/work/github/SOC_V3.0_final4/To_Customer/soc/sim/output/ip/dma/dma_rx_sm.v
/root/pwd/work/github/SOC_V3.0_final4/To_Customer/soc/sim/output/ip/dma/dma_defs.v
/root/pwd/work/github/SOC_V3.0_final4/To_Customer/soc/sim/output/ip/dma/dma_tx_sm.v
/root/pwd/work/github/SOC_V3.0_final4/To_Customer/soc/sim/output/ip/dma/dma_defs.v
/root/pwd/work/github/SOC_V3.0_final4/To_Customer/soc/sim/output/ip/dma/dma_channel.v
/root/pwd/work/github/SOC_V3.0_final4/To_Customer/soc/sim/output/ip/dma/dma_defs.v
/root/pwd/work/github/SOC_V3.0_final4/To_Customer/soc/sim/output/ip/dma/dma.v
/root/pwd/work/github/SOC_V3.0_final4/To_Customer/soc/sim/output/ip/dma/dma_defs.v
/root/pwd/work/github/SOC_V3.0_final4/To_Customer/soc/sim/output/ip/cnn_v1/csr.sv
/root/pwd/work/github/SOC_V3.0_final4/To_Customer/soc/sim/output/ip/cnn_v1/conv.sv
/root/pwd/work/github/SOC_V3.0_final4/To_Customer/soc/sim/output/ip/cnn_v1/max_pool.sv
/root/pwd/work/github/SOC_V3.0_final4/To_Customer/soc/sim/output/ip/cnn_v1/line_mul.sv
/root/pwd/work/github/SOC_V3.0_final4/To_Customer/soc/sim/output/ip/cnn_v1/final_res.sv
/root/pwd/work/github/SOC_V3.0_final4/To_Customer/soc/sim/output/ip/cnn_v1/cnn.sv
/root/pwd/work/github/SOC_V3.0_final4/To_Customer/soc/sim/output/ip/cnn_v1/cnn_top.sv
/root/pwd/work/github/SOC_V3.0_final4/To_Customer/soc/top/top.sv
/root/pwd/work/github/SOC_V3.0_final4/To_Customer/soc/sim/output/ip/include/ahb2apb_defines.v
/root/pwd/work/github/SOC_V3.0_final4/To_Customer/soc/sim/output/ip/dm/dmi_intf.sv
/root/pwd/work/github/SOC_V3.0_final4/To_Customer/dc/lib/sky130_fd_sc_hs__ss_150C_1v60.db
/eda/synopsys/syn/N-2017.09-SP5/libraries/syn/gtech.db
/eda/synopsys/syn/N-2017.09-SP5/libraries/syn/standard.sldb
/root/pwd/work/github/SOC_V3.0_final4/To_Customer/flow/dc/scr/soc_sdc.tcl
/eda/synopsys/syn/N-2017.09-SP5/libraries/syn/dw_foundation.sldb
/root/pwd/work/github/SOC_V3.0_final4/To_Customer/dc/lib/sky130_fd_sc_hs__ss_150C_1v60.db
/root/pwd/work/github/SOC_V3.0_final4/To_Customer/flow/dc/work/alib-52/sky130_fd_sc_hs__ss_150C_1v60.db.alib
/root/pwd/work/github/SOC_V3.0_final4/To_Customer/flow/dc/work/alib-52/alib_analyze_libs.tcl.e
/root/pwd/work/github/SOC_V3.0_final4/To_Customer/dc/lib/sky130_fd_sc_hs__ss_150C_1v60.db
/root/pwd/work/github/SOC_V3.0_final4/To_Customer/flow/dc/work/alib-52/sky130_fd_sc_hs__ss_150C_1v60.db.alib
/root/synopsys_cache_N-2017.09-SP5/DW01/DW_cmp/apparch/4/sky130_fd_sc_hs__ss_150C_1v60_7750/8167_3180/mapped.ddc
/root/synopsys_cache_N-2017.09-SP5/DW01/DW01_sub/apparch/4/sky130_fd_sc_hs__ss_150C_1v60_7750/8167_3180/mapped.ddc
/root/synopsys_cache_N-2017.09-SP5/DW01/DW01_dec/apparch/4/sky130_fd_sc_hs__ss_150C_1v60_7750/8167_3180/mapped.ddc
/root/synopsys_cache_N-2017.09-SP5/DW01/DW01_add/apparch/4/sky130_fd_sc_hs__ss_150C_1v60_7750/8167_3180/mapped.ddc
/root/synopsys_cache_N-2017.09-SP5/DW01/DW01_add/apparch/2/sky130_fd_sc_hs__ss_150C_1v60_7750/8167_3180/mapped.ddc
/root/synopsys_cache_N-2017.09-SP5/DW01/DW01_inc/apparch/2/sky130_fd_sc_hs__ss_150C_1v60_7750/8167_3180/mapped.ddc
/root/synopsys_cache_N-2017.09-SP5/DW01/DW01_add/apparch/3/sky130_fd_sc_hs__ss_150C_1v60_7750/8167_3180/mapped.ddc
/root/synopsys_cache_N-2017.09-SP5/DW01/DW01_inc/apparch/3/sky130_fd_sc_hs__ss_150C_1v60_7750/8167_3180/mapped.ddc
/root/synopsys_cache_N-2017.09-SP5/DW01/DW01_inc/apparch/4/sky130_fd_sc_hs__ss_150C_1v60_7750/8167_3180/mapped.ddc
/root/synopsys_cache_N-2017.09-SP5/DW01/DW01_dec/apparch/3/sky130_fd_sc_hs__ss_150C_1v60_7750/8167_3180/mapped.ddc
/root/synopsys_cache_N-2017.09-SP5/DW01/DW_cmp/apparch/2/sky130_fd_sc_hs__ss_150C_1v60_7750/8167_3180/mapped.ddc
/root/synopsys_cache_N-2017.09-SP5/DW01/DW01_sub/apparch/2/sky130_fd_sc_hs__ss_150C_1v60_7750/8167_3180/mapped.ddc
/root/synopsys_cache_N-2017.09-SP5/DW01/DW01_sub/apparch/3/sky130_fd_sc_hs__ss_150C_1v60_7750/8167_3180/mapped.ddc
/root/synopsys_cache_N-2017.09-SP5/DW01/DW_cmp/apparch/3/sky130_fd_sc_hs__ss_150C_1v60_7750/8167_3180/mapped.ddc
/root/synopsys_cache_N-2017.09-SP5/DW01/DW01_add/apparch/10/sky130_fd_sc_hs__ss_150C_1v60_7750_8167_3180/element.ddc
/root/synopsys_cache_N-2017.09-SP5/DW01/DW01_add/pparch/10/sky130_fd_sc_hs__ss_150C_1v60_7750_8167_3180/element.ddc
/root/synopsys_cache_N-2017.09-SP5/DW01/DW01_sub/apparch/9/sky130_fd_sc_hs__ss_150C_1v60_7750_8167_3180/element.ddc
/root/synopsys_cache_N-2017.09-SP5/DW01/DW01_sub/pparch/9/sky130_fd_sc_hs__ss_150C_1v60_7750_8167_3180/element.ddc
/root/synopsys_cache_N-2017.09-SP5/DW01/DW_cmp/apparch/32/sky130_fd_sc_hs__ss_150C_1v60_7750_8167_3180/element.ddc
/root/synopsys_cache_N-2017.09-SP5/DW01/DW_cmp/pparch/32/sky130_fd_sc_hs__ss_150C_1v60_7750_8167_3180/element.ddc
/root/synopsys_cache_N-2017.09-SP5/DW01/DW01_inc/apparch/32/sky130_fd_sc_hs__ss_150C_1v60_7750_8167_3180/element.ddc
/root/synopsys_cache_N-2017.09-SP5/DW01/DW01_inc/pparch/32/sky130_fd_sc_hs__ss_150C_1v60_7750_8167_3180/element.ddc
/root/synopsys_cache_N-2017.09-SP5/DW01/DW01_add/apparch/32/sky130_fd_sc_hs__ss_150C_1v60_7750_8167_3180/element.ddc
/root/synopsys_cache_N-2017.09-SP5/DW01/DW01_add/pparch/32/sky130_fd_sc_hs__ss_150C_1v60_7750_8167_3180/element.ddc
/root/synopsys_cache_N-2017.09-SP5/DW01/DW01_inc/apparch/30/sky130_fd_sc_hs__ss_150C_1v60_7750_8167_3180/element.ddc
/root/synopsys_cache_N-2017.09-SP5/DW01/DW01_inc/pparch/30/sky130_fd_sc_hs__ss_150C_1v60_7750_8167_3180/element.ddc
/root/synopsys_cache_N-2017.09-SP5/DW01/DW01_inc/apparch/16/sky130_fd_sc_hs__ss_150C_1v60_7750_8167_3180/element.ddc
/root/synopsys_cache_N-2017.09-SP5/DW01/DW01_inc/pparch/16/sky130_fd_sc_hs__ss_150C_1v60_7750_8167_3180/element.ddc
/root/synopsys_cache_N-2017.09-SP5/DW01/DW01_inc/apparch/8/sky130_fd_sc_hs__ss_150C_1v60_7750_8167_3180/element.ddc
/root/synopsys_cache_N-2017.09-SP5/DW01/DW01_inc/pparch/8/sky130_fd_sc_hs__ss_150C_1v60_7750_8167_3180/element.ddc
/root/synopsys_cache_N-2017.09-SP5/DW01/DW01_dec/apparch/17/sky130_fd_sc_hs__ss_150C_1v60_7750_8167_3180/element.ddc
/root/synopsys_cache_N-2017.09-SP5/DW01/DW01_dec/pparch/17/sky130_fd_sc_hs__ss_150C_1v60_7750_8167_3180/element.ddc
/root/synopsys_cache_N-2017.09-SP5/DW02/DW_mult_uns/apparch/8/8/sky130_fd_sc_hs__ss_150C_1v60_7750_8167_3180/element.ddc
/root/synopsys_cache_N-2017.09-SP5/DW02/DW_mult_uns/pparch/8/8/sky130_fd_sc_hs__ss_150C_1v60_7750_8167_3180/element.ddc
/root/synopsys_cache_N-2017.09-SP5/DW01/DW_cmp/apparch/26/sky130_fd_sc_hs__ss_150C_1v60_7750_8167_3180/element.ddc
/root/synopsys_cache_N-2017.09-SP5/DW01/DW_cmp/pparch/26/sky130_fd_sc_hs__ss_150C_1v60_7750_8167_3180/element.ddc
/root/synopsys_cache_N-2017.09-SP5/DW01/DW01_add/apparch/31/sky130_fd_sc_hs__ss_150C_1v60_7750_8167_3180/element.ddc
/root/synopsys_cache_N-2017.09-SP5/DW01/DW01_add/pparch/31/sky130_fd_sc_hs__ss_150C_1v60_7750_8167_3180/element.ddc
/root/synopsys_cache_N-2017.09-SP5/DW01/DW01_add/apparch/34/sky130_fd_sc_hs__ss_150C_1v60_7750_8167_3180/element.ddc
/root/synopsys_cache_N-2017.09-SP5/DW01/DW01_add/pparch/34/sky130_fd_sc_hs__ss_150C_1v60_7750_8167_3180/element.ddc
/root/synopsys_cache_N-2017.09-SP5/DW01/DW01_inc/apparch/64/sky130_fd_sc_hs__ss_150C_1v60_7750_8167_3180/element.ddc
/root/synopsys_cache_N-2017.09-SP5/DW01/DW01_inc/pparch/64/sky130_fd_sc_hs__ss_150C_1v60_7750_8167_3180/element.ddc
/root/synopsys_cache_N-2017.09-SP5/DW01/DW01_dec/apparch/16/sky130_fd_sc_hs__ss_150C_1v60_7750_8167_3180/element.ddc
/root/synopsys_cache_N-2017.09-SP5/DW01/DW01_dec/pparch/16/sky130_fd_sc_hs__ss_150C_1v60_7750_8167_3180/element.ddc
/root/pwd/work/github/SOC_V3.0_final4/To_Customer/dc/lib/sky130_fd_sc_hs__ss_150C_1v60.db
