work_location: /home/cxjl05/Downloads/V3_PRJ_EXAMPLE/work/rerun_fail
collect fail test: /home/cxjl05/Downloads/V3_PRJ_EXAMPLE/work/regression/report/test_file111_20230708-164555/test_result.log
{'test_file111': {'test2': ['455527752589136']}}
test_file_name: test_file111
test_name: test2
test_content_dict
{'test_file111': {'test2': {'COMPILE_FILE': 'cmp_file1', 'COMPILE_NAME': 'error_inject', 'SIM_OPTION': '+UVM_TESTNAME=my_case1 ', 'PRE_SIM_CMD': '', 'TAG': 'TEST2', 'SEED': ['455527752589136']}}}
                         Chronologic VCS (TM)
       Version O-2018.09-SP2_Full64 -- Sat Jul  8 16:52:50 2023
               Copyright (c) 1991-2018 by Synopsys Inc.
                         ALL RIGHTS RESERVED

This program is proprietary and confidential information of Synopsys Inc.
and may be used and disclosed only as authorized in a license agreement
controlling such use and disclosure.


Warning-[LCA_FEATURES_ENABLED] Usage warning
  LCA features enabled by '-lca' argument on the command line.  For more 
  information regarding list of LCA features please refer to Chapter "LCA 
  features" in the VCS/VCS-MX Release Notes

Parsing design file '/eda/synopsys/vcs-mx/O-2018.09-SP2/etc/uvm-1.1/uvm_pkg.sv'
Parsing included file '/eda/synopsys/vcs-mx/O-2018.09-SP2/etc/uvm-1.1/uvm_macros.svh'.
Parsing included file '/eda/synopsys/vcs-mx/O-2018.09-SP2/etc/uvm-1.1/macros/uvm_version_defines.svh'.
Back to file '/eda/synopsys/vcs-mx/O-2018.09-SP2/etc/uvm-1.1/uvm_macros.svh'.
Parsing included file '/eda/synopsys/vcs-mx/O-2018.09-SP2/etc/uvm-1.1/macros/uvm_message_defines.svh'.
Back to file '/eda/synopsys/vcs-mx/O-2018.09-SP2/etc/uvm-1.1/uvm_macros.svh'.
Parsing included file '/eda/synopsys/vcs-mx/O-2018.09-SP2/etc/uvm-1.1/macros/uvm_phase_defines.svh'.
Back to file '/eda/synopsys/vcs-mx/O-2018.09-SP2/etc/uvm-1.1/uvm_macros.svh'.
Parsing included file '/eda/synopsys/vcs-mx/O-2018.09-SP2/etc/uvm-1.1/macros/uvm_object_defines.svh'.
Back to file '/eda/synopsys/vcs-mx/O-2018.09-SP2/etc/uvm-1.1/uvm_macros.svh'.
Parsing included file '/eda/synopsys/vcs-mx/O-2018.09-SP2/etc/uvm-1.1/macros/uvm_printer_defines.svh'.
Back to file '/eda/synopsys/vcs-mx/O-2018.09-SP2/etc/uvm-1.1/uvm_macros.svh'.
Parsing included file '/eda/synopsys/vcs-mx/O-2018.09-SP2/etc/uvm-1.1/macros/uvm_tlm_defines.svh'.
Parsing included file '/eda/synopsys/vcs-mx/O-2018.09-SP2/etc/uvm-1.1/tlm1/uvm_tlm_imps.svh'.
Back to file '/eda/synopsys/vcs-mx/O-2018.09-SP2/etc/uvm-1.1/macros/uvm_tlm_defines.svh'.
Back to file '/eda/synopsys/vcs-mx/O-2018.09-SP2/etc/uvm-1.1/uvm_macros.svh'.
Parsing included file '/eda/synopsys/vcs-mx/O-2018.09-SP2/etc/uvm-1.1/macros/uvm_sequence_defines.svh'.
Back to file '/eda/synopsys/vcs-mx/O-2018.09-SP2/etc/uvm-1.1/uvm_macros.svh'.
Parsing included file '/eda/synopsys/vcs-mx/O-2018.09-SP2/etc/uvm-1.1/macros/uvm_callback_defines.svh'.
Back to file '/eda/synopsys/vcs-mx/O-2018.09-SP2/etc/uvm-1.1/uvm_macros.svh'.
Parsing included file '/eda/synopsys/vcs-mx/O-2018.09-SP2/etc/uvm-1.1/macros/uvm_reg_defines.svh'.
Back to file '/eda/synopsys/vcs-mx/O-2018.09-SP2/etc/uvm-1.1/uvm_macros.svh'.
Parsing included file '/eda/synopsys/vcs-mx/O-2018.09-SP2/etc/uvm-1.1/macros/uvm_deprecated_defines.svh'.
Back to file '/eda/synopsys/vcs-mx/O-2018.09-SP2/etc/uvm-1.1/uvm_macros.svh'.
Back to file '/eda/synopsys/vcs-mx/O-2018.09-SP2/etc/uvm-1.1/uvm_pkg.sv'.
Parsing included file '/eda/synopsys/vcs-mx/O-2018.09-SP2/etc/uvm-1.1/directc/uvm_directc.svh'.
Parsing included file '/eda/synopsys/vcs-mx/O-2018.09-SP2/etc/uvm-1.1/directc/uvm_seed.vh'.
Back to file '/eda/synopsys/vcs-mx/O-2018.09-SP2/etc/uvm-1.1/directc/uvm_directc.svh'.
Back to file '/eda/synopsys/vcs-mx/O-2018.09-SP2/etc/uvm-1.1/uvm_pkg.sv'.
Parsing included file '/eda/synopsys/vcs-mx/O-2018.09-SP2/etc/uvm-1.1/dpi/uvm_dpi.svh'.
Parsing included file '/eda/synopsys/vcs-mx/O-2018.09-SP2/etc/uvm-1.1/dpi/uvm_hdl.svh'.
Back to file '/eda/synopsys/vcs-mx/O-2018.09-SP2/etc/uvm-1.1/dpi/uvm_dpi.svh'.
Parsing included file '/eda/synopsys/vcs-mx/O-2018.09-SP2/etc/uvm-1.1/dpi/uvm_svcmd_dpi.svh'.
Back to file '/eda/synopsys/vcs-mx/O-2018.09-SP2/etc/uvm-1.1/dpi/uvm_dpi.svh'.
Parsing included file '/eda/synopsys/vcs-mx/O-2018.09-SP2/etc/uvm-1.1/dpi/uvm_regex.svh'.
Back to file '/eda/synopsys/vcs-mx/O-2018.09-SP2/etc/uvm-1.1/dpi/uvm_dpi.svh'.
Back to file '/eda/synopsys/vcs-mx/O-2018.09-SP2/etc/uvm-1.1/uvm_pkg.sv'.
Parsing included file '/eda/synopsys/vcs-mx/O-2018.09-SP2/etc/uvm-1.1/base/uvm_base.svh'.
Parsing included file '/eda/synopsys/vcs-mx/O-2018.09-SP2/etc/uvm-1.1/base/uvm_version.svh'.
Back to file '/eda/synopsys/vcs-mx/O-2018.09-SP2/etc/uvm-1.1/base/uvm_base.svh'.
Parsing included file '/eda/synopsys/vcs-mx/O-2018.09-SP2/etc/uvm-1.1/base/uvm_object_globals.svh'.
Back to file '/eda/synopsys/vcs-mx/O-2018.09-SP2/etc/uvm-1.1/base/uvm_base.svh'.
Parsing included file '/eda/synopsys/vcs-mx/O-2018.09-SP2/etc/uvm-1.1/base/uvm_misc.svh'.
Back to file '/eda/synopsys/vcs-mx/O-2018.09-SP2/etc/uvm-1.1/base/uvm_base.svh'.
Parsing included file '/eda/synopsys/vcs-mx/O-2018.09-SP2/etc/uvm-1.1/base/uvm_object.svh'.
Back to file '/eda/synopsys/vcs-mx/O-2018.09-SP2/etc/uvm-1.1/base/uvm_base.svh'.
Parsing included file '/eda/synopsys/vcs-mx/O-2018.09-SP2/etc/uvm-1.1/base/uvm_pool.svh'.
Back to file '/eda/synopsys/vcs-mx/O-2018.09-SP2/etc/uvm-1.1/base/uvm_base.svh'.
Parsing included file '/eda/synopsys/vcs-mx/O-2018.09-SP2/etc/uvm-1.1/base/uvm_queue.svh'.
Back to file '/eda/synopsys/vcs-mx/O-2018.09-SP2/etc/uvm-1.1/base/uvm_base.svh'.
Parsing included file '/eda/synopsys/vcs-mx/O-2018.09-SP2/etc/uvm-1.1/base/uvm_factory.svh'.
Back to file '/eda/synopsys/vcs-mx/O-2018.09-SP2/etc/uvm-1.1/base/uvm_base.svh'.
Parsing included file '/eda/synopsys/vcs-mx/O-2018.09-SP2/etc/uvm-1.1/base/uvm_registry.svh'.
Back to file '/eda/synopsys/vcs-mx/O-2018.09-SP2/etc/uvm-1.1/base/uvm_base.svh'.
Parsing included file '/eda/synopsys/vcs-mx/O-2018.09-SP2/etc/uvm-1.1/base/uvm_spell_chkr.svh'.
Back to file '/eda/synopsys/vcs-mx/O-2018.09-SP2/etc/uvm-1.1/base/uvm_base.svh'.
Parsing included file '/eda/synopsys/vcs-mx/O-2018.09-SP2/etc/uvm-1.1/base/uvm_resource.svh'.
Back to file '/eda/synopsys/vcs-mx/O-2018.09-SP2/etc/uvm-1.1/base/uvm_base.svh'.
Parsing included file '/eda/synopsys/vcs-mx/O-2018.09-SP2/etc/uvm-1.1/deprecated/uvm_resource_converter.svh'.
Back to file '/eda/synopsys/vcs-mx/O-2018.09-SP2/etc/uvm-1.1/base/uvm_base.svh'.
Parsing included file '/eda/synopsys/vcs-mx/O-2018.09-SP2/etc/uvm-1.1/base/uvm_resource_specializations.svh'.
Back to file '/eda/synopsys/vcs-mx/O-2018.09-SP2/etc/uvm-1.1/base/uvm_base.svh'.
Parsing included file '/eda/synopsys/vcs-mx/O-2018.09-SP2/etc/uvm-1.1/base/uvm_resource_db.svh'.
Back to file '/eda/synopsys/vcs-mx/O-2018.09-SP2/etc/uvm-1.1/base/uvm_base.svh'.
Parsing included file '/eda/synopsys/vcs-mx/O-2018.09-SP2/etc/uvm-1.1/base/uvm_config_db.svh'.
Back to file '/eda/synopsys/vcs-mx/O-2018.09-SP2/etc/uvm-1.1/base/uvm_base.svh'.
Parsing included file '/eda/synopsys/vcs-mx/O-2018.09-SP2/etc/uvm-1.1/base/uvm_printer.svh'.
Back to file '/eda/synopsys/vcs-mx/O-2018.09-SP2/etc/uvm-1.1/base/uvm_base.svh'.
Parsing included file '/eda/synopsys/vcs-mx/O-2018.09-SP2/etc/uvm-1.1/base/uvm_comparer.svh'.
Back to file '/eda/synopsys/vcs-mx/O-2018.09-SP2/etc/uvm-1.1/base/uvm_base.svh'.
Parsing included file '/eda/synopsys/vcs-mx/O-2018.09-SP2/etc/uvm-1.1/base/uvm_packer.svh'.
Back to file '/eda/synopsys/vcs-mx/O-2018.09-SP2/etc/uvm-1.1/base/uvm_base.svh'.
Parsing included file '/eda/synopsys/vcs-mx/O-2018.09-SP2/etc/uvm-1.1/base/uvm_recorder.svh'.
Back to file '/eda/synopsys/vcs-mx/O-2018.09-SP2/etc/uvm-1.1/base/uvm_base.svh'.
Parsing included file '/eda/synopsys/vcs-mx/O-2018.09-SP2/etc/uvm-1.1/base/uvm_event_callback.svh'.
Back to file '/eda/synopsys/vcs-mx/O-2018.09-SP2/etc/uvm-1.1/base/uvm_base.svh'.
Parsing included file '/eda/synopsys/vcs-mx/O-2018.09-SP2/etc/uvm-1.1/base/uvm_event.svh'.
Back to file '/eda/synopsys/vcs-mx/O-2018.09-SP2/etc/uvm-1.1/base/uvm_base.svh'.
Parsing included file '/eda/synopsys/vcs-mx/O-2018.09-SP2/etc/uvm-1.1/base/uvm_barrier.svh'.
Back to file '/eda/synopsys/vcs-mx/O-2018.09-SP2/etc/uvm-1.1/base/uvm_base.svh'.
Parsing included file '/eda/synopsys/vcs-mx/O-2018.09-SP2/etc/uvm-1.1/base/uvm_callback.svh'.
Parsing included file '/eda/synopsys/vcs-mx/O-2018.09-SP2/etc/uvm-1.1/uvm_macros.svh'.
Back to file '/eda/synopsys/vcs-mx/O-2018.09-SP2/etc/uvm-1.1/base/uvm_callback.svh'.
Back to file '/eda/synopsys/vcs-mx/O-2018.09-SP2/etc/uvm-1.1/base/uvm_base.svh'.
Parsing included file '/eda/synopsys/vcs-mx/O-2018.09-SP2/etc/uvm-1.1/base/uvm_report_catcher.svh'.
Back to file '/eda/synopsys/vcs-mx/O-2018.09-SP2/etc/uvm-1.1/base/uvm_base.svh'.
Parsing included file '/eda/synopsys/vcs-mx/O-2018.09-SP2/etc/uvm-1.1/base/uvm_report_server.svh'.
Back to file '/eda/synopsys/vcs-mx/O-2018.09-SP2/etc/uvm-1.1/base/uvm_base.svh'.
Parsing included file '/eda/synopsys/vcs-mx/O-2018.09-SP2/etc/uvm-1.1/base/uvm_report_handler.svh'.
Back to file '/eda/synopsys/vcs-mx/O-2018.09-SP2/etc/uvm-1.1/base/uvm_base.svh'.
Parsing included file '/eda/synopsys/vcs-mx/O-2018.09-SP2/etc/uvm-1.1/base/uvm_report_object.svh'.
Back to file '/eda/synopsys/vcs-mx/O-2018.09-SP2/etc/uvm-1.1/base/uvm_base.svh'.
Parsing included file '/eda/synopsys/vcs-mx/O-2018.09-SP2/etc/uvm-1.1/base/uvm_transaction.svh'.
Back to file '/eda/synopsys/vcs-mx/O-2018.09-SP2/etc/uvm-1.1/base/uvm_base.svh'.
Parsing included file '/eda/synopsys/vcs-mx/O-2018.09-SP2/etc/uvm-1.1/base/uvm_phase.svh'.
Back to file '/eda/synopsys/vcs-mx/O-2018.09-SP2/etc/uvm-1.1/base/uvm_base.svh'.
Parsing included file '/eda/synopsys/vcs-mx/O-2018.09-SP2/etc/uvm-1.1/base/uvm_domain.svh'.
Back to file '/eda/synopsys/vcs-mx/O-2018.09-SP2/etc/uvm-1.1/base/uvm_base.svh'.
Parsing included file '/eda/synopsys/vcs-mx/O-2018.09-SP2/etc/uvm-1.1/base/uvm_bottomup_phase.svh'.
Back to file '/eda/synopsys/vcs-mx/O-2018.09-SP2/etc/uvm-1.1/base/uvm_base.svh'.
Parsing included file '/eda/synopsys/vcs-mx/O-2018.09-SP2/etc/uvm-1.1/base/uvm_topdown_phase.svh'.
Back to file '/eda/synopsys/vcs-mx/O-2018.09-SP2/etc/uvm-1.1/base/uvm_base.svh'.
Parsing included file '/eda/synopsys/vcs-mx/O-2018.09-SP2/etc/uvm-1.1/base/uvm_task_phase.svh'.
Back to file '/eda/synopsys/vcs-mx/O-2018.09-SP2/etc/uvm-1.1/base/uvm_base.svh'.
Parsing included file '/eda/synopsys/vcs-mx/O-2018.09-SP2/etc/uvm-1.1/base/uvm_common_phases.svh'.
Back to file '/eda/synopsys/vcs-mx/O-2018.09-SP2/etc/uvm-1.1/base/uvm_base.svh'.
Parsing included file '/eda/synopsys/vcs-mx/O-2018.09-SP2/etc/uvm-1.1/base/uvm_runtime_phases.svh'.
Back to file '/eda/synopsys/vcs-mx/O-2018.09-SP2/etc/uvm-1.1/base/uvm_base.svh'.
Parsing included file '/eda/synopsys/vcs-mx/O-2018.09-SP2/etc/uvm-1.1/base/uvm_component.svh'.
Parsing included file '/eda/synopsys/vcs-mx/O-2018.09-SP2/etc/uvm-1.1/base/uvm_root.svh'.
Back to file '/eda/synopsys/vcs-mx/O-2018.09-SP2/etc/uvm-1.1/base/uvm_component.svh'.
Back to file '/eda/synopsys/vcs-mx/O-2018.09-SP2/etc/uvm-1.1/base/uvm_base.svh'.
Parsing included file '/eda/synopsys/vcs-mx/O-2018.09-SP2/etc/uvm-1.1/base/uvm_objection.svh'.
Back to file '/eda/synopsys/vcs-mx/O-2018.09-SP2/etc/uvm-1.1/base/uvm_base.svh'.
Parsing included file '/eda/synopsys/vcs-mx/O-2018.09-SP2/etc/uvm-1.1/base/uvm_heartbeat.svh'.
Back to file '/eda/synopsys/vcs-mx/O-2018.09-SP2/etc/uvm-1.1/base/uvm_base.svh'.
Parsing included file '/eda/synopsys/vcs-mx/O-2018.09-SP2/etc/uvm-1.1/base/uvm_globals.svh'.
Back to file '/eda/synopsys/vcs-mx/O-2018.09-SP2/etc/uvm-1.1/base/uvm_base.svh'.
Parsing included file '/eda/synopsys/vcs-mx/O-2018.09-SP2/etc/uvm-1.1/base/uvm_cmdline_processor.svh'.
Back to file '/eda/synopsys/vcs-mx/O-2018.09-SP2/etc/uvm-1.1/base/uvm_base.svh'.
Back to file '/eda/synopsys/vcs-mx/O-2018.09-SP2/etc/uvm-1.1/uvm_pkg.sv'.
Parsing included file '/eda/synopsys/vcs-mx/O-2018.09-SP2/etc/uvm-1.1/tlm1/uvm_tlm.svh'.
Parsing included file '/eda/synopsys/vcs-mx/O-2018.09-SP2/etc/uvm-1.1/tlm1/uvm_tlm_ifs.svh'.
Back to file '/eda/synopsys/vcs-mx/O-2018.09-SP2/etc/uvm-1.1/tlm1/uvm_tlm.svh'.
Parsing included file '/eda/synopsys/vcs-mx/O-2018.09-SP2/etc/uvm-1.1/tlm1/uvm_sqr_ifs.svh'.
Back to file '/eda/synopsys/vcs-mx/O-2018.09-SP2/etc/uvm-1.1/tlm1/uvm_tlm.svh'.
Parsing included file '/eda/synopsys/vcs-mx/O-2018.09-SP2/etc/uvm-1.1/base/uvm_port_base.svh'.
Back to file '/eda/synopsys/vcs-mx/O-2018.09-SP2/etc/uvm-1.1/tlm1/uvm_tlm.svh'.
Parsing included file '/eda/synopsys/vcs-mx/O-2018.09-SP2/etc/uvm-1.1/tlm1/uvm_tlm_imps.svh'.
Back to file '/eda/synopsys/vcs-mx/O-2018.09-SP2/etc/uvm-1.1/tlm1/uvm_tlm.svh'.
Parsing included file '/eda/synopsys/vcs-mx/O-2018.09-SP2/etc/uvm-1.1/tlm1/uvm_imps.svh'.
Back to file '/eda/synopsys/vcs-mx/O-2018.09-SP2/etc/uvm-1.1/tlm1/uvm_tlm.svh'.
Parsing included file '/eda/synopsys/vcs-mx/O-2018.09-SP2/etc/uvm-1.1/tlm1/uvm_ports.svh'.
Back to file '/eda/synopsys/vcs-mx/O-2018.09-SP2/etc/uvm-1.1/tlm1/uvm_tlm.svh'.
Parsing included file '/eda/synopsys/vcs-mx/O-2018.09-SP2/etc/uvm-1.1/tlm1/uvm_exports.svh'.
Back to file '/eda/synopsys/vcs-mx/O-2018.09-SP2/etc/uvm-1.1/tlm1/uvm_tlm.svh'.
Parsing included file '/eda/synopsys/vcs-mx/O-2018.09-SP2/etc/uvm-1.1/tlm1/uvm_analysis_port.svh'.
Back to file '/eda/synopsys/vcs-mx/O-2018.09-SP2/etc/uvm-1.1/tlm1/uvm_tlm.svh'.
Parsing included file '/eda/synopsys/vcs-mx/O-2018.09-SP2/etc/uvm-1.1/tlm1/uvm_tlm_fifo_base.svh'.
Back to file '/eda/synopsys/vcs-mx/O-2018.09-SP2/etc/uvm-1.1/tlm1/uvm_tlm.svh'.
Parsing included file '/eda/synopsys/vcs-mx/O-2018.09-SP2/etc/uvm-1.1/tlm1/uvm_tlm_fifos.svh'.
Back to file '/eda/synopsys/vcs-mx/O-2018.09-SP2/etc/uvm-1.1/tlm1/uvm_tlm.svh'.
Parsing included file '/eda/synopsys/vcs-mx/O-2018.09-SP2/etc/uvm-1.1/tlm1/uvm_tlm_req_rsp.svh'.
Back to file '/eda/synopsys/vcs-mx/O-2018.09-SP2/etc/uvm-1.1/tlm1/uvm_tlm.svh'.
Parsing included file '/eda/synopsys/vcs-mx/O-2018.09-SP2/etc/uvm-1.1/tlm1/uvm_sqr_connections.svh'.
Back to file '/eda/synopsys/vcs-mx/O-2018.09-SP2/etc/uvm-1.1/tlm1/uvm_tlm.svh'.
Back to file '/eda/synopsys/vcs-mx/O-2018.09-SP2/etc/uvm-1.1/uvm_pkg.sv'.
Parsing included file '/eda/synopsys/vcs-mx/O-2018.09-SP2/etc/uvm-1.1/comps/uvm_comps.svh'.
Parsing included file '/eda/synopsys/vcs-mx/O-2018.09-SP2/etc/uvm-1.1/comps/uvm_pair.svh'.
Back to file '/eda/synopsys/vcs-mx/O-2018.09-SP2/etc/uvm-1.1/comps/uvm_comps.svh'.
Parsing included file '/eda/synopsys/vcs-mx/O-2018.09-SP2/etc/uvm-1.1/comps/uvm_policies.svh'.
Back to file '/eda/synopsys/vcs-mx/O-2018.09-SP2/etc/uvm-1.1/comps/uvm_comps.svh'.
Parsing included file '/eda/synopsys/vcs-mx/O-2018.09-SP2/etc/uvm-1.1/comps/uvm_in_order_comparator.svh'.
Back to file '/eda/synopsys/vcs-mx/O-2018.09-SP2/etc/uvm-1.1/comps/uvm_comps.svh'.
Parsing included file '/eda/synopsys/vcs-mx/O-2018.09-SP2/etc/uvm-1.1/comps/uvm_algorithmic_comparator.svh'.
Back to file '/eda/synopsys/vcs-mx/O-2018.09-SP2/etc/uvm-1.1/comps/uvm_comps.svh'.
Parsing included file '/eda/synopsys/vcs-mx/O-2018.09-SP2/etc/uvm-1.1/comps/uvm_random_stimulus.svh'.
Back to file '/eda/synopsys/vcs-mx/O-2018.09-SP2/etc/uvm-1.1/comps/uvm_comps.svh'.
Parsing included file '/eda/synopsys/vcs-mx/O-2018.09-SP2/etc/uvm-1.1/comps/uvm_subscriber.svh'.
Back to file '/eda/synopsys/vcs-mx/O-2018.09-SP2/etc/uvm-1.1/comps/uvm_comps.svh'.
Parsing included file '/eda/synopsys/vcs-mx/O-2018.09-SP2/etc/uvm-1.1/comps/uvm_monitor.svh'.
Back to file '/eda/synopsys/vcs-mx/O-2018.09-SP2/etc/uvm-1.1/comps/uvm_comps.svh'.
Parsing included file '/eda/synopsys/vcs-mx/O-2018.09-SP2/etc/uvm-1.1/comps/uvm_driver.svh'.
Back to file '/eda/synopsys/vcs-mx/O-2018.09-SP2/etc/uvm-1.1/comps/uvm_comps.svh'.
Parsing included file '/eda/synopsys/vcs-mx/O-2018.09-SP2/etc/uvm-1.1/comps/uvm_push_driver.svh'.
Back to file '/eda/synopsys/vcs-mx/O-2018.09-SP2/etc/uvm-1.1/comps/uvm_comps.svh'.
Parsing included file '/eda/synopsys/vcs-mx/O-2018.09-SP2/etc/uvm-1.1/comps/uvm_scoreboard.svh'.
Back to file '/eda/synopsys/vcs-mx/O-2018.09-SP2/etc/uvm-1.1/comps/uvm_comps.svh'.
Parsing included file '/eda/synopsys/vcs-mx/O-2018.09-SP2/etc/uvm-1.1/comps/uvm_agent.svh'.
Back to file '/eda/synopsys/vcs-mx/O-2018.09-SP2/etc/uvm-1.1/comps/uvm_comps.svh'.
Parsing included file '/eda/synopsys/vcs-mx/O-2018.09-SP2/etc/uvm-1.1/comps/uvm_env.svh'.
Back to file '/eda/synopsys/vcs-mx/O-2018.09-SP2/etc/uvm-1.1/comps/uvm_comps.svh'.
Parsing included file '/eda/synopsys/vcs-mx/O-2018.09-SP2/etc/uvm-1.1/comps/uvm_test.svh'.
Back to file '/eda/synopsys/vcs-mx/O-2018.09-SP2/etc/uvm-1.1/comps/uvm_comps.svh'.
Back to file '/eda/synopsys/vcs-mx/O-2018.09-SP2/etc/uvm-1.1/uvm_pkg.sv'.
Parsing included file '/eda/synopsys/vcs-mx/O-2018.09-SP2/etc/uvm-1.1/seq/uvm_seq.svh'.
Parsing included file '/eda/synopsys/vcs-mx/O-2018.09-SP2/etc/uvm-1.1/seq/uvm_sequence_item.svh'.
Back to file '/eda/synopsys/vcs-mx/O-2018.09-SP2/etc/uvm-1.1/seq/uvm_seq.svh'.
Parsing included file '/eda/synopsys/vcs-mx/O-2018.09-SP2/etc/uvm-1.1/seq/uvm_sequencer_base.svh'.
Back to file '/eda/synopsys/vcs-mx/O-2018.09-SP2/etc/uvm-1.1/seq/uvm_seq.svh'.
Parsing included file '/eda/synopsys/vcs-mx/O-2018.09-SP2/etc/uvm-1.1/seq/uvm_sequencer_analysis_fifo.svh'.
Back to file '/eda/synopsys/vcs-mx/O-2018.09-SP2/etc/uvm-1.1/seq/uvm_seq.svh'.
Parsing included file '/eda/synopsys/vcs-mx/O-2018.09-SP2/etc/uvm-1.1/seq/uvm_sequencer_param_base.svh'.
Back to file '/eda/synopsys/vcs-mx/O-2018.09-SP2/etc/uvm-1.1/seq/uvm_seq.svh'.
Parsing included file '/eda/synopsys/vcs-mx/O-2018.09-SP2/etc/uvm-1.1/seq/uvm_sequencer.svh'.
Back to file '/eda/synopsys/vcs-mx/O-2018.09-SP2/etc/uvm-1.1/seq/uvm_seq.svh'.
Parsing included file '/eda/synopsys/vcs-mx/O-2018.09-SP2/etc/uvm-1.1/seq/uvm_push_sequencer.svh'.
Back to file '/eda/synopsys/vcs-mx/O-2018.09-SP2/etc/uvm-1.1/seq/uvm_seq.svh'.
Parsing included file '/eda/synopsys/vcs-mx/O-2018.09-SP2/etc/uvm-1.1/seq/uvm_sequence_base.svh'.
Back to file '/eda/synopsys/vcs-mx/O-2018.09-SP2/etc/uvm-1.1/seq/uvm_seq.svh'.
Parsing included file '/eda/synopsys/vcs-mx/O-2018.09-SP2/etc/uvm-1.1/seq/uvm_sequence.svh'.
Back to file '/eda/synopsys/vcs-mx/O-2018.09-SP2/etc/uvm-1.1/seq/uvm_seq.svh'.
Parsing included file '/eda/synopsys/vcs-mx/O-2018.09-SP2/etc/uvm-1.1/seq/uvm_sequence_library.svh'.
Back to file '/eda/synopsys/vcs-mx/O-2018.09-SP2/etc/uvm-1.1/seq/uvm_seq.svh'.
Parsing included file '/eda/synopsys/vcs-mx/O-2018.09-SP2/etc/uvm-1.1/seq/uvm_sequence_builtin.svh'.
Back to file '/eda/synopsys/vcs-mx/O-2018.09-SP2/etc/uvm-1.1/seq/uvm_seq.svh'.
Back to file '/eda/synopsys/vcs-mx/O-2018.09-SP2/etc/uvm-1.1/uvm_pkg.sv'.
Parsing included file '/eda/synopsys/vcs-mx/O-2018.09-SP2/etc/uvm-1.1/tlm2/uvm_tlm2.svh'.
Parsing included file '/eda/synopsys/vcs-mx/O-2018.09-SP2/etc/uvm-1.1/tlm2/uvm_tlm2_defines.svh'.
Back to file '/eda/synopsys/vcs-mx/O-2018.09-SP2/etc/uvm-1.1/tlm2/uvm_tlm2.svh'.
Parsing included file '/eda/synopsys/vcs-mx/O-2018.09-SP2/etc/uvm-1.1/tlm2/uvm_tlm2_time.svh'.
Back to file '/eda/synopsys/vcs-mx/O-2018.09-SP2/etc/uvm-1.1/tlm2/uvm_tlm2.svh'.
Parsing included file '/eda/synopsys/vcs-mx/O-2018.09-SP2/etc/uvm-1.1/tlm2/uvm_tlm2_generic_payload.svh'.
Back to file '/eda/synopsys/vcs-mx/O-2018.09-SP2/etc/uvm-1.1/tlm2/uvm_tlm2.svh'.
Parsing included file '/eda/synopsys/vcs-mx/O-2018.09-SP2/etc/uvm-1.1/tlm2/uvm_tlm2_ifs.svh'.
Back to file '/eda/synopsys/vcs-mx/O-2018.09-SP2/etc/uvm-1.1/tlm2/uvm_tlm2.svh'.
Parsing included file '/eda/synopsys/vcs-mx/O-2018.09-SP2/etc/uvm-1.1/tlm2/uvm_tlm2_imps.svh'.
Back to file '/eda/synopsys/vcs-mx/O-2018.09-SP2/etc/uvm-1.1/tlm2/uvm_tlm2.svh'.
Parsing included file '/eda/synopsys/vcs-mx/O-2018.09-SP2/etc/uvm-1.1/tlm2/uvm_tlm2_ports.svh'.
Back to file '/eda/synopsys/vcs-mx/O-2018.09-SP2/etc/uvm-1.1/tlm2/uvm_tlm2.svh'.
Parsing included file '/eda/synopsys/vcs-mx/O-2018.09-SP2/etc/uvm-1.1/tlm2/uvm_tlm2_exports.svh'.
Back to file '/eda/synopsys/vcs-mx/O-2018.09-SP2/etc/uvm-1.1/tlm2/uvm_tlm2.svh'.
Parsing included file '/eda/synopsys/vcs-mx/O-2018.09-SP2/etc/uvm-1.1/tlm2/uvm_tlm2_sockets_base.svh'.
Back to file '/eda/synopsys/vcs-mx/O-2018.09-SP2/etc/uvm-1.1/tlm2/uvm_tlm2.svh'.
Parsing included file '/eda/synopsys/vcs-mx/O-2018.09-SP2/etc/uvm-1.1/tlm2/uvm_tlm2_sockets.svh'.
Back to file '/eda/synopsys/vcs-mx/O-2018.09-SP2/etc/uvm-1.1/tlm2/uvm_tlm2.svh'.
Back to file '/eda/synopsys/vcs-mx/O-2018.09-SP2/etc/uvm-1.1/uvm_pkg.sv'.
Parsing included file '/eda/synopsys/vcs-mx/O-2018.09-SP2/etc/uvm-1.1/reg/uvm_reg_model.svh'.
Parsing included file '/eda/synopsys/vcs-mx/O-2018.09-SP2/etc/uvm-1.1/reg/uvm_reg_item.svh'.
Back to file '/eda/synopsys/vcs-mx/O-2018.09-SP2/etc/uvm-1.1/reg/uvm_reg_model.svh'.
Parsing included file '/eda/synopsys/vcs-mx/O-2018.09-SP2/etc/uvm-1.1/reg/uvm_reg_adapter.svh'.
Back to file '/eda/synopsys/vcs-mx/O-2018.09-SP2/etc/uvm-1.1/reg/uvm_reg_model.svh'.
Parsing included file '/eda/synopsys/vcs-mx/O-2018.09-SP2/etc/uvm-1.1/reg/uvm_reg_predictor.svh'.
Back to file '/eda/synopsys/vcs-mx/O-2018.09-SP2/etc/uvm-1.1/reg/uvm_reg_model.svh'.
Parsing included file '/eda/synopsys/vcs-mx/O-2018.09-SP2/etc/uvm-1.1/reg/uvm_reg_sequence.svh'.
Back to file '/eda/synopsys/vcs-mx/O-2018.09-SP2/etc/uvm-1.1/reg/uvm_reg_model.svh'.
Parsing included file '/eda/synopsys/vcs-mx/O-2018.09-SP2/etc/uvm-1.1/reg/uvm_reg_cbs.svh'.
Back to file '/eda/synopsys/vcs-mx/O-2018.09-SP2/etc/uvm-1.1/reg/uvm_reg_model.svh'.
Parsing included file '/eda/synopsys/vcs-mx/O-2018.09-SP2/etc/uvm-1.1/reg/uvm_reg_backdoor.svh'.
Back to file '/eda/synopsys/vcs-mx/O-2018.09-SP2/etc/uvm-1.1/reg/uvm_reg_model.svh'.
Parsing included file '/eda/synopsys/vcs-mx/O-2018.09-SP2/etc/uvm-1.1/reg/uvm_reg_field.svh'.
Back to file '/eda/synopsys/vcs-mx/O-2018.09-SP2/etc/uvm-1.1/reg/uvm_reg_model.svh'.
Parsing included file '/eda/synopsys/vcs-mx/O-2018.09-SP2/etc/uvm-1.1/reg/uvm_vreg_field.svh'.
Back to file '/eda/synopsys/vcs-mx/O-2018.09-SP2/etc/uvm-1.1/reg/uvm_reg_model.svh'.
Parsing included file '/eda/synopsys/vcs-mx/O-2018.09-SP2/etc/uvm-1.1/reg/uvm_reg.svh'.
Back to file '/eda/synopsys/vcs-mx/O-2018.09-SP2/etc/uvm-1.1/reg/uvm_reg_model.svh'.
Parsing included file '/eda/synopsys/vcs-mx/O-2018.09-SP2/etc/uvm-1.1/reg/uvm_reg_indirect.svh'.
Back to file '/eda/synopsys/vcs-mx/O-2018.09-SP2/etc/uvm-1.1/reg/uvm_reg_model.svh'.
Parsing included file '/eda/synopsys/vcs-mx/O-2018.09-SP2/etc/uvm-1.1/reg/uvm_reg_fifo.svh'.
Back to file '/eda/synopsys/vcs-mx/O-2018.09-SP2/etc/uvm-1.1/reg/uvm_reg_model.svh'.
Parsing included file '/eda/synopsys/vcs-mx/O-2018.09-SP2/etc/uvm-1.1/reg/uvm_reg_file.svh'.
Back to file '/eda/synopsys/vcs-mx/O-2018.09-SP2/etc/uvm-1.1/reg/uvm_reg_model.svh'.
Parsing included file '/eda/synopsys/vcs-mx/O-2018.09-SP2/etc/uvm-1.1/reg/uvm_mem_mam.svh'.
Back to file '/eda/synopsys/vcs-mx/O-2018.09-SP2/etc/uvm-1.1/reg/uvm_reg_model.svh'.
Parsing included file '/eda/synopsys/vcs-mx/O-2018.09-SP2/etc/uvm-1.1/reg/uvm_vreg.svh'.
Back to file '/eda/synopsys/vcs-mx/O-2018.09-SP2/etc/uvm-1.1/reg/uvm_reg_model.svh'.
Parsing included file '/eda/synopsys/vcs-mx/O-2018.09-SP2/etc/uvm-1.1/reg/uvm_mem.svh'.
Back to file '/eda/synopsys/vcs-mx/O-2018.09-SP2/etc/uvm-1.1/reg/uvm_reg_model.svh'.
Parsing included file '/eda/synopsys/vcs-mx/O-2018.09-SP2/etc/uvm-1.1/reg/uvm_reg_map.svh'.
Back to file '/eda/synopsys/vcs-mx/O-2018.09-SP2/etc/uvm-1.1/reg/uvm_reg_model.svh'.
Parsing included file '/eda/synopsys/vcs-mx/O-2018.09-SP2/etc/uvm-1.1/reg/uvm_reg_block.svh'.
Back to file '/eda/synopsys/vcs-mx/O-2018.09-SP2/etc/uvm-1.1/reg/uvm_reg_model.svh'.
Parsing included file '/eda/synopsys/vcs-mx/O-2018.09-SP2/etc/uvm-1.1/reg/sequences/uvm_reg_hw_reset_seq.svh'.
Back to file '/eda/synopsys/vcs-mx/O-2018.09-SP2/etc/uvm-1.1/reg/uvm_reg_model.svh'.
Parsing included file '/eda/synopsys/vcs-mx/O-2018.09-SP2/etc/uvm-1.1/reg/sequences/uvm_reg_bit_bash_seq.svh'.
Back to file '/eda/synopsys/vcs-mx/O-2018.09-SP2/etc/uvm-1.1/reg/uvm_reg_model.svh'.
Parsing included file '/eda/synopsys/vcs-mx/O-2018.09-SP2/etc/uvm-1.1/reg/sequences/uvm_mem_walk_seq.svh'.
Back to file '/eda/synopsys/vcs-mx/O-2018.09-SP2/etc/uvm-1.1/reg/uvm_reg_model.svh'.
Parsing included file '/eda/synopsys/vcs-mx/O-2018.09-SP2/etc/uvm-1.1/reg/sequences/uvm_mem_access_seq.svh'.
Back to file '/eda/synopsys/vcs-mx/O-2018.09-SP2/etc/uvm-1.1/reg/uvm_reg_model.svh'.
Parsing included file '/eda/synopsys/vcs-mx/O-2018.09-SP2/etc/uvm-1.1/reg/sequences/uvm_reg_access_seq.svh'.
Back to file '/eda/synopsys/vcs-mx/O-2018.09-SP2/etc/uvm-1.1/reg/uvm_reg_model.svh'.
Parsing included file '/eda/synopsys/vcs-mx/O-2018.09-SP2/etc/uvm-1.1/reg/sequences/uvm_reg_mem_shared_access_seq.svh'.
Back to file '/eda/synopsys/vcs-mx/O-2018.09-SP2/etc/uvm-1.1/reg/uvm_reg_model.svh'.
Parsing included file '/eda/synopsys/vcs-mx/O-2018.09-SP2/etc/uvm-1.1/reg/sequences/uvm_reg_mem_built_in_seq.svh'.
Back to file '/eda/synopsys/vcs-mx/O-2018.09-SP2/etc/uvm-1.1/reg/uvm_reg_model.svh'.
Parsing included file '/eda/synopsys/vcs-mx/O-2018.09-SP2/etc/uvm-1.1/reg/sequences/uvm_reg_mem_hdl_paths_seq.svh'.
Back to file '/eda/synopsys/vcs-mx/O-2018.09-SP2/etc/uvm-1.1/reg/uvm_reg_model.svh'.
Parsing included file '/eda/synopsys/vcs-mx/O-2018.09-SP2/etc/uvm-1.1/reg/snps_uvm_reg_bank.svh'.
Back to file '/eda/synopsys/vcs-mx/O-2018.09-SP2/etc/uvm-1.1/reg/uvm_reg_model.svh'.
Back to file '/eda/synopsys/vcs-mx/O-2018.09-SP2/etc/uvm-1.1/uvm_pkg.sv'.
Parsing design file '/eda/synopsys/vcs-mx/O-2018.09-SP2/etc/uvm-1.1/vcs/uvm_custom_install_vcs_recorder.sv'
Parsing included file '/eda/synopsys/vcs-mx/O-2018.09-SP2/etc/uvm-1.1/vcs/msglog.svh'.
Back to file '/eda/synopsys/vcs-mx/O-2018.09-SP2/etc/uvm-1.1/vcs/uvm_custom_install_vcs_recorder.sv'.
Parsing included file '/eda/synopsys/vcs-mx/O-2018.09-SP2/etc/uvm-1.1/vcs/uvm_msglog_report_server.sv'.
Back to file '/eda/synopsys/vcs-mx/O-2018.09-SP2/etc/uvm-1.1/vcs/uvm_custom_install_vcs_recorder.sv'.
Parsing included file '/eda/synopsys/vcs-mx/O-2018.09-SP2/etc/uvm-1.1/vcs/uvm_vcs_recorder.svh'.
Back to file '/eda/synopsys/vcs-mx/O-2018.09-SP2/etc/uvm-1.1/vcs/uvm_custom_install_vcs_recorder.sv'.
Parsing included file '/eda/synopsys/vcs-mx/O-2018.09-SP2/etc/uvm-1.1/vcs/uvm_vcs_record_interface.sv'.
Back to file '/eda/synopsys/vcs-mx/O-2018.09-SP2/etc/uvm-1.1/vcs/uvm_custom_install_vcs_recorder.sv'.
Parsing design file '/eda/synopsys/vcs-mx/O-2018.09-SP2/etc/uvm-1.1/verdi/uvm_custom_install_verdi_recorder.sv'
Parsing included file '/eda/synopsys/vcs-mx/O-2018.09-SP2/etc/uvm-1.1/uvm_macros.svh'.
Back to file '/eda/synopsys/vcs-mx/O-2018.09-SP2/etc/uvm-1.1/verdi/uvm_custom_install_verdi_recorder.sv'.
Parsing included file '/eda/synopsys/vcs-mx/O-2018.09-SP2/etc/uvm-1.1/verdi/uvm_verdi_recorder.svh'.
Parsing included file '/eda/synopsys/vcs-mx/O-2018.09-SP2/etc/uvm-1.1/verdi/uvm_verdi_pli_base.svh'.
Back to file '/eda/synopsys/vcs-mx/O-2018.09-SP2/etc/uvm-1.1/verdi/uvm_verdi_recorder.svh'.
Back to file '/eda/synopsys/vcs-mx/O-2018.09-SP2/etc/uvm-1.1/verdi/uvm_custom_install_verdi_recorder.sv'.
Parsing included file '/eda/synopsys/vcs-mx/O-2018.09-SP2/etc/uvm-1.1/verdi/uvm_verdi_reg_map_recording.sv'.
Back to file '/eda/synopsys/vcs-mx/O-2018.09-SP2/etc/uvm-1.1/verdi/uvm_custom_install_verdi_recorder.sv'.
Parsing included file '/eda/synopsys/vcs-mx/O-2018.09-SP2/etc/uvm-1.1/verdi/uvm_verdi_message_catcher.svh'.
Parsing included file '/eda/synopsys/vcs-mx/O-2018.09-SP2/etc/uvm-1.1/verdi/uvm_verdi_pli_base.svh'.
Back to file '/eda/synopsys/vcs-mx/O-2018.09-SP2/etc/uvm-1.1/verdi/uvm_verdi_message_catcher.svh'.
Back to file '/eda/synopsys/vcs-mx/O-2018.09-SP2/etc/uvm-1.1/verdi/uvm_custom_install_verdi_recorder.sv'.
Parsing included file '/eda/synopsys/vcs-mx/O-2018.09-SP2/etc/uvm-1.1/verdi/./dpi/uvm_verdi_dpi.svh'.
Back to file '/eda/synopsys/vcs-mx/O-2018.09-SP2/etc/uvm-1.1/verdi/uvm_custom_install_verdi_recorder.sv'.
Parsing included file '/eda/synopsys/vcs-mx/O-2018.09-SP2/etc/uvm-1.1/verdi/uvm_verdi_reg_recording.sv'.
Back to file '/eda/synopsys/vcs-mx/O-2018.09-SP2/etc/uvm-1.1/verdi/uvm_custom_install_verdi_recorder.sv'.
Parsing included file '/eda/synopsys/vcs-mx/O-2018.09-SP2/etc/uvm-1.1/verdi/verdi_trans_recorder_dpi.svh'.
Back to file '/eda/synopsys/vcs-mx/O-2018.09-SP2/etc/uvm-1.1/verdi/uvm_custom_install_verdi_recorder.sv'.
Parsing included file '/eda/synopsys/vcs-mx/O-2018.09-SP2/etc/uvm-1.1/verdi/uvm_verdi_pli.svh'.
Back to file '/eda/synopsys/vcs-mx/O-2018.09-SP2/etc/uvm-1.1/verdi/uvm_custom_install_verdi_recorder.sv'.
Parsing design file '/eda/synopsys/vcs-mx/O-2018.09-SP2/etc/uvm-1.1/verdi/uvm_custom_install_verdi_recorder.sv'
Parsing design file '/home/cxjl05/Downloads/V3_PRJ_EXAMPLE/design/dut.sv'

Error-[SE] Syntax error
  Following verilog source has syntax error :
  "/home/cxjl05/Downloads/V3_PRJ_EXAMPLE/design/dut.sv", 16: token is 'reg'
  reg[7:0] txd;
     ^

1 warning
1 error
CPU time: 1.505 seconds to compile
sim_location: /home/cxjl05/Downloads/V3_PRJ_EXAMPLE/work/rerun_fail/test_file111/test2_455527752589136
