# Preference setting overrides
gui_create_pref_key -category {Globals} -key {load_detail_for_funcov} -value_type {bool} -value {false}
gui_create_pref_category -category {schem_obj_name}
gui_create_pref_key -category {schem_obj_name} -key {show_cell_and_pin_with_symbol_name} -value_type {bool} -value {false}
gui_create_pref_key -category {schem_pin_hc} -key {textExtFont} -value_type {string} -value {Helvetica,10,-1,5,50,0,0,0,0,0}

# State setting overrides
gui_state_default_create -off -ini
gui_set_state_value -category Layout -key child_console_size_x -value 1913
gui_set_state_value -category Layout -key child_console_size_y -value 178
gui_set_state_value -category Layout -key child_data_coltype -value 53
gui_set_state_value -category Layout -key child_data_colvalue -value 112
gui_set_state_value -category Layout -key child_data_colvariable -value 152
gui_set_state_value -category Layout -key child_data_size_x -value 325
gui_set_state_value -category Layout -key child_data_size_y -value 553
gui_set_state_value -category Layout -key child_hier_col3 -value {-1}
gui_set_state_value -category Layout -key child_hier_colhier -value 174
gui_set_state_value -category Layout -key child_hier_colpd -value 0
gui_set_state_value -category Layout -key child_hier_coltype -value 134
gui_set_state_value -category Layout -key child_hier_size_x -value 316
gui_set_state_value -category Layout -key child_hier_size_y -value 553
gui_set_state_value -category Layout -key child_hier_sort_order -value 1
gui_set_state_value -category Layout -key child_schematic_docknewline -value false
gui_set_state_value -category Layout -key child_schematic_pos_x -value {-2}
gui_set_state_value -category Layout -key child_schematic_pos_y -value {-15}
gui_set_state_value -category Layout -key child_schematic_size_x -value 1572
gui_set_state_value -category Layout -key child_schematic_size_y -value 547
gui_set_state_value -category Layout -key child_source_docknewline -value false
gui_set_state_value -category Layout -key child_source_pos_x -value {-2}
gui_set_state_value -category Layout -key child_source_pos_y -value {-15}
gui_set_state_value -category Layout -key child_source_size_x -value 1275
gui_set_state_value -category Layout -key child_source_size_y -value 548
gui_set_state_value -category Layout -key child_watch_size_x -value 431
gui_set_state_value -category Layout -key child_watch_size_y -value 179
gui_set_state_value -category Layout -key child_wave_colname -value 275
gui_set_state_value -category Layout -key child_wave_colvalue -value 275
gui_set_state_value -category Layout -key child_wave_left -value 555
gui_set_state_value -category Layout -key child_wave_right -value 1353
gui_set_state_value -category Layout -key main_pos_x -value 1
gui_set_state_value -category Layout -key main_pos_y -value 38
gui_set_state_value -category Layout -key main_size_x -value 1914
gui_set_state_value -category Layout -key main_size_y -value 868
gui_set_state_value -category Layout -key stand_wave_child_docknewline -value false
gui_set_state_value -category Layout -key stand_wave_child_pos_x -value {-2}
gui_set_state_value -category Layout -key stand_wave_child_pos_y -value {-15}
gui_set_state_value -category Layout -key stand_wave_child_size_x -value 1918
gui_set_state_value -category Layout -key stand_wave_child_size_y -value 726
gui_set_state_value -category Layout -key stand_wave_top_pos_x -value 60
gui_set_state_value -category Layout -key stand_wave_top_pos_y -value 66
gui_set_state_value -category Layout -key stand_wave_top_size_x -value 1973
gui_set_state_value -category Layout -key stand_wave_top_size_y -value 896
gui_create_state_key -category FindDialog -key m_pMatchCase -value_type bool -value false
gui_create_state_key -category FindDialog -key m_pMatchWord -value_type bool -value false
gui_create_state_key -category FindDialog -key m_pUseCombo -value_type string -value {}
gui_create_state_key -category FindDialog -key m_pWrapAround -value_type bool -value true
gui_state_default_create -off

# Begin command logging
gui_sim_run Ucli -exe tb1.simv -args {-ucligui  -a run.log +ntb_random_seed=1} -dir .
run 1000ns
gui_open_window Wave
gui_list_add -id Wave.1 -from Hier.1 { tb1 } -insertionbar
gui_wv_zoom_timerange -id  Wave.1 0 444
gui_sim_continue  
gui_sim_stop 
gui_zoom -window Wave.1 -full
gui_zoom -window Wave.1 -full
gui_zoom -window Wave.1 -full
gui_zoom -window Wave.1 -full
gui_close_window -window TopLevel.2
restart
gui_sim_restart
run 1000ns
gui_list_select -id Data.1 -selected  { tb1.ch2_ready   }
gui_list_select_all -id Data.1
gui_open_window Wave
gui_list_add -id Wave.1 -from Data.1 { tb1.ch2_valid tb1.ch0_valid {tb1.ch1_data[31:0]} tb1.ch1_ready {tb1.ch1_margin[4:0]} tb1.rstn {tb1.ch0_data[31:0]} tb1.ch1_valid {tb1.ch0_margin[4:0]} {tb1.mcdt_data[31:0]} tb1.clk tb1.ch2_ready tb1.ch0_ready tb1.mcdt_val {tb1.mcdt_id[1:0]} {tb1.ch2_data[31:0]} {tb1.ch2_margin[4:0]} } -insertionbar
gui_wv_zoom_timerange -id  Wave.1 0 444
gui_zoom -window Wave.1 -full
gui_zoom -window Wave.1 -full
gui_list_select -id Wave.1 -selected  { tb1.ch2_ready   }
gui_list_select -id Wave.1 -selected  { tb1.ch0_ready   }
gui_update_design -all
gui_close_window -window TopLevel.2
