TOOL:	irun(64)	15.20-p001: Started on Apr 21, 2024 at 00:45:52 CST
irun
	-messages
	-nocopyright
	-64bit
	-gui
	-sv
	-uvm
	-update
	-define CONFIG_FOR_SIM
	-work worklib
	-l sim_logs/my_case0_sim.log
	-sem2009
	-errormax 15
	-access +rwc
	-input probe_wave.tcl
	-covtest my_case0
	-timescale 1ns/1ns
	-coverage all
	-covoverwrite
	-status
	+UVM_NO_RELNOTES
	+UVM_TESTNAME=my_case0
	-incdir ../../../../ch2/dut
	-incdir ../env
	-incdir ../top
	../../../../ch2/dut/dut.sv
	../top/top_tb.sv

   User defined plus("+") options:
	+UVM_NO_RELNOTES

SVSEED default: 1
ncsim: *W,DSEM2009: This SystemVerilog design is simulated as per IEEE 1800-2009 SystemVerilog simulation semantics. Use -disable_sem2009 option for turning off SV 2009 simulation semantics.

-------------------------------------
Relinquished control to SimVision...
ncsim> 
ncsim> source /home/cadence/INCISIVE152/tools/inca/files/ncsimrc
ncsim> source /home/cadence/INCISIVE152/tools/methodology/UVM/CDNS-1.1d/additions/sv/files/tcl/uvm_sim.tcl
ncsim> database -open -shm -into test_wave.shm test_wave -default -event
Created default SHM database test_wave
ncsim> probe -create top_tb.my_dut -depth all -all -database test_wave -waveform
ncsim: *W,PRWFD: Only the signals/variables having immediate scope 'top_tb.my_dut' will be added to the waveform viewer.
Created probe 1
ncsim> probe -create $uvm:{uvm_test_top} -depth all -tasks -functions -all -database test_wave -waveform
ncsim: *W,PRWFD: Only the signals/variables having immediate scope '$uvm:{uvm_test_top}' will be added to the waveform viewer.
Created probe 2
ncsim> run
----------------------------------------------------------------
CDNS-UVM-1.1d (15.20-p001)
(C) 2007-2013 Mentor Graphics Corporation
(C) 2007-2013 Cadence Design Systems, Inc.
(C) 2006-2013 Synopsys, Inc.
(C) 2011-2013 Cypress Semiconductor Corp.
----------------------------------------------------------------
UVM_INFO @ 0: reporter [RNTST] Running test my_case0...
stop -create -name Randomize -randomize
Created stop Randomize

UVM_INFO ../env/my_driver.sv(39) @ 1100000: uvm_test_top.env.i_agt.drv [my_driver] begin to drive one pkt
UVM_INFO ../env/my_monitor.sv(46) @ 2100000: uvm_test_top.env.i_agt.mon [my_monitor] begin to collect one pkt
UVM_INFO ../env/my_monitor.sv(46) @ 2300000: uvm_test_top.env.o_agt.mon [my_monitor] begin to collect one pkt
UVM_INFO ../env/my_driver.sv(49) @ 148300000: uvm_test_top.env.i_agt.drv [my_driver] end drive one pkt
UVM_INFO ../env/my_case0.sv(15) @ 148300000: uvm_test_top.env.i_agt.sqr@@case0_sequence [case0_seq] send one transaction, print it
----------------------------------------------------------------------------------------------
Name                           Type            Size  Value                                    
----------------------------------------------------------------------------------------------
m_trans                        my_transaction  -     @4983                                    
  dmac                         integral        48    'h59ec42f9d49a                           
  smac                         integral        48    'h9e8ac97c6bb0                           
  ether_type                   integral        16    'h3b1f                                   
  pload                        da(integral)    714   -                                        
    [0]                        integral        8     'hdc                                     
    [1]                        integral        8     'h85                                     
    [2]                        integral        8     'h81                                     
    [3]                        integral        8     'h28                                     
    [4]                        integral        8     'h84                                     
    ...                        ...             ...   ...                                      
    [709]                      integral        8     'hc7                                     
    [710]                      integral        8     'hc5                                     
    [711]                      integral        8     'hee                                     
    [712]                      integral        8     'h91                                     
    [713]                      integral        8     'h97                                     
  crc                          integral        32    'hf2b3692d                               
  crc_err                      integral        1     'h1                                      
  begin_time                   time            64    1100000                                  
  end_time                     time            64    148300000                                
  depth                        int             32    'd2                                      
  parent sequence (name)       string          14    case0_sequence                           
  parent sequence (full name)  string          41    uvm_test_top.env.i_agt.sqr.case0_sequence
  sequencer                    string          26    uvm_test_top.env.i_agt.sqr               
----------------------------------------------------------------------------------------------
UVM_INFO ../env/my_driver.sv(39) @ 148300000: uvm_test_top.env.i_agt.drv [my_driver] begin to drive one pkt
UVM_INFO ../env/my_monitor.sv(58) @ 148500000: uvm_test_top.env.i_agt.mon [my_monitor] end collect one pkt
UVM_INFO ../env/my_model.sv(34) @ 148500000: uvm_test_top.env.mdl [my_model] get one transaction, copy and print it:
-------------------------------------------------------
Name               Type            Size  Value         
-------------------------------------------------------
uvm_sequence_item  my_transaction  -     @5113         
  dmac             integral        48    'h59ec42f9d49a
  smac             integral        48    'h9e8ac97c6bb0
  ether_type       integral        16    'h3b1f        
  pload            da(integral)    714   -             
    [0]            integral        8     'hdc          
    [1]            integral        8     'h85          
    [2]            integral        8     'h81          
    [3]            integral        8     'h28          
    [4]            integral        8     'h84          
    ...            ...             ...   ...           
    [709]          integral        8     'hc7          
    [710]          integral        8     'hc5          
    [711]          integral        8     'hee          
    [712]          integral        8     'h91          
    [713]          integral        8     'h97          
  crc              integral        32    'hf2b3692d    
  crc_err          integral        1     'h0           
-------------------------------------------------------
UVM_INFO ../env/my_monitor.sv(58) @ 148700000: uvm_test_top.env.o_agt.mon [my_monitor] end collect one pkt
UVM_INFO ../env/my_scoreboard.sv(40) @ 148700000: uvm_test_top.env.scb [my_scoreboard] Compare SUCCESSFULLY
UVM_INFO ../env/my_monitor.sv(46) @ 149300000: uvm_test_top.env.i_agt.mon [my_monitor] begin to collect one pkt
UVM_INFO ../env/my_monitor.sv(46) @ 149500000: uvm_test_top.env.o_agt.mon [my_monitor] begin to collect one pkt
UVM_INFO ../env/my_driver.sv(49) @ 306300000: uvm_test_top.env.i_agt.drv [my_driver] end drive one pkt
UVM_INFO ../env/my_case0.sv(15) @ 306300000: uvm_test_top.env.i_agt.sqr@@case0_sequence [case0_seq] send one transaction, print it
----------------------------------------------------------------------------------------------
Name                           Type            Size  Value                                    
----------------------------------------------------------------------------------------------
m_trans                        my_transaction  -     @5121                                    
  dmac                         integral        48    'hfb65b0242960                           
  smac                         integral        48    'h1e0418b6b939                           
  ether_type                   integral        16    'hd9e8                                   
  pload                        da(integral)    768   -                                        
    [0]                        integral        8     'h4e                                     
    [1]                        integral        8     'hc9                                     
    [2]                        integral        8     'hf2                                     
    [3]                        integral        8     'hff                                     
    [4]                        integral        8     'h60                                     
    ...                        ...             ...   ...                                      
    [763]                      integral        8     'h53                                     
    [764]                      integral        8     'h82                                     
    [765]                      integral        8     'h5                                      
    [766]                      integral        8     'h3f                                     
    [767]                      integral        8     'hcd                                     
  crc                          integral        32    'h29c97880                               
  crc_err                      integral        1     'h1                                      
  begin_time                   time            64    148300000                                
  end_time                     time            64    306300000                                
  depth                        int             32    'd2                                      
  parent sequence (name)       string          14    case0_sequence                           
  parent sequence (full name)  string          41    uvm_test_top.env.i_agt.sqr.case0_sequence
  sequencer                    string          26    uvm_test_top.env.i_agt.sqr               
----------------------------------------------------------------------------------------------
UVM_INFO ../env/my_driver.sv(39) @ 306300000: uvm_test_top.env.i_agt.drv [my_driver] begin to drive one pkt
UVM_INFO ../env/my_monitor.sv(58) @ 306500000: uvm_test_top.env.i_agt.mon [my_monitor] end collect one pkt
UVM_INFO ../env/my_model.sv(34) @ 306500000: uvm_test_top.env.mdl [my_model] get one transaction, copy and print it:
-------------------------------------------------------
Name               Type            Size  Value         
-------------------------------------------------------
uvm_sequence_item  my_transaction  -     @4977         
  dmac             integral        48    'hfb65b0242960
  smac             integral        48    'h1e0418b6b939
  ether_type       integral        16    'hd9e8        
  pload            da(integral)    768   -             
    [0]            integral        8     'h4e          
    [1]            integral        8     'hc9          
    [2]            integral        8     'hf2          
    [3]            integral        8     'hff          
    [4]            integral        8     'h60          
    ...            ...             ...   ...           
    [763]          integral        8     'h53          
    [764]          integral        8     'h82          
    [765]          integral        8     'h5           
    [766]          integral        8     'h3f          
    [767]          integral        8     'hcd          
  crc              integral        32    'h29c97880    
  crc_err          integral        1     'h0           
-------------------------------------------------------
UVM_INFO ../env/my_monitor.sv(58) @ 306700000: uvm_test_top.env.o_agt.mon [my_monitor] end collect one pkt
UVM_INFO ../env/my_scoreboard.sv(40) @ 306700000: uvm_test_top.env.scb [my_scoreboard] Compare SUCCESSFULLY
UVM_INFO ../env/my_monitor.sv(46) @ 307300000: uvm_test_top.env.i_agt.mon [my_monitor] begin to collect one pkt
UVM_INFO ../env/my_monitor.sv(46) @ 307500000: uvm_test_top.env.o_agt.mon [my_monitor] begin to collect one pkt
UVM_INFO ../env/my_driver.sv(49) @ 406700000: uvm_test_top.env.i_agt.drv [my_driver] end drive one pkt
UVM_INFO ../env/my_case0.sv(15) @ 406700000: uvm_test_top.env.i_agt.sqr@@case0_sequence [case0_seq] send one transaction, print it
----------------------------------------------------------------------------------------------
Name                           Type            Size  Value                                    
----------------------------------------------------------------------------------------------
m_trans                        my_transaction  -     @5169                                    
  dmac                         integral        48    'h3db55ba7c47b                           
  smac                         integral        48    'h57c4bb59b477                           
  ether_type                   integral        16    'h6476                                   
  pload                        da(integral)    480   -                                        
    [0]                        integral        8     'h4e                                     
    [1]                        integral        8     'h76                                     
    [2]                        integral        8     'h22                                     
    [3]                        integral        8     'he9                                     
    [4]                        integral        8     'hb9                                     
    ...                        ...             ...   ...                                      
    [475]                      integral        8     'h9b                                     
    [476]                      integral        8     'h87                                     
    [477]                      integral        8     'h74                                     
    [478]                      integral        8     'h48                                     
    [479]                      integral        8     'h80                                     
  crc                          integral        32    'h8cf12daf                               
  crc_err                      integral        1     'h1                                      
  begin_time                   time            64    306300000                                
  end_time                     time            64    406700000                                
  depth                        int             32    'd2                                      
  parent sequence (name)       string          14    case0_sequence                           
  parent sequence (full name)  string          41    uvm_test_top.env.i_agt.sqr.case0_sequence
  sequencer                    string          26    uvm_test_top.env.i_agt.sqr               
----------------------------------------------------------------------------------------------
UVM_INFO ../env/my_driver.sv(39) @ 406700000: uvm_test_top.env.i_agt.drv [my_driver] begin to drive one pkt
UVM_INFO ../env/my_monitor.sv(58) @ 406900000: uvm_test_top.env.i_agt.mon [my_monitor] end collect one pkt
UVM_INFO ../env/my_model.sv(34) @ 406900000: uvm_test_top.env.mdl [my_model] get one transaction, copy and print it:
-------------------------------------------------------
Name               Type            Size  Value         
-------------------------------------------------------
uvm_sequence_item  my_transaction  -     @5115         
  dmac             integral        48    'h3db55ba7c47b
  smac             integral        48    'h57c4bb59b477
  ether_type       integral        16    'h6476        
  pload            da(integral)    480   -             
    [0]            integral        8     'h4e          
    [1]            integral        8     'h76          
    [2]            integral        8     'h22          
    [3]            integral        8     'he9          
    [4]            integral        8     'hb9          
    ...            ...             ...   ...           
    [475]          integral        8     'h9b          
    [476]          integral        8     'h87          
    [477]          integral        8     'h74          
    [478]          integral        8     'h48          
    [479]          integral        8     'h80          
  crc              integral        32    'h8cf12daf    
  crc_err          integral        1     'h0           
-------------------------------------------------------
UVM_INFO ../env/my_monitor.sv(58) @ 407100000: uvm_test_top.env.o_agt.mon [my_monitor] end collect one pkt
UVM_INFO ../env/my_scoreboard.sv(40) @ 407100000: uvm_test_top.env.scb [my_scoreboard] Compare SUCCESSFULLY
UVM_INFO ../env/my_monitor.sv(46) @ 407700000: uvm_test_top.env.i_agt.mon [my_monitor] begin to collect one pkt
UVM_INFO ../env/my_monitor.sv(46) @ 407900000: uvm_test_top.env.o_agt.mon [my_monitor] begin to collect one pkt
UVM_INFO ../env/my_driver.sv(49) @ 671900000: uvm_test_top.env.i_agt.drv [my_driver] end drive one pkt
UVM_INFO ../env/my_case0.sv(15) @ 671900000: uvm_test_top.env.i_agt.sqr@@case0_sequence [case0_seq] send one transaction, print it
----------------------------------------------------------------------------------------------
Name                           Type            Size  Value                                    
----------------------------------------------------------------------------------------------
m_trans                        my_transaction  -     @5161                                    
  dmac                         integral        48    'haad7517d1cd7                           
  smac                         integral        48    'h9d5a38773ab3                           
  ether_type                   integral        16    'hf2b1                                   
  pload                        da(integral)    1304  -                                        
    [0]                        integral        8     'hdd                                     
    [1]                        integral        8     'h8d                                     
    [2]                        integral        8     'h13                                     
    [3]                        integral        8     'he5                                     
    [4]                        integral        8     'h8f                                     
    ...                        ...             ...   ...                                      
    [1299]                     integral        8     'hc5                                     
    [1300]                     integral        8     'h37                                     
    [1301]                     integral        8     'h3f                                     
    [1302]                     integral        8     'h27                                     
    [1303]                     integral        8     'hbc                                     
  crc                          integral        32    'h1c2a88b9                               
  crc_err                      integral        1     'h1                                      
  begin_time                   time            64    406700000                                
  end_time                     time            64    671900000                                
  depth                        int             32    'd2                                      
  parent sequence (name)       string          14    case0_sequence                           
  parent sequence (full name)  string          41    uvm_test_top.env.i_agt.sqr.case0_sequence
  sequencer                    string          26    uvm_test_top.env.i_agt.sqr               
----------------------------------------------------------------------------------------------
UVM_INFO ../env/my_driver.sv(39) @ 671900000: uvm_test_top.env.i_agt.drv [my_driver] begin to drive one pkt
UVM_INFO ../env/my_monitor.sv(58) @ 672100000: uvm_test_top.env.i_agt.mon [my_monitor] end collect one pkt
UVM_INFO ../env/my_model.sv(34) @ 672100000: uvm_test_top.env.mdl [my_model] get one transaction, copy and print it:
-------------------------------------------------------
Name               Type            Size  Value         
-------------------------------------------------------
uvm_sequence_item  my_transaction  -     @5172         
  dmac             integral        48    'haad7517d1cd7
  smac             integral        48    'h9d5a38773ab3
  ether_type       integral        16    'hf2b1        
  pload            da(integral)    1304  -             
    [0]            integral        8     'hdd          
    [1]            integral        8     'h8d          
    [2]            integral        8     'h13          
    [3]            integral        8     'he5          
    [4]            integral        8     'h8f          
    ...            ...             ...   ...           
    [1299]         integral        8     'hc5          
    [1300]         integral        8     'h37          
    [1301]         integral        8     'h3f          
    [1302]         integral        8     'h27          
    [1303]         integral        8     'hbc          
  crc              integral        32    'h1c2a88b9    
  crc_err          integral        1     'h0           
-------------------------------------------------------
ncsim: *W,PRDASL: Dynamic array probe on "worklib.$unit_0x0293e262::my_transaction@5172_6.pload" limited to 1000 elements.
UVM_INFO ../env/my_monitor.sv(58) @ 672300000: uvm_test_top.env.o_agt.mon [my_monitor] end collect one pkt
UVM_INFO ../env/my_scoreboard.sv(40) @ 672300000: uvm_test_top.env.scb [my_scoreboard] Compare SUCCESSFULLY
UVM_INFO ../env/my_monitor.sv(46) @ 672900000: uvm_test_top.env.i_agt.mon [my_monitor] begin to collect one pkt
UVM_INFO ../env/my_monitor.sv(46) @ 673100000: uvm_test_top.env.o_agt.mon [my_monitor] begin to collect one pkt
UVM_INFO ../env/my_driver.sv(49) @ 871100000: uvm_test_top.env.i_agt.drv [my_driver] end drive one pkt
UVM_INFO ../env/my_case0.sv(15) @ 871100000: uvm_test_top.env.i_agt.sqr@@case0_sequence [case0_seq] send one transaction, print it
----------------------------------------------------------------------------------------------
Name                           Type            Size  Value                                    
----------------------------------------------------------------------------------------------
m_trans                        my_transaction  -     @5112                                    
  dmac                         integral        48    'h5fff7097680b                           
  smac                         integral        48    'hc34103d7726a                           
  ether_type                   integral        16    'h6742                                   
  pload                        da(integral)    974   -                                        
    [0]                        integral        8     'hfa                                     
    [1]                        integral        8     'hc                                      
    [2]                        integral        8     'hc4                                     
    [3]                        integral        8     'hf4                                     
    [4]                        integral        8     'he2                                     
    ...                        ...             ...   ...                                      
    [969]                      integral        8     'h8b                                     
    [970]                      integral        8     'h7d                                     
    [971]                      integral        8     'h6f                                     
    [972]                      integral        8     'hd9                                     
    [973]                      integral        8     'h35                                     
  crc                          integral        32    'hd775899f                               
  crc_err                      integral        1     'h1                                      
  begin_time                   time            64    671900000                                
  end_time                     time            64    871100000                                
  depth                        int             32    'd2                                      
  parent sequence (name)       string          14    case0_sequence                           
  parent sequence (full name)  string          41    uvm_test_top.env.i_agt.sqr.case0_sequence
  sequencer                    string          26    uvm_test_top.env.i_agt.sqr               
----------------------------------------------------------------------------------------------
UVM_INFO ../env/my_driver.sv(39) @ 871100000: uvm_test_top.env.i_agt.drv [my_driver] begin to drive one pkt
UVM_INFO ../env/my_monitor.sv(58) @ 871300000: uvm_test_top.env.i_agt.mon [my_monitor] end collect one pkt
UVM_INFO ../env/my_model.sv(34) @ 871300000: uvm_test_top.env.mdl [my_model] get one transaction, copy and print it:
-------------------------------------------------------
Name               Type            Size  Value         
-------------------------------------------------------
uvm_sequence_item  my_transaction  -     @5142         
  dmac             integral        48    'h5fff7097680b
  smac             integral        48    'hc34103d7726a
  ether_type       integral        16    'h6742        
  pload            da(integral)    974   -             
    [0]            integral        8     'hfa          
    [1]            integral        8     'hc           
    [2]            integral        8     'hc4          
    [3]            integral        8     'hf4          
    [4]            integral        8     'he2          
    ...            ...             ...   ...           
    [969]          integral        8     'h8b          
    [970]          integral        8     'h7d          
    [971]          integral        8     'h6f          
    [972]          integral        8     'hd9          
    [973]          integral        8     'h35          
  crc              integral        32    'hd775899f    
  crc_err          integral        1     'h0           
-------------------------------------------------------
UVM_INFO ../env/my_monitor.sv(58) @ 871500000: uvm_test_top.env.o_agt.mon [my_monitor] end collect one pkt
UVM_INFO ../env/my_scoreboard.sv(40) @ 871500000: uvm_test_top.env.scb [my_scoreboard] Compare SUCCESSFULLY
UVM_INFO ../env/my_monitor.sv(46) @ 872100000: uvm_test_top.env.i_agt.mon [my_monitor] begin to collect one pkt
UVM_INFO ../env/my_monitor.sv(46) @ 872300000: uvm_test_top.env.o_agt.mon [my_monitor] begin to collect one pkt
UVM_INFO ../env/my_driver.sv(49) @ 935700000: uvm_test_top.env.i_agt.drv [my_driver] end drive one pkt
UVM_INFO ../env/my_case0.sv(15) @ 935700000: uvm_test_top.env.i_agt.sqr@@case0_sequence [case0_seq] send one transaction, print it
----------------------------------------------------------------------------------------------
Name                           Type            Size  Value                                    
----------------------------------------------------------------------------------------------
m_trans                        my_transaction  -     @5160                                    
  dmac                         integral        48    'ha56b6da7c49f                           
  smac                         integral        48    'hc30e569bd3d8                           
  ether_type                   integral        16    'h857e                                   
  pload                        da(integral)    301   -                                        
    [0]                        integral        8     'ha5                                     
    [1]                        integral        8     'hf5                                     
    [2]                        integral        8     'h36                                     
    [3]                        integral        8     'h15                                     
    [4]                        integral        8     'hb1                                     
    ...                        ...             ...   ...                                      
    [296]                      integral        8     'h7                                      
    [297]                      integral        8     'h1a                                     
    [298]                      integral        8     'h5a                                     
    [299]                      integral        8     'hd2                                     
    [300]                      integral        8     'hab                                     
  crc                          integral        32    'hbed23061                               
  crc_err                      integral        1     'h1                                      
  begin_time                   time            64    871100000                                
  end_time                     time            64    935700000                                
  depth                        int             32    'd2                                      
  parent sequence (name)       string          14    case0_sequence                           
  parent sequence (full name)  string          41    uvm_test_top.env.i_agt.sqr.case0_sequence
  sequencer                    string          26    uvm_test_top.env.i_agt.sqr               
----------------------------------------------------------------------------------------------
UVM_INFO ../env/my_driver.sv(39) @ 935700000: uvm_test_top.env.i_agt.drv [my_driver] begin to drive one pkt
UVM_INFO ../env/my_monitor.sv(58) @ 935900000: uvm_test_top.env.i_agt.mon [my_monitor] end collect one pkt
UVM_INFO ../env/my_model.sv(34) @ 935900000: uvm_test_top.env.mdl [my_model] get one transaction, copy and print it:
-------------------------------------------------------
Name               Type            Size  Value         
-------------------------------------------------------
uvm_sequence_item  my_transaction  -     @5187         
  dmac             integral        48    'ha56b6da7c49f
  smac             integral        48    'hc30e569bd3d8
  ether_type       integral        16    'h857e        
  pload            da(integral)    301   -             
    [0]            integral        8     'ha5          
    [1]            integral        8     'hf5          
    [2]            integral        8     'h36          
    [3]            integral        8     'h15          
    [4]            integral        8     'hb1          
    ...            ...             ...   ...           
    [296]          integral        8     'h7           
    [297]          integral        8     'h1a          
    [298]          integral        8     'h5a          
    [299]          integral        8     'hd2          
    [300]          integral        8     'hab          
  crc              integral        32    'hbed23061    
  crc_err          integral        1     'h0           
-------------------------------------------------------
UVM_INFO ../env/my_monitor.sv(58) @ 936100000: uvm_test_top.env.o_agt.mon [my_monitor] end collect one pkt
UVM_INFO ../env/my_scoreboard.sv(40) @ 936100000: uvm_test_top.env.scb [my_scoreboard] Compare SUCCESSFULLY
UVM_INFO ../env/my_monitor.sv(46) @ 936700000: uvm_test_top.env.i_agt.mon [my_monitor] begin to collect one pkt
UVM_INFO ../env/my_monitor.sv(46) @ 936900000: uvm_test_top.env.o_agt.mon [my_monitor] begin to collect one pkt
UVM_INFO ../env/my_driver.sv(49) @ 1217100000: uvm_test_top.env.i_agt.drv [my_driver] end drive one pkt
UVM_INFO ../env/my_case0.sv(15) @ 1217100000: uvm_test_top.env.i_agt.sqr@@case0_sequence [case0_seq] send one transaction, print it
----------------------------------------------------------------------------------------------
Name                           Type            Size  Value                                    
----------------------------------------------------------------------------------------------
m_trans                        my_transaction  -     @5157                                    
  dmac                         integral        48    'h467dc936f016                           
  smac                         integral        48    'h6565db559fad                           
  ether_type                   integral        16    'h7fbd                                   
  pload                        da(integral)    1385  -                                        
    [0]                        integral        8     'hde                                     
    [1]                        integral        8     'h48                                     
    [2]                        integral        8     'h67                                     
    [3]                        integral        8     'h48                                     
    [4]                        integral        8     'hfe                                     
    ...                        ...             ...   ...                                      
    [1380]                     integral        8     'h7d                                     
    [1381]                     integral        8     'h98                                     
    [1382]                     integral        8     'haa                                     
    [1383]                     integral        8     'h25                                     
    [1384]                     integral        8     'h57                                     
  crc                          integral        32    'hd2407cfe                               
  crc_err                      integral        1     'h1                                      
  begin_time                   time            64    935700000                                
  end_time                     time            64    1217100000                               
  depth                        int             32    'd2                                      
  parent sequence (name)       string          14    case0_sequence                           
  parent sequence (full name)  string          41    uvm_test_top.env.i_agt.sqr.case0_sequence
  sequencer                    string          26    uvm_test_top.env.i_agt.sqr               
----------------------------------------------------------------------------------------------
UVM_INFO ../env/my_driver.sv(39) @ 1217100000: uvm_test_top.env.i_agt.drv [my_driver] begin to drive one pkt
UVM_INFO ../env/my_monitor.sv(58) @ 1217300000: uvm_test_top.env.i_agt.mon [my_monitor] end collect one pkt
UVM_INFO ../env/my_model.sv(34) @ 1217300000: uvm_test_top.env.mdl [my_model] get one transaction, copy and print it:
-------------------------------------------------------
Name               Type            Size  Value         
-------------------------------------------------------
uvm_sequence_item  my_transaction  -     @4998         
  dmac             integral        48    'h467dc936f016
  smac             integral        48    'h6565db559fad
  ether_type       integral        16    'h7fbd        
  pload            da(integral)    1385  -             
    [0]            integral        8     'hde          
    [1]            integral        8     'h48          
    [2]            integral        8     'h67          
    [3]            integral        8     'h48          
    [4]            integral        8     'hfe          
    ...            ...             ...   ...           
    [1380]         integral        8     'h7d          
    [1381]         integral        8     'h98          
    [1382]         integral        8     'haa          
    [1383]         integral        8     'h25          
    [1384]         integral        8     'h57          
  crc              integral        32    'hd2407cfe    
  crc_err          integral        1     'h0           
-------------------------------------------------------
ncsim: *W,PRDASL: Dynamic array probe on "worklib.$unit_0x0293e262::my_transaction@4998_19.pload" limited to 1000 elements.
UVM_INFO ../env/my_monitor.sv(58) @ 1217500000: uvm_test_top.env.o_agt.mon [my_monitor] end collect one pkt
UVM_INFO ../env/my_scoreboard.sv(40) @ 1217500000: uvm_test_top.env.scb [my_scoreboard] Compare SUCCESSFULLY
UVM_INFO ../env/my_monitor.sv(46) @ 1218100000: uvm_test_top.env.i_agt.mon [my_monitor] begin to collect one pkt
UVM_INFO ../env/my_monitor.sv(46) @ 1218300000: uvm_test_top.env.o_agt.mon [my_monitor] begin to collect one pkt
UVM_INFO ../env/my_driver.sv(49) @ 1355500000: uvm_test_top.env.i_agt.drv [my_driver] end drive one pkt
UVM_INFO ../env/my_case0.sv(15) @ 1355500000: uvm_test_top.env.i_agt.sqr@@case0_sequence [case0_seq] send one transaction, print it
----------------------------------------------------------------------------------------------
Name                           Type            Size  Value                                    
----------------------------------------------------------------------------------------------
m_trans                        my_transaction  -     @4990                                    
  dmac                         integral        48    'h9b64c6e22eaa                           
  smac                         integral        48    'h6d77180187a2                           
  ether_type                   integral        16    'hccbd                                   
  pload                        da(integral)    670   -                                        
    [0]                        integral        8     'ha5                                     
    [1]                        integral        8     'h4                                      
    [2]                        integral        8     'h59                                     
    [3]                        integral        8     'h8e                                     
    [4]                        integral        8     'hc7                                     
    ...                        ...             ...   ...                                      
    [665]                      integral        8     'h7d                                     
    [666]                      integral        8     'h7b                                     
    [667]                      integral        8     'hb4                                     
    [668]                      integral        8     'hde                                     
    [669]                      integral        8     'h32                                     
  crc                          integral        32    'h0                                      
  crc_err                      integral        1     'h0                                      
  begin_time                   time            64    1217100000                               
  end_time                     time            64    1355500000                               
  depth                        int             32    'd2                                      
  parent sequence (name)       string          14    case0_sequence                           
  parent sequence (full name)  string          41    uvm_test_top.env.i_agt.sqr.case0_sequence
  sequencer                    string          26    uvm_test_top.env.i_agt.sqr               
----------------------------------------------------------------------------------------------
UVM_INFO ../env/my_driver.sv(39) @ 1355500000: uvm_test_top.env.i_agt.drv [my_driver] begin to drive one pkt
UVM_INFO ../env/my_monitor.sv(58) @ 1355700000: uvm_test_top.env.i_agt.mon [my_monitor] end collect one pkt
UVM_INFO ../env/my_model.sv(34) @ 1355700000: uvm_test_top.env.mdl [my_model] get one transaction, copy and print it:
-------------------------------------------------------
Name               Type            Size  Value         
-------------------------------------------------------
uvm_sequence_item  my_transaction  -     @5144         
  dmac             integral        48    'h9b64c6e22eaa
  smac             integral        48    'h6d77180187a2
  ether_type       integral        16    'hccbd        
  pload            da(integral)    670   -             
    [0]            integral        8     'ha5          
    [1]            integral        8     'h4           
    [2]            integral        8     'h59          
    [3]            integral        8     'h8e          
    [4]            integral        8     'hc7          
    ...            ...             ...   ...           
    [665]          integral        8     'h7d          
    [666]          integral        8     'h7b          
    [667]          integral        8     'hb4          
    [668]          integral        8     'hde          
    [669]          integral        8     'h32          
  crc              integral        32    'h0           
  crc_err          integral        1     'h0           
-------------------------------------------------------
UVM_INFO ../env/my_monitor.sv(58) @ 1355900000: uvm_test_top.env.o_agt.mon [my_monitor] end collect one pkt
UVM_INFO ../env/my_scoreboard.sv(40) @ 1355900000: uvm_test_top.env.scb [my_scoreboard] Compare SUCCESSFULLY
UVM_INFO ../env/my_monitor.sv(46) @ 1356500000: uvm_test_top.env.i_agt.mon [my_monitor] begin to collect one pkt
UVM_INFO ../env/my_monitor.sv(46) @ 1356700000: uvm_test_top.env.o_agt.mon [my_monitor] begin to collect one pkt
UVM_INFO ../env/my_driver.sv(49) @ 1573500000: uvm_test_top.env.i_agt.drv [my_driver] end drive one pkt
UVM_INFO ../env/my_case0.sv(15) @ 1573500000: uvm_test_top.env.i_agt.sqr@@case0_sequence [case0_seq] send one transaction, print it
----------------------------------------------------------------------------------------------
Name                           Type            Size  Value                                    
----------------------------------------------------------------------------------------------
m_trans                        my_transaction  -     @4993                                    
  dmac                         integral        48    'heee6d4b446b6                           
  smac                         integral        48    'h5cb8a59617bf                           
  ether_type                   integral        16    'h916b                                   
  pload                        da(integral)    1068  -                                        
    [0]                        integral        8     'hfb                                     
    [1]                        integral        8     'h29                                     
    [2]                        integral        8     'hc                                      
    [3]                        integral        8     'he7                                     
    [4]                        integral        8     'he                                      
    ...                        ...             ...   ...                                      
    [1063]                     integral        8     'ha2                                     
    [1064]                     integral        8     'h57                                     
    [1065]                     integral        8     'hf8                                     
    [1066]                     integral        8     'h1c                                     
    [1067]                     integral        8     'h3d                                     
  crc                          integral        32    'h0                                      
  crc_err                      integral        1     'h0                                      
  begin_time                   time            64    1355500000                               
  end_time                     time            64    1573500000                               
  depth                        int             32    'd2                                      
  parent sequence (name)       string          14    case0_sequence                           
  parent sequence (full name)  string          41    uvm_test_top.env.i_agt.sqr.case0_sequence
  sequencer                    string          26    uvm_test_top.env.i_agt.sqr               
----------------------------------------------------------------------------------------------
UVM_INFO ../env/my_driver.sv(39) @ 1573500000: uvm_test_top.env.i_agt.drv [my_driver] begin to drive one pkt
UVM_INFO ../env/my_monitor.sv(58) @ 1573700000: uvm_test_top.env.i_agt.mon [my_monitor] end collect one pkt
UVM_INFO ../env/my_model.sv(34) @ 1573700000: uvm_test_top.env.mdl [my_model] get one transaction, copy and print it:
-------------------------------------------------------
Name               Type            Size  Value         
-------------------------------------------------------
uvm_sequence_item  my_transaction  -     @5189         
  dmac             integral        48    'heee6d4b446b6
  smac             integral        48    'h5cb8a59617bf
  ether_type       integral        16    'h916b        
  pload            da(integral)    1068  -             
    [0]            integral        8     'hfb          
    [1]            integral        8     'h29          
    [2]            integral        8     'hc           
    [3]            integral        8     'he7          
    [4]            integral        8     'he           
    ...            ...             ...   ...           
    [1063]         integral        8     'ha2          
    [1064]         integral        8     'h57          
    [1065]         integral        8     'hf8          
    [1066]         integral        8     'h1c          
    [1067]         integral        8     'h3d          
  crc              integral        32    'h0           
  crc_err          integral        1     'h0           
-------------------------------------------------------
ncsim: *W,PRDASL: Dynamic array probe on "worklib.$unit_0x0293e262::my_transaction@5189_29.pload" limited to 1000 elements.
UVM_INFO ../env/my_monitor.sv(58) @ 1573900000: uvm_test_top.env.o_agt.mon [my_monitor] end collect one pkt
UVM_INFO ../env/my_scoreboard.sv(40) @ 1573900000: uvm_test_top.env.scb [my_scoreboard] Compare SUCCESSFULLY
UVM_INFO ../env/my_monitor.sv(46) @ 1574500000: uvm_test_top.env.i_agt.mon [my_monitor] begin to collect one pkt
UVM_INFO ../env/my_monitor.sv(46) @ 1574700000: uvm_test_top.env.o_agt.mon [my_monitor] begin to collect one pkt
UVM_INFO ../env/my_driver.sv(49) @ 1640300000: uvm_test_top.env.i_agt.drv [my_driver] end drive one pkt
UVM_INFO ../env/my_case0.sv(15) @ 1640300000: uvm_test_top.env.i_agt.sqr@@case0_sequence [case0_seq] send one transaction, print it
----------------------------------------------------------------------------------------------
Name                           Type            Size  Value                                    
----------------------------------------------------------------------------------------------
m_trans                        my_transaction  -     @4988                                    
  dmac                         integral        48    'haa7fdf4e96d4                           
  smac                         integral        48    'ha8399e8a1328                           
  ether_type                   integral        16    'hfaa6                                   
  pload                        da(integral)    312   -                                        
    [0]                        integral        8     'he0                                     
    [1]                        integral        8     'hb7                                     
    [2]                        integral        8     'h7e                                     
    [3]                        integral        8     'h52                                     
    [4]                        integral        8     'hd1                                     
    ...                        ...             ...   ...                                      
    [307]                      integral        8     'heb                                     
    [308]                      integral        8     'h60                                     
    [309]                      integral        8     'h13                                     
    [310]                      integral        8     'h6a                                     
    [311]                      integral        8     'h32                                     
  crc                          integral        32    'h0                                      
  crc_err                      integral        1     'h0                                      
  begin_time                   time            64    1573500000                               
  end_time                     time            64    1640300000                               
  depth                        int             32    'd2                                      
  parent sequence (name)       string          14    case0_sequence                           
  parent sequence (full name)  string          41    uvm_test_top.env.i_agt.sqr.case0_sequence
  sequencer                    string          26    uvm_test_top.env.i_agt.sqr               
----------------------------------------------------------------------------------------------
TEST CASE PASSED

--- UVM Report catcher Summary ---


Number of demoted UVM_FATAL reports  :    0
Number of demoted UVM_ERROR reports  :    0
Number of demoted UVM_WARNING reports:    0
Number of caught UVM_FATAL reports   :    0
Number of caught UVM_ERROR reports   :    0
Number of caught UVM_WARNING reports :    0

--- UVM Report Summary ---

** Report counts by severity
UVM_INFO :   87
UVM_WARNING :    0
UVM_ERROR :    0
UVM_FATAL :    0
** Report counts by id
[RNTST]     1
[case0_seq]    10
[my_driver]    20
[my_model]     9
[my_monitor]    38
[my_scoreboard]     9
Simulation complete via $finish(1) at time 1640400 NS + 85
/home/cadence/INCISIVE152/tools/methodology/UVM/CDNS-1.1d/sv/src/base/uvm_root.svh:457     $finish;
ncsim> scope -set \$unit_0x0293e262::
ncsim> ^C
ncsim> exit

coverage setup:
  workdir  :  ./cov_work
  dutinst  :  top_tb(top_tb)
  scope    :  scope
  testname :  my_case0

coverage files:
  model(design data) :  ./cov_work/scope/icc_60cf2570_00000000.ucm (reused)
  data               :  ./cov_work/scope/my_case0/icc_60cf2570_00000000.ucd
  cpu                :  0.0s system + 0.0s user = 0.0s total
ncsim: Memory Usage - 35.7M program + 295.8M data = 331.5M total (339.5M Peak)
ncsim: CPU Usage - 41.4s system + 44.3s user = 85.8s total (55283.7s, 0.2% cpu)
TOOL:	irun(64)	15.20-p001: Exiting on Apr 21, 2024 at 16:07:16 CST  (total: 15:21:24)
