TOOL:	irun(64)	15.20-p001: Started on Apr 19, 2024 at 18:37:53 CST
irun
	-messages
	-nocopyright
	-64bit
	-sv
	-uvm
	-update
	-define CONFIG_FOR_SIM
	-work worklib
	-l sim_logs/my_case0_sim.log
	-sem2009
	-errormax 15
	-access +rwc
	-input probe_wave.tcl
	-covtest my_case0
	-timescale 1ns/1ns
	-coverage all
	-covoverwrite
	-status
	+UVM_NO_RELNOTES
	+UVM_TESTNAME=my_case0
	-incdir ../../../dut
	-incdir ../env
	-incdir ../top
	../../../dut/dut.sv
	../top/top_tb.sv

   User defined plus("+") options:
	+UVM_NO_RELNOTES

Loading snapshot worklib.top_tb:sv .................... Done
SVSEED default: 1
ncsim: *W,DSEM2009: This SystemVerilog design is simulated as per IEEE 1800-2009 SystemVerilog simulation semantics. Use -disable_sem2009 option for turning off SV 2009 simulation semantics.
ncsim> source /home/cadence/INCISIVE152/tools/inca/files/ncsimrc
ncsim> source /home/cadence/INCISIVE152/tools/methodology/UVM/CDNS-1.1d/additions/sv/files/tcl/uvm_sim.tcl
ncsim> database -open -shm -into test_wave.shm test_wave -default -event
Created default SHM database test_wave
ncsim> probe -create top_tb.my_dut -depth all -all -database test_wave -waveform
Created probe 1
ncsim> probe -create $uvm:{uvm_test_top} -depth all -tasks -functions -all -database test_wave -waveform
Created probe 2
ncsim> run
----------------------------------------------------------------
CDNS-UVM-1.1d (15.20-p001)
(C) 2007-2013 Mentor Graphics Corporation
(C) 2007-2013 Cadence Design Systems, Inc.
(C) 2006-2013 Synopsys, Inc.
(C) 2011-2013 Cypress Semiconductor Corp.
----------------------------------------------------------------
UVM_INFO @ 0: reporter [RNTST] Running test my_case0...
UVM_INFO ../env/my_driver.sv(39) @ 1100000: uvm_test_top.env.i_agt.drv [my_driver] begin to drive one pkt
UVM_INFO ../env/my_monitor.sv(46) @ 2100000: uvm_test_top.env.i_agt.mon [my_monitor] begin to collect one pkt
UVM_INFO ../env/my_monitor.sv(46) @ 2300000: uvm_test_top.env.o_agt.mon [my_monitor] begin to collect one pkt
UVM_INFO ../env/my_driver.sv(49) @ 148300000: uvm_test_top.env.i_agt.drv [my_driver] end drive one pkt
UVM_INFO ../env/my_driver.sv(39) @ 148300000: uvm_test_top.env.i_agt.drv [my_driver] begin to drive one pkt
UVM_INFO ../env/my_monitor.sv(58) @ 148500000: uvm_test_top.env.i_agt.mon [my_monitor] end collect one pkt
UVM_INFO ../env/my_model.sv(34) @ 148500000: uvm_test_top.env.mdl [my_model] get one transaction, copy and print it:
-------------------------------------------------------
Name               Type            Size  Value         
-------------------------------------------------------
uvm_sequence_item  my_transaction  -     @5041         
  dmac             integral        48    'hd49ab2889e8a
  smac             integral        48    'h6bb01cd73b1f
  ether_type       integral        16    'h7797        
  pload            da(integral)    714   -             
    [0]            integral        8     'h2d          
    [1]            integral        8     'hdc          
    [2]            integral        8     'h85          
    [3]            integral        8     'h81          
    [4]            integral        8     'h28          
    ...            ...             ...   ...           
    [709]          integral        8     'had          
    [710]          integral        8     'hc7          
    [711]          integral        8     'hc5          
    [712]          integral        8     'hee          
    [713]          integral        8     'h91          
  crc              integral        32    'h0           
-------------------------------------------------------
UVM_INFO ../env/my_monitor.sv(58) @ 148700000: uvm_test_top.env.o_agt.mon [my_monitor] end collect one pkt
UVM_INFO ../env/my_scoreboard.sv(40) @ 148700000: uvm_test_top.env.scb [my_scoreboard] Compare SUCCESSFULLY
UVM_INFO ../env/my_monitor.sv(46) @ 149300000: uvm_test_top.env.i_agt.mon [my_monitor] begin to collect one pkt
UVM_INFO ../env/my_monitor.sv(46) @ 149500000: uvm_test_top.env.o_agt.mon [my_monitor] begin to collect one pkt
UVM_INFO ../env/my_driver.sv(49) @ 306300000: uvm_test_top.env.i_agt.drv [my_driver] end drive one pkt
UVM_INFO ../env/my_driver.sv(39) @ 306300000: uvm_test_top.env.i_agt.drv [my_driver] begin to drive one pkt
UVM_INFO ../env/my_monitor.sv(58) @ 306500000: uvm_test_top.env.i_agt.mon [my_monitor] end collect one pkt
UVM_INFO ../env/my_model.sv(34) @ 306500000: uvm_test_top.env.mdl [my_model] get one transaction, copy and print it:
-------------------------------------------------------
Name               Type            Size  Value         
-------------------------------------------------------
uvm_sequence_item  my_transaction  -     @4983         
  dmac             integral        48    'h29602eb81e04
  smac             integral        48    'hb939b023d9e8
  ether_type       integral        16    'h82cd        
  pload            da(integral)    768   -             
    [0]            integral        8     'h80          
    [1]            integral        8     'h4e          
    [2]            integral        8     'hc9          
    [3]            integral        8     'hf2          
    [4]            integral        8     'hff          
    ...            ...             ...   ...           
    [763]          integral        8     'hf9          
    [764]          integral        8     'h53          
    [765]          integral        8     'h82          
    [766]          integral        8     'h5           
    [767]          integral        8     'h3f          
  crc              integral        32    'h0           
-------------------------------------------------------
UVM_INFO ../env/my_monitor.sv(58) @ 306700000: uvm_test_top.env.o_agt.mon [my_monitor] end collect one pkt
UVM_INFO ../env/my_scoreboard.sv(40) @ 306700000: uvm_test_top.env.scb [my_scoreboard] Compare SUCCESSFULLY
UVM_INFO ../env/my_monitor.sv(46) @ 307300000: uvm_test_top.env.i_agt.mon [my_monitor] begin to collect one pkt
UVM_INFO ../env/my_monitor.sv(46) @ 307500000: uvm_test_top.env.o_agt.mon [my_monitor] begin to collect one pkt
UVM_INFO ../env/my_driver.sv(49) @ 406700000: uvm_test_top.env.i_agt.drv [my_driver] end drive one pkt
UVM_INFO ../env/my_driver.sv(39) @ 406700000: uvm_test_top.env.i_agt.drv [my_driver] begin to drive one pkt
UVM_INFO ../env/my_monitor.sv(58) @ 406900000: uvm_test_top.env.i_agt.mon [my_monitor] end collect one pkt
UVM_INFO ../env/my_model.sv(34) @ 406900000: uvm_test_top.env.mdl [my_model] get one transaction, copy and print it:
-------------------------------------------------------
Name               Type            Size  Value         
-------------------------------------------------------
uvm_sequence_item  my_transaction  -     @5039         
  dmac             integral        48    'hc47b3f6457c4
  smac             integral        48    'hb4772a296476
  ether_type       integral        16    'h9080        
  pload            da(integral)    480   -             
    [0]            integral        8     'haf          
    [1]            integral        8     'h4e          
    [2]            integral        8     'h76          
    [3]            integral        8     'h22          
    [4]            integral        8     'he9          
    ...            ...             ...   ...           
    [475]          integral        8     'h55          
    [476]          integral        8     'h9b          
    [477]          integral        8     'h87          
    [478]          integral        8     'h74          
    [479]          integral        8     'h48          
  crc              integral        32    'h0           
-------------------------------------------------------
UVM_INFO ../env/my_monitor.sv(58) @ 407100000: uvm_test_top.env.o_agt.mon [my_monitor] end collect one pkt
UVM_INFO ../env/my_scoreboard.sv(40) @ 407100000: uvm_test_top.env.scb [my_scoreboard] Compare SUCCESSFULLY
UVM_INFO ../env/my_monitor.sv(46) @ 407700000: uvm_test_top.env.i_agt.mon [my_monitor] begin to collect one pkt
UVM_INFO ../env/my_monitor.sv(46) @ 407900000: uvm_test_top.env.o_agt.mon [my_monitor] begin to collect one pkt
UVM_INFO ../env/my_driver.sv(49) @ 671900000: uvm_test_top.env.i_agt.drv [my_driver] end drive one pkt
UVM_INFO ../env/my_driver.sv(39) @ 671900000: uvm_test_top.env.i_agt.drv [my_driver] begin to drive one pkt
UVM_INFO ../env/my_monitor.sv(58) @ 672100000: uvm_test_top.env.i_agt.mon [my_monitor] end collect one pkt
UVM_INFO ../env/my_model.sv(34) @ 672100000: uvm_test_top.env.mdl [my_model] get one transaction, copy and print it:
-------------------------------------------------------
Name               Type            Size  Value         
-------------------------------------------------------
uvm_sequence_item  my_transaction  -     @5029         
  dmac             integral        48    'h1cd737c99d5a
  smac             integral        48    'h3ab38abaf2b1
  ether_type       integral        16    'ha6bc        
  pload            da(integral)    1304  -             
    [0]            integral        8     'hb9          
    [1]            integral        8     'hdd          
    [2]            integral        8     'h8d          
    [3]            integral        8     'h13          
    [4]            integral        8     'he5          
    ...            ...             ...   ...           
    [1299]         integral        8     'he0          
    [1300]         integral        8     'hc5          
    [1301]         integral        8     'h37          
    [1302]         integral        8     'h3f          
    [1303]         integral        8     'h27          
  crc              integral        32    'h0           
-------------------------------------------------------
ncsim: *W,PRDASL: Dynamic array probe on "worklib.$unit_0x0293e262::my_transaction@5029_4.pload" limited to 1000 elements.
UVM_INFO ../env/my_monitor.sv(58) @ 672300000: uvm_test_top.env.o_agt.mon [my_monitor] end collect one pkt
UVM_INFO ../env/my_scoreboard.sv(40) @ 672300000: uvm_test_top.env.scb [my_scoreboard] Compare SUCCESSFULLY
UVM_INFO ../env/my_monitor.sv(46) @ 672900000: uvm_test_top.env.i_agt.mon [my_monitor] begin to collect one pkt
UVM_INFO ../env/my_monitor.sv(46) @ 673100000: uvm_test_top.env.o_agt.mon [my_monitor] begin to collect one pkt
UVM_INFO ../env/my_driver.sv(49) @ 871100000: uvm_test_top.env.i_agt.drv [my_driver] end drive one pkt
UVM_INFO ../env/my_driver.sv(39) @ 871100000: uvm_test_top.env.i_agt.drv [my_driver] begin to drive one pkt
UVM_INFO ../env/my_monitor.sv(58) @ 871300000: uvm_test_top.env.i_agt.mon [my_monitor] end collect one pkt
UVM_INFO ../env/my_model.sv(34) @ 871300000: uvm_test_top.env.mdl [my_model] get one transaction, copy and print it:
-------------------------------------------------------
Name               Type            Size  Value         
-------------------------------------------------------
uvm_sequence_item  my_transaction  -     @5128         
  dmac             integral        48    'h680b06eac341
  smac             integral        48    'h726a366a6742
  ether_type       integral        16    'hb435        
  pload            da(integral)    974   -             
    [0]            integral        8     'h9f          
    [1]            integral        8     'hfa          
    [2]            integral        8     'hc           
    [3]            integral        8     'hc4          
    [4]            integral        8     'hf4          
    ...            ...             ...   ...           
    [969]          integral        8     'h4f          
    [970]          integral        8     'h8b          
    [971]          integral        8     'h7d          
    [972]          integral        8     'h6f          
    [973]          integral        8     'hd9          
  crc              integral        32    'h0           
-------------------------------------------------------
UVM_INFO ../env/my_monitor.sv(58) @ 871500000: uvm_test_top.env.o_agt.mon [my_monitor] end collect one pkt
UVM_INFO ../env/my_scoreboard.sv(40) @ 871500000: uvm_test_top.env.scb [my_scoreboard] Compare SUCCESSFULLY
UVM_INFO ../env/my_monitor.sv(46) @ 872100000: uvm_test_top.env.i_agt.mon [my_monitor] begin to collect one pkt
UVM_INFO ../env/my_monitor.sv(46) @ 872300000: uvm_test_top.env.o_agt.mon [my_monitor] begin to collect one pkt
UVM_INFO ../env/my_driver.sv(49) @ 935700000: uvm_test_top.env.i_agt.drv [my_driver] end drive one pkt
UVM_INFO ../env/my_driver.sv(39) @ 935700000: uvm_test_top.env.i_agt.drv [my_driver] begin to drive one pkt
UVM_INFO ../env/my_monitor.sv(58) @ 935900000: uvm_test_top.env.i_agt.mon [my_monitor] end collect one pkt
UVM_INFO ../env/my_model.sv(34) @ 935900000: uvm_test_top.env.mdl [my_model] get one transaction, copy and print it:
-------------------------------------------------------
Name               Type            Size  Value         
-------------------------------------------------------
uvm_sequence_item  my_transaction  -     @4933         
  dmac             integral        48    'hc49fb1c7c30e
  smac             integral        48    'hd3d80ba0857e
  ether_type       integral        16    'h89ab        
  pload            da(integral)    301   -             
    [0]            integral        8     'h61          
    [1]            integral        8     'ha5          
    [2]            integral        8     'hf5          
    [3]            integral        8     'h36          
    [4]            integral        8     'h15          
    ...            ...             ...   ...           
    [296]          integral        8     'hb5          
    [297]          integral        8     'h7           
    [298]          integral        8     'h1a          
    [299]          integral        8     'h5a          
    [300]          integral        8     'hd2          
  crc              integral        32    'h0           
-------------------------------------------------------
UVM_INFO ../env/my_monitor.sv(58) @ 936100000: uvm_test_top.env.o_agt.mon [my_monitor] end collect one pkt
UVM_INFO ../env/my_scoreboard.sv(40) @ 936100000: uvm_test_top.env.scb [my_scoreboard] Compare SUCCESSFULLY
UVM_INFO ../env/my_monitor.sv(46) @ 936700000: uvm_test_top.env.i_agt.mon [my_monitor] begin to collect one pkt
UVM_INFO ../env/my_monitor.sv(46) @ 936900000: uvm_test_top.env.o_agt.mon [my_monitor] begin to collect one pkt
UVM_INFO ../env/my_driver.sv(49) @ 1217100000: uvm_test_top.env.i_agt.drv [my_driver] end drive one pkt
UVM_INFO ../env/my_driver.sv(39) @ 1217100000: uvm_test_top.env.i_agt.drv [my_driver] begin to drive one pkt
UVM_INFO ../env/my_monitor.sv(58) @ 1217300000: uvm_test_top.env.i_agt.mon [my_monitor] end collect one pkt
UVM_INFO ../env/my_model.sv(34) @ 1217300000: uvm_test_top.env.mdl [my_model] get one transaction, copy and print it:
-------------------------------------------------------
Name               Type            Size  Value         
-------------------------------------------------------
uvm_sequence_item  my_transaction  -     @4928         
  dmac             integral        48    'hf016fe7c6565
  smac             integral        48    'h9fad164f7fbd
  ether_type       integral        16    'h1a57        
  pload            da(integral)    1385  -             
    [0]            integral        8     'hfe          
    [1]            integral        8     'hde          
    [2]            integral        8     'h48          
    [3]            integral        8     'h67          
    [4]            integral        8     'h48          
    ...            ...             ...   ...           
    [1380]         integral        8     'h16          
    [1381]         integral        8     'h7d          
    [1382]         integral        8     'h98          
    [1383]         integral        8     'haa          
    [1384]         integral        8     'h25          
  crc              integral        32    'h0           
-------------------------------------------------------
ncsim: *W,PRDASL: Dynamic array probe on "worklib.$unit_0x0293e262::my_transaction@4928_14.pload" limited to 1000 elements.
UVM_INFO ../env/my_monitor.sv(58) @ 1217500000: uvm_test_top.env.o_agt.mon [my_monitor] end collect one pkt
UVM_INFO ../env/my_scoreboard.sv(40) @ 1217500000: uvm_test_top.env.scb [my_scoreboard] Compare SUCCESSFULLY
UVM_INFO ../env/my_monitor.sv(46) @ 1218100000: uvm_test_top.env.i_agt.mon [my_monitor] begin to collect one pkt
UVM_INFO ../env/my_monitor.sv(46) @ 1218300000: uvm_test_top.env.o_agt.mon [my_monitor] begin to collect one pkt
UVM_INFO ../env/my_driver.sv(49) @ 1355500000: uvm_test_top.env.i_agt.drv [my_driver] end drive one pkt
UVM_INFO ../env/my_driver.sv(39) @ 1355500000: uvm_test_top.env.i_agt.drv [my_driver] begin to drive one pkt
UVM_INFO ../env/my_monitor.sv(58) @ 1355700000: uvm_test_top.env.i_agt.mon [my_monitor] end collect one pkt
UVM_INFO ../env/my_model.sv(34) @ 1355700000: uvm_test_top.env.mdl [my_model] get one transaction, copy and print it:
-------------------------------------------------------
Name               Type            Size  Value         
-------------------------------------------------------
uvm_sequence_item  my_transaction  -     @5129         
  dmac             integral        48    'h2eaadbc76d77
  smac             integral        48    'h87a254cbccbd
  ether_type       integral        16    'ha332        
  pload            da(integral)    670   -             
    [0]            integral        8     'h78          
    [1]            integral        8     'ha5          
    [2]            integral        8     'h4           
    [3]            integral        8     'h59          
    [4]            integral        8     'h8e          
    ...            ...             ...   ...           
    [665]          integral        8     'hed          
    [666]          integral        8     'h7d          
    [667]          integral        8     'h7b          
    [668]          integral        8     'hb4          
    [669]          integral        8     'hde          
  crc              integral        32    'h0           
-------------------------------------------------------
UVM_INFO ../env/my_monitor.sv(58) @ 1355900000: uvm_test_top.env.o_agt.mon [my_monitor] end collect one pkt
UVM_INFO ../env/my_scoreboard.sv(40) @ 1355900000: uvm_test_top.env.scb [my_scoreboard] Compare SUCCESSFULLY
UVM_INFO ../env/my_monitor.sv(46) @ 1356500000: uvm_test_top.env.i_agt.mon [my_monitor] begin to collect one pkt
UVM_INFO ../env/my_monitor.sv(46) @ 1356700000: uvm_test_top.env.o_agt.mon [my_monitor] begin to collect one pkt
UVM_INFO ../env/my_driver.sv(49) @ 1573500000: uvm_test_top.env.i_agt.drv [my_driver] end drive one pkt
UVM_INFO ../env/my_driver.sv(39) @ 1573500000: uvm_test_top.env.i_agt.drv [my_driver] begin to drive one pkt
UVM_INFO ../env/my_monitor.sv(58) @ 1573700000: uvm_test_top.env.i_agt.mon [my_monitor] end collect one pkt
UVM_INFO ../env/my_model.sv(34) @ 1573700000: uvm_test_top.env.mdl [my_model] get one transaction, copy and print it:
-------------------------------------------------------
Name               Type            Size  Value         
-------------------------------------------------------
uvm_sequence_item  my_transaction  -     @5149         
  dmac             integral        48    'h46b6c90b5cb8
  smac             integral        48    'h17bf23b8916b
  ether_type       integral        16    'h743d        
  pload            da(integral)    1068  -             
    [0]            integral        8     'hcd          
    [1]            integral        8     'hfb          
    [2]            integral        8     'h29          
    [3]            integral        8     'hc           
    [4]            integral        8     'he7          
    ...            ...             ...   ...           
    [1063]         integral        8     'h40          
    [1064]         integral        8     'ha2          
    [1065]         integral        8     'h57          
    [1066]         integral        8     'hf8          
    [1067]         integral        8     'h1c          
  crc              integral        32    'h0           
-------------------------------------------------------
ncsim: *W,PRDASL: Dynamic array probe on "worklib.$unit_0x0293e262::my_transaction@5149_60.pload" limited to 1000 elements.
UVM_INFO ../env/my_monitor.sv(58) @ 1573900000: uvm_test_top.env.o_agt.mon [my_monitor] end collect one pkt
UVM_INFO ../env/my_scoreboard.sv(40) @ 1573900000: uvm_test_top.env.scb [my_scoreboard] Compare SUCCESSFULLY
UVM_INFO ../env/my_monitor.sv(46) @ 1574500000: uvm_test_top.env.i_agt.mon [my_monitor] begin to collect one pkt
UVM_INFO ../env/my_monitor.sv(46) @ 1574700000: uvm_test_top.env.o_agt.mon [my_monitor] begin to collect one pkt
UVM_INFO ../env/my_driver.sv(49) @ 1640300000: uvm_test_top.env.i_agt.drv [my_driver] end drive one pkt
TEST CASE PASSED

--- UVM Report catcher Summary ---


Number of demoted UVM_FATAL reports  :    0
Number of demoted UVM_ERROR reports  :    0
Number of demoted UVM_WARNING reports:    0
Number of caught UVM_FATAL reports   :    0
Number of caught UVM_ERROR reports   :    0
Number of caught UVM_WARNING reports :    0

--- UVM Report Summary ---

** Report counts by severity
UVM_INFO :   77
UVM_WARNING :    0
UVM_ERROR :    0
UVM_FATAL :    0
** Report counts by id
[RNTST]     1
[my_driver]    20
[my_model]     9
[my_monitor]    38
[my_scoreboard]     9
Simulation complete via $finish(1) at time 1640400 NS + 85
/home/cadence/INCISIVE152/tools/methodology/UVM/CDNS-1.1d/sv/src/base/uvm_root.svh:457     $finish;
ncsim> exit

coverage setup:
  workdir  :  ./cov_work
  dutinst  :  top_tb(top_tb)
  scope    :  scope
  testname :  my_case0

coverage files:
  model(design data) :  ./cov_work/scope/icc_60cf2570_00000000.ucm (reused)
  data               :  ./cov_work/scope/my_case0/icc_60cf2570_00000000.ucd
  cpu                :  0.0s system + 0.0s user = 0.0s total
ncsim: Memory Usage - 35.7M program + 267.7M data = 303.4M total (312.2M Peak)
ncsim: CPU Usage - 0.1s system + 0.4s user = 0.4s total (0.4s, 98.5% cpu)
TOOL:	irun(64)	15.20-p001: Exiting on Apr 19, 2024 at 18:37:54 CST  (total: 00:00:01)
