TOOL:	irun(64)	15.20-p001: Started on Apr 19, 2024 at 18:37:54 CST
irun
	-messages
	-nocopyright
	-64bit
	-sv
	-uvm
	-update
	-define CONFIG_FOR_SIM
	-work worklib
	-l sim_logs/my_case1_sim.log
	-sem2009
	-errormax 15
	-access +rwc
	-input probe_wave.tcl
	-covtest my_case1
	-timescale 1ns/1ns
	-coverage all
	-covoverwrite
	-status
	+UVM_NO_RELNOTES
	+UVM_TESTNAME=my_case1
	-incdir ../../../dut
	-incdir ../env
	-incdir ../top
	../../../dut/dut.sv
	../top/top_tb.sv

   User defined plus("+") options:
	+UVM_NO_RELNOTES

Loading snapshot worklib.top_tb:sv .................... Done
SVSEED default: 1
ncsim: *W,DSEM2009: This SystemVerilog design is simulated as per IEEE 1800-2009 SystemVerilog simulation semantics. Use -disable_sem2009 option for turning off SV 2009 simulation semantics.
ncsim> source /home/cadence/INCISIVE152/tools/inca/files/ncsimrc
ncsim> source /home/cadence/INCISIVE152/tools/methodology/UVM/CDNS-1.1d/additions/sv/files/tcl/uvm_sim.tcl
ncsim> database -open -shm -into test_wave.shm test_wave -default -event
Created default SHM database test_wave
ncsim> probe -create top_tb.my_dut -depth all -all -database test_wave -waveform
Created probe 1
ncsim> probe -create $uvm:{uvm_test_top} -depth all -tasks -functions -all -database test_wave -waveform
Created probe 2
ncsim> run
----------------------------------------------------------------
CDNS-UVM-1.1d (15.20-p001)
(C) 2007-2013 Mentor Graphics Corporation
(C) 2007-2013 Cadence Design Systems, Inc.
(C) 2006-2013 Synopsys, Inc.
(C) 2011-2013 Cypress Semiconductor Corp.
----------------------------------------------------------------
UVM_INFO @ 0: reporter [RNTST] Running test my_case1...
UVM_INFO ../env/my_driver.sv(39) @ 1100000: uvm_test_top.env.i_agt.drv [my_driver] begin to drive one pkt
UVM_INFO ../env/my_monitor.sv(46) @ 2100000: uvm_test_top.env.i_agt.mon [my_monitor] begin to collect one pkt
UVM_INFO ../env/my_monitor.sv(46) @ 2300000: uvm_test_top.env.o_agt.mon [my_monitor] begin to collect one pkt
UVM_INFO ../env/my_driver.sv(49) @ 17500000: uvm_test_top.env.i_agt.drv [my_driver] end drive one pkt
UVM_INFO ../env/my_driver.sv(39) @ 17500000: uvm_test_top.env.i_agt.drv [my_driver] begin to drive one pkt
UVM_INFO ../env/my_monitor.sv(58) @ 17700000: uvm_test_top.env.i_agt.mon [my_monitor] end collect one pkt
UVM_INFO ../env/my_model.sv(34) @ 17700000: uvm_test_top.env.mdl [my_model] get one transaction, copy and print it:
-------------------------------------------------------
Name               Type            Size  Value         
-------------------------------------------------------
uvm_sequence_item  my_transaction  -     @5041         
  dmac             integral        48    'h20ff00cdcb3f
  smac             integral        48    'hf7ba20249ce3
  ether_type       integral        16    'he896        
  pload            da(integral)    60    -             
    [0]            integral        8     'h3a          
    [1]            integral        8     'hb2          
    [2]            integral        8     'hfb          
    [3]            integral        8     'h19          
    [4]            integral        8     'hc0          
    ...            ...             ...   ...           
    [55]           integral        8     'hf           
    [56]           integral        8     'hda          
    [57]           integral        8     'h68          
    [58]           integral        8     'hb6          
    [59]           integral        8     'hf7          
  crc              integral        32    'h0           
-------------------------------------------------------
UVM_INFO ../env/my_monitor.sv(58) @ 17900000: uvm_test_top.env.o_agt.mon [my_monitor] end collect one pkt
UVM_INFO ../env/my_scoreboard.sv(40) @ 17900000: uvm_test_top.env.scb [my_scoreboard] Compare SUCCESSFULLY
UVM_INFO ../env/my_monitor.sv(46) @ 18500000: uvm_test_top.env.i_agt.mon [my_monitor] begin to collect one pkt
UVM_INFO ../env/my_monitor.sv(46) @ 18700000: uvm_test_top.env.o_agt.mon [my_monitor] begin to collect one pkt
UVM_INFO ../env/my_driver.sv(49) @ 33900000: uvm_test_top.env.i_agt.drv [my_driver] end drive one pkt
UVM_INFO ../env/my_driver.sv(39) @ 33900000: uvm_test_top.env.i_agt.drv [my_driver] begin to drive one pkt
UVM_INFO ../env/my_monitor.sv(58) @ 34100000: uvm_test_top.env.i_agt.mon [my_monitor] end collect one pkt
UVM_INFO ../env/my_model.sv(34) @ 34100000: uvm_test_top.env.mdl [my_model] get one transaction, copy and print it:
-------------------------------------------------------
Name               Type            Size  Value         
-------------------------------------------------------
uvm_sequence_item  my_transaction  -     @4983         
  dmac             integral        48    'hf9e1679b6d6f
  smac             integral        48    'hba2674e237a0
  ether_type       integral        16    'h8db7        
  pload            da(integral)    60    -             
    [0]            integral        8     'h8c          
    [1]            integral        8     'h24          
    [2]            integral        8     'h3e          
    [3]            integral        8     'h89          
    [4]            integral        8     'h97          
    ...            ...             ...   ...           
    [55]           integral        8     'h9a          
    [56]           integral        8     'he8          
    [57]           integral        8     'h3b          
    [58]           integral        8     'hf0          
    [59]           integral        8     'ha5          
  crc              integral        32    'h0           
-------------------------------------------------------
UVM_INFO ../env/my_monitor.sv(58) @ 34300000: uvm_test_top.env.o_agt.mon [my_monitor] end collect one pkt
UVM_INFO ../env/my_scoreboard.sv(40) @ 34300000: uvm_test_top.env.scb [my_scoreboard] Compare SUCCESSFULLY
UVM_INFO ../env/my_monitor.sv(46) @ 34900000: uvm_test_top.env.i_agt.mon [my_monitor] begin to collect one pkt
UVM_INFO ../env/my_monitor.sv(46) @ 35100000: uvm_test_top.env.o_agt.mon [my_monitor] begin to collect one pkt
UVM_INFO ../env/my_driver.sv(49) @ 50300000: uvm_test_top.env.i_agt.drv [my_driver] end drive one pkt
UVM_INFO ../env/my_driver.sv(39) @ 50300000: uvm_test_top.env.i_agt.drv [my_driver] begin to drive one pkt
UVM_INFO ../env/my_monitor.sv(58) @ 50500000: uvm_test_top.env.i_agt.mon [my_monitor] end collect one pkt
UVM_INFO ../env/my_model.sv(34) @ 50500000: uvm_test_top.env.mdl [my_model] get one transaction, copy and print it:
-------------------------------------------------------
Name               Type            Size  Value         
-------------------------------------------------------
uvm_sequence_item  my_transaction  -     @5039         
  dmac             integral        48    'h804553da5e2d
  smac             integral        48    'h7e83da37815b
  ether_type       integral        16    'h508c        
  pload            da(integral)    60    -             
    [0]            integral        8     'hbb          
    [1]            integral        8     'h24          
    [2]            integral        8     'heb          
    [3]            integral        8     'hba          
    [4]            integral        8     'h81          
    ...            ...             ...   ...           
    [55]           integral        8     'h62          
    [56]           integral        8     'h9b          
    [57]           integral        8     'he9          
    [58]           integral        8     'hf3          
    [59]           integral        8     'h12          
  crc              integral        32    'h0           
-------------------------------------------------------
UVM_INFO ../env/my_monitor.sv(58) @ 50700000: uvm_test_top.env.o_agt.mon [my_monitor] end collect one pkt
UVM_INFO ../env/my_scoreboard.sv(40) @ 50700000: uvm_test_top.env.scb [my_scoreboard] Compare SUCCESSFULLY
UVM_INFO ../env/my_monitor.sv(46) @ 51300000: uvm_test_top.env.i_agt.mon [my_monitor] begin to collect one pkt
UVM_INFO ../env/my_monitor.sv(46) @ 51500000: uvm_test_top.env.o_agt.mon [my_monitor] begin to collect one pkt
UVM_INFO ../env/my_driver.sv(49) @ 66700000: uvm_test_top.env.i_agt.drv [my_driver] end drive one pkt
UVM_INFO ../env/my_driver.sv(39) @ 66700000: uvm_test_top.env.i_agt.drv [my_driver] begin to drive one pkt
UVM_INFO ../env/my_monitor.sv(58) @ 66900000: uvm_test_top.env.i_agt.mon [my_monitor] end collect one pkt
UVM_INFO ../env/my_model.sv(34) @ 66900000: uvm_test_top.env.mdl [my_model] get one transaction, copy and print it:
-------------------------------------------------------
Name               Type            Size  Value         
-------------------------------------------------------
uvm_sequence_item  my_transaction  -     @5029         
  dmac             integral        48    'hb42ac58a9d78
  smac             integral        48    'h44cf50247a13
  ether_type       integral        16    'h3114        
  pload            da(integral)    60    -             
    [0]            integral        8     'hc5          
    [1]            integral        8     'hb3          
    [2]            integral        8     'h2           
    [3]            integral        8     'haa          
    [4]            integral        8     'h7d          
    ...            ...             ...   ...           
    [55]           integral        8     'h65          
    [56]           integral        8     'hf3          
    [57]           integral        8     'h73          
    [58]           integral        8     'hbd          
    [59]           integral        8     'h3d          
  crc              integral        32    'h0           
-------------------------------------------------------
UVM_INFO ../env/my_monitor.sv(58) @ 67100000: uvm_test_top.env.o_agt.mon [my_monitor] end collect one pkt
UVM_INFO ../env/my_scoreboard.sv(40) @ 67100000: uvm_test_top.env.scb [my_scoreboard] Compare SUCCESSFULLY
UVM_INFO ../env/my_monitor.sv(46) @ 67700000: uvm_test_top.env.i_agt.mon [my_monitor] begin to collect one pkt
UVM_INFO ../env/my_monitor.sv(46) @ 67900000: uvm_test_top.env.o_agt.mon [my_monitor] begin to collect one pkt
UVM_INFO ../env/my_driver.sv(49) @ 83100000: uvm_test_top.env.i_agt.drv [my_driver] end drive one pkt
UVM_INFO ../env/my_driver.sv(39) @ 83100000: uvm_test_top.env.i_agt.drv [my_driver] begin to drive one pkt
UVM_INFO ../env/my_monitor.sv(58) @ 83300000: uvm_test_top.env.i_agt.mon [my_monitor] end collect one pkt
UVM_INFO ../env/my_model.sv(34) @ 83300000: uvm_test_top.env.mdl [my_model] get one transaction, copy and print it:
-------------------------------------------------------
Name               Type            Size  Value         
-------------------------------------------------------
uvm_sequence_item  my_transaction  -     @5128         
  dmac             integral        48    'h9591bcac2b50
  smac             integral        48    'hd0cd6a921ca 
  ether_type       integral        16    'h2f50        
  pload            da(integral)    60    -             
    [0]            integral        8     'hab          
    [1]            integral        8     'hd0          
    [2]            integral        8     'h81          
    [3]            integral        8     'h5c          
    [4]            integral        8     'h8b          
    ...            ...             ...   ...           
    [55]           integral        8     'ha4          
    [56]           integral        8     'hf1          
    [57]           integral        8     'hd9          
    [58]           integral        8     'h50          
    [59]           integral        8     'h28          
  crc              integral        32    'h0           
-------------------------------------------------------
UVM_INFO ../env/my_monitor.sv(58) @ 83500000: uvm_test_top.env.o_agt.mon [my_monitor] end collect one pkt
UVM_INFO ../env/my_scoreboard.sv(40) @ 83500000: uvm_test_top.env.scb [my_scoreboard] Compare SUCCESSFULLY
UVM_INFO ../env/my_monitor.sv(46) @ 84100000: uvm_test_top.env.i_agt.mon [my_monitor] begin to collect one pkt
UVM_INFO ../env/my_monitor.sv(46) @ 84300000: uvm_test_top.env.o_agt.mon [my_monitor] begin to collect one pkt
UVM_INFO ../env/my_driver.sv(49) @ 99500000: uvm_test_top.env.i_agt.drv [my_driver] end drive one pkt
UVM_INFO ../env/my_driver.sv(39) @ 99500000: uvm_test_top.env.i_agt.drv [my_driver] begin to drive one pkt
UVM_INFO ../env/my_monitor.sv(58) @ 99700000: uvm_test_top.env.i_agt.mon [my_monitor] end collect one pkt
UVM_INFO ../env/my_model.sv(34) @ 99700000: uvm_test_top.env.mdl [my_model] get one transaction, copy and print it:
-------------------------------------------------------
Name               Type            Size  Value         
-------------------------------------------------------
uvm_sequence_item  my_transaction  -     @4933         
  dmac             integral        48    'h247a393f07b5
  smac             integral        48    'hd7386dc5787e
  ether_type       integral        16    'h4b40        
  pload            da(integral)    60    -             
    [0]            integral        8     'h6d          
    [1]            integral        8     'h7b          
    [2]            integral        8     'h6a          
    [3]            integral        8     'hcd          
    [4]            integral        8     'had          
    ...            ...             ...   ...           
    [55]           integral        8     'h20          
    [56]           integral        8     'h93          
    [57]           integral        8     'h1b          
    [58]           integral        8     'hab          
    [59]           integral        8     'hd0          
  crc              integral        32    'h0           
-------------------------------------------------------
UVM_INFO ../env/my_monitor.sv(58) @ 99900000: uvm_test_top.env.o_agt.mon [my_monitor] end collect one pkt
UVM_INFO ../env/my_scoreboard.sv(40) @ 99900000: uvm_test_top.env.scb [my_scoreboard] Compare SUCCESSFULLY
UVM_INFO ../env/my_monitor.sv(46) @ 100500000: uvm_test_top.env.i_agt.mon [my_monitor] begin to collect one pkt
UVM_INFO ../env/my_monitor.sv(46) @ 100700000: uvm_test_top.env.o_agt.mon [my_monitor] begin to collect one pkt
UVM_INFO ../env/my_driver.sv(49) @ 115900000: uvm_test_top.env.i_agt.drv [my_driver] end drive one pkt
UVM_INFO ../env/my_driver.sv(39) @ 115900000: uvm_test_top.env.i_agt.drv [my_driver] begin to drive one pkt
UVM_INFO ../env/my_monitor.sv(58) @ 116100000: uvm_test_top.env.i_agt.mon [my_monitor] end collect one pkt
UVM_INFO ../env/my_model.sv(34) @ 116100000: uvm_test_top.env.mdl [my_model] get one transaction, copy and print it:
-------------------------------------------------------
Name               Type            Size  Value         
-------------------------------------------------------
uvm_sequence_item  my_transaction  -     @4928         
  dmac             integral        48    'h60e43b4332a7
  smac             integral        48    'ha35515797e30
  ether_type       integral        16    'h84e4        
  pload            da(integral)    60    -             
    [0]            integral        8     'hb           
    [1]            integral        8     'hb4          
    [2]            integral        8     'hbd          
    [3]            integral        8     'hff          
    [4]            integral        8     'he0          
    ...            ...             ...   ...           
    [55]           integral        8     'hd8          
    [56]           integral        8     'hda          
    [57]           integral        8     'h38          
    [58]           integral        8     'hce          
    [59]           integral        8     'h38          
  crc              integral        32    'h0           
-------------------------------------------------------
UVM_INFO ../env/my_monitor.sv(58) @ 116300000: uvm_test_top.env.o_agt.mon [my_monitor] end collect one pkt
UVM_INFO ../env/my_scoreboard.sv(40) @ 116300000: uvm_test_top.env.scb [my_scoreboard] Compare SUCCESSFULLY
UVM_INFO ../env/my_monitor.sv(46) @ 116900000: uvm_test_top.env.i_agt.mon [my_monitor] begin to collect one pkt
UVM_INFO ../env/my_monitor.sv(46) @ 117100000: uvm_test_top.env.o_agt.mon [my_monitor] begin to collect one pkt
UVM_INFO ../env/my_driver.sv(49) @ 132300000: uvm_test_top.env.i_agt.drv [my_driver] end drive one pkt
UVM_INFO ../env/my_driver.sv(39) @ 132300000: uvm_test_top.env.i_agt.drv [my_driver] begin to drive one pkt
UVM_INFO ../env/my_monitor.sv(58) @ 132500000: uvm_test_top.env.i_agt.mon [my_monitor] end collect one pkt
UVM_INFO ../env/my_model.sv(34) @ 132500000: uvm_test_top.env.mdl [my_model] get one transaction, copy and print it:
-------------------------------------------------------
Name               Type            Size  Value         
-------------------------------------------------------
uvm_sequence_item  my_transaction  -     @5129         
  dmac             integral        48    'h4ad0c2b8ac27
  smac             integral        48    'h7162cdc532df
  ether_type       integral        16    'hdc3c        
  pload            da(integral)    60    -             
    [0]            integral        8     'h84          
    [1]            integral        8     'h7b          
    [2]            integral        8     'h79          
    [3]            integral        8     'hf1          
    [4]            integral        8     'h26          
    ...            ...             ...   ...           
    [55]           integral        8     'hcc          
    [56]           integral        8     'hc6          
    [57]           integral        8     'h31          
    [58]           integral        8     'hba          
    [59]           integral        8     'h5e          
  crc              integral        32    'h0           
-------------------------------------------------------
UVM_INFO ../env/my_monitor.sv(58) @ 132700000: uvm_test_top.env.o_agt.mon [my_monitor] end collect one pkt
UVM_INFO ../env/my_scoreboard.sv(40) @ 132700000: uvm_test_top.env.scb [my_scoreboard] Compare SUCCESSFULLY
UVM_INFO ../env/my_monitor.sv(46) @ 133300000: uvm_test_top.env.i_agt.mon [my_monitor] begin to collect one pkt
UVM_INFO ../env/my_monitor.sv(46) @ 133500000: uvm_test_top.env.o_agt.mon [my_monitor] begin to collect one pkt
UVM_INFO ../env/my_driver.sv(49) @ 148700000: uvm_test_top.env.i_agt.drv [my_driver] end drive one pkt
UVM_INFO ../env/my_driver.sv(39) @ 148700000: uvm_test_top.env.i_agt.drv [my_driver] begin to drive one pkt
UVM_INFO ../env/my_monitor.sv(58) @ 148900000: uvm_test_top.env.i_agt.mon [my_monitor] end collect one pkt
UVM_INFO ../env/my_model.sv(34) @ 148900000: uvm_test_top.env.mdl [my_model] get one transaction, copy and print it:
-------------------------------------------------------
Name               Type            Size  Value         
-------------------------------------------------------
uvm_sequence_item  my_transaction  -     @5149         
  dmac             integral        48    'he23ecf9f7433
  smac             integral        48    'h416096a8968d
  ether_type       integral        16    'h5147        
  pload            da(integral)    60    -             
    [0]            integral        8     'hd9          
    [1]            integral        8     'hd1          
    [2]            integral        8     'h9e          
    [3]            integral        8     'ha3          
    [4]            integral        8     'h7f          
    ...            ...             ...   ...           
    [55]           integral        8     'hfc          
    [56]           integral        8     'h57          
    [57]           integral        8     'h6           
    [58]           integral        8     'h6d          
    [59]           integral        8     'h42          
  crc              integral        32    'h0           
-------------------------------------------------------
UVM_INFO ../env/my_monitor.sv(58) @ 149100000: uvm_test_top.env.o_agt.mon [my_monitor] end collect one pkt
UVM_INFO ../env/my_scoreboard.sv(40) @ 149100000: uvm_test_top.env.scb [my_scoreboard] Compare SUCCESSFULLY
UVM_INFO ../env/my_monitor.sv(46) @ 149700000: uvm_test_top.env.i_agt.mon [my_monitor] begin to collect one pkt
UVM_INFO ../env/my_monitor.sv(46) @ 149900000: uvm_test_top.env.o_agt.mon [my_monitor] begin to collect one pkt
UVM_INFO ../env/my_driver.sv(49) @ 165100000: uvm_test_top.env.i_agt.drv [my_driver] end drive one pkt
TEST CASE PASSED

--- UVM Report catcher Summary ---


Number of demoted UVM_FATAL reports  :    0
Number of demoted UVM_ERROR reports  :    0
Number of demoted UVM_WARNING reports:    0
Number of caught UVM_FATAL reports   :    0
Number of caught UVM_ERROR reports   :    0
Number of caught UVM_WARNING reports :    0

--- UVM Report Summary ---

** Report counts by severity
UVM_INFO :   77
UVM_WARNING :    0
UVM_ERROR :    0
UVM_FATAL :    0
** Report counts by id
[RNTST]     1
[my_driver]    20
[my_model]     9
[my_monitor]    38
[my_scoreboard]     9
Simulation complete via $finish(1) at time 165200 NS + 85
/home/cadence/INCISIVE152/tools/methodology/UVM/CDNS-1.1d/sv/src/base/uvm_root.svh:457     $finish;
ncsim> exit

coverage setup:
  workdir  :  ./cov_work
  dutinst  :  top_tb(top_tb)
  scope    :  scope
  testname :  my_case1

coverage files:
  model(design data) :  ./cov_work/scope/icc_60cf2570_00000000.ucm (reused)
  data               :  ./cov_work/scope/my_case1/icc_60cf2570_00000000.ucd
  cpu                :  0.0s system + 0.0s user = 0.0s total
ncsim: Memory Usage - 35.7M program + 267.5M data = 303.2M total (311.2M Peak)
ncsim: CPU Usage - 0.0s system + 0.4s user = 0.4s total (0.4s, 98.7% cpu)
TOOL:	irun(64)	15.20-p001: Exiting on Apr 19, 2024 at 18:37:54 CST  (total: 00:00:00)
